0 info it worked if it ends with ok
1 verbose cli [ 'C:\\Program Files\\nodejs\\node.exe',
1 verbose cli   'C:\\Program Files\\nodejs\\node_modules\\npm\\bin\\npm-cli.js',
1 verbose cli   'start' ]
2 info using npm@4.1.2
3 info using node@v7.7.1
4 verbose run-script [ 'prestart', 'start', 'poststart' ]
5 info lifecycle HavenKitPlatform@0.0.0~prestart: HavenKitPlatform@0.0.0
6 silly lifecycle HavenKitPlatform@0.0.0~prestart: no script for prestart, continuing
7 info lifecycle HavenKitPlatform@0.0.0~start: HavenKitPlatform@0.0.0
8 verbose lifecycle HavenKitPlatform@0.0.0~start: unsafe-perm in lifecycle true
9 verbose lifecycle HavenKitPlatform@0.0.0~start: PATH: C:\Program Files\nodejs\node_modules\npm\bin\node-gyp-bin;C:\HewlettPackardEnterprise\HavenKitPlatform\node_modules\.bin;C:\windows\system32;C:\windows;C:\windows\System32\Wbem;C:\windows\System32\WindowsPowerShell\v1.0\;C:\windows\System32\WindowsPowerShell\v1.0\;C:\Program Files\Java\jdk1.7.0_79\bin;C:\Program Files\Git\bin;C:\Program Files\apache-maven-3.3.9\bin;C:\Program Files\nodejs\;C:\HewlettPackardEnterprise\KeyviewFilterSDK-11.2.0\WINDOWS_X86_64\bin\KeyViewFilter.dll;C:\Users\krsarkar\Downloads\nssm-2.24\win64;C:\Python27;C:\Program Files\Vertica Systems\VSQL64;C:\windows\System32\WindowsPowerShell\v1.0\;C:\HewlettPackardEnterprise\HavenKitPlatform\module\cmd.exe;C:\HewlettPackardEnterprise\dropbox;C:\Program Files (x86)\HPE\Unified Functional Testing\bin;C:\ffmpeg-3.2.4-win64-static\bin;C:\Users\krsarkar\AppData\Roaming\npm
10 verbose lifecycle HavenKitPlatform@0.0.0~start: CWD: C:\HewlettPackardEnterprise\HavenKitPlatform
11 silly lifecycle HavenKitPlatform@0.0.0~start: Args: [ '/d /s /c', 'nodemon ./bin/www' ]
12 verbose stack Error: kill ENOSYS
12 verbose stack     at exports._errnoException (util.js:1029:11)
12 verbose stack     at process.kill (internal/process.js:188:13)
12 verbose stack     at process.listener (C:\Program Files\nodejs\node_modules\npm\node_modules\npmlog\node_modules\gauge\node_modules\signal-exit\index.js:95:15)
12 verbose stack     at emitNone (events.js:86:13)
12 verbose stack     at process.emit (events.js:188:7)
12 verbose stack     at processEmit (C:\Program Files\nodejs\node_modules\npm\node_modules\npmlog\node_modules\gauge\node_modules\signal-exit\index.js:155:32)
12 verbose stack     at Signal.wrap.onsignal (internal/process.js:215:44)
13 verbose cwd C:\HewlettPackardEnterprise\HavenKitPlatform
14 error Windows_NT 6.1.7601
15 error argv "C:\\Program Files\\nodejs\\node.exe" "C:\\Program Files\\nodejs\\node_modules\\npm\\bin\\npm-cli.js" "start"
16 error node v7.7.1
17 error npm  v4.1.2
18 error code ENOSYS
19 error errno ENOSYS
20 error syscall kill
21 error kill ENOSYS
22 error If you need help, you may report this error at:
22 error     <https://github.com/npm/npm/issues>
23 verbose exit [ 1, true ]
