C:\HewlettPackardEnterprise\face-extraction-app\node_modules\node-windows\lib\wrapper.js:177
    child.send('shutdown');
         ^

TypeError: Cannot read property 'send' of null
    at process.killkid (C:\HewlettPackardEnterprise\face-extraction-app\node_modules\node-windows\lib\wrapper.js:177:10)
    at emitNone (events.js:86:13)
    at process.emit (events.js:188:7)
    at Signal.wrap.onsignal (internal/process.js:215:44)
C:\HewlettPackardEnterprise\face-extraction-app\node_modules\node-windows\lib\wrapper.js:177
    child.send('shutdown');
         ^

TypeError: Cannot read property 'send' of null
    at process.killkid (C:\HewlettPackardEnterprise\face-extraction-app\node_modules\node-windows\lib\wrapper.js:177:10)
    at emitNone (events.js:86:13)
    at process.emit (events.js:188:7)
    at Signal.wrap.onsignal (internal/process.js:215:44)
C:\HewlettPackardEnterprise\face-extraction-app\node_modules\node-windows\lib\wrapper.js:177
    child.send('shutdown');
         ^

TypeError: Cannot read property 'send' of null
    at process.killkid (C:\HewlettPackardEnterprise\face-extraction-app\node_modules\node-windows\lib\wrapper.js:177:10)
    at emitNone (events.js:86:13)
    at process.emit (events.js:188:7)
    at Signal.wrap.onsignal (internal/process.js:215:44)
C:\HewlettPackardEnterprise\face-extraction-app\node_modules\node-windows\lib\wrapper.js:177
    child.send('shutdown');
         ^

TypeError: Cannot read property 'send' of null
    at process.killkid (C:\HewlettPackardEnterprise\face-extraction-app\node_modules\node-windows\lib\wrapper.js:177:10)
    at emitNone (events.js:86:13)
    at process.emit (events.js:188:7)
    at Signal.wrap.onsignal (internal/process.js:215:44)
C:\HewlettPackardEnterprise\face-extraction-app\node_modules\node-windows\lib\wrapper.js:177
    child.send('shutdown');
         ^

TypeError: Cannot read property 'send' of null
    at process.killkid (C:\HewlettPackardEnterprise\face-extraction-app\node_modules\node-windows\lib\wrapper.js:177:10)
    at emitNone (events.js:86:13)
    at process.emit (events.js:188:7)
    at Signal.wrap.onsignal (internal/process.js:215:44)
C:\HewlettPackardEnterprise\face-extraction-app\node_modules\node-windows\lib\wrapper.js:177
    child.send('shutdown');
         ^

TypeError: Cannot read property 'send' of null
    at process.killkid (C:\HewlettPackardEnterprise\face-extraction-app\node_modules\node-windows\lib\wrapper.js:177:10)
    at emitNone (events.js:86:13)
    at process.emit (events.js:188:7)
    at Signal.wrap.onsignal (internal/process.js:215:44)
events.js:163
      throw er; // Unhandled 'error' event
      ^

Error: listen EADDRINUSE :::14020
    at Object.exports._errnoException (util.js:1029:11)
    at exports._exceptionWithHostPort (util.js:1052:20)
    at Server._listen2 (net.js:1264:14)
    at listen (net.js:1300:10)
    at Server.listen (net.js:1378:9)
    at Object.<anonymous> (C:\HewlettPackardEnterprise\face-extraction-app\videoActionsServer.js:220:43)
    at Module._compile (module.js:571:32)
    at Object.Module._extensions..js (module.js:580:10)
    at Module.load (module.js:488:32)
    at tryModuleLoad (module.js:447:12)
events.js:163
      throw er; // Unhandled 'error' event
      ^

Error: listen EADDRINUSE :::14020
    at Object.exports._errnoException (util.js:1029:11)
    at exports._exceptionWithHostPort (util.js:1052:20)
    at Server._listen2 (net.js:1264:14)
    at listen (net.js:1300:10)
    at Server.listen (net.js:1378:9)
    at Object.<anonymous> (C:\HewlettPackardEnterprise\face-extraction-app\videoActionsServer.js:220:43)
    at Module._compile (module.js:571:32)
    at Object.Module._extensions..js (module.js:580:10)
    at Module.load (module.js:488:32)
    at tryModuleLoad (module.js:447:12)
events.js:163
      throw er; // Unhandled 'error' event
      ^

Error: listen EADDRINUSE :::14020
    at Object.exports._errnoException (util.js:1029:11)
    at exports._exceptionWithHostPort (util.js:1052:20)
    at Server._listen2 (net.js:1264:14)
    at listen (net.js:1300:10)
    at Server.listen (net.js:1378:9)
    at Object.<anonymous> (C:\HewlettPackardEnterprise\face-extraction-app\videoActionsServer.js:220:43)
    at Module._compile (module.js:571:32)
    at Object.Module._extensions..js (module.js:580:10)
    at Module.load (module.js:488:32)
    at tryModuleLoad (module.js:447:12)
C:\HewlettPackardEnterprise\face-extraction-app\node_modules\node-windows\lib\wrapper.js:177
    child.send('shutdown');
         ^

TypeError: Cannot read property 'send' of null
    at process.killkid (C:\HewlettPackardEnterprise\face-extraction-app\node_modules\node-windows\lib\wrapper.js:177:10)
    at emitOne (events.js:96:13)
    at process.emit (events.js:191:7)
    at process.exit (internal/process.js:162:15)
    at monitor (C:\HewlettPackardEnterprise\face-extraction-app\node_modules\node-windows\lib\wrapper.js:99:17)
    at ChildProcess.<anonymous> (C:\HewlettPackardEnterprise\face-extraction-app\node_modules\node-windows\lib\wrapper.js:170:5)
    at emitTwo (events.js:106:13)
    at ChildProcess.emit (events.js:194:7)
    at Process.ChildProcess._handle.onexit (internal/child_process.js:215:12)
C:\HewlettPackardEnterprise\face-extraction-app\node_modules\node-windows\lib\wrapper.js:177
    child.send('shutdown');
         ^

TypeError: Cannot read property 'send' of null
    at process.killkid (C:\HewlettPackardEnterprise\face-extraction-app\node_modules\node-windows\lib\wrapper.js:177:10)
    at emitNone (events.js:86:13)
    at process.emit (events.js:188:7)
    at Signal.wrap.onsignal (internal/process.js:215:44)
events.js:163
      throw er; // Unhandled 'error' event
      ^

Error: listen EADDRINUSE :::14020
    at Object.exports._errnoException (util.js:1029:11)
    at exports._exceptionWithHostPort (util.js:1052:20)
    at Server._listen2 (net.js:1264:14)
    at listen (net.js:1300:10)
    at Server.listen (net.js:1378:9)
    at Object.<anonymous> (C:\HewlettPackardEnterprise\face-extraction-app\videoActionsServer.js:220:43)
    at Module._compile (module.js:571:32)
    at Object.Module._extensions..js (module.js:580:10)
    at Module.load (module.js:488:32)
    at tryModuleLoad (module.js:447:12)
events.js:163
      throw er; // Unhandled 'error' event
      ^

Error: listen EADDRINUSE :::14020
    at Object.exports._errnoException (util.js:1029:11)
    at exports._exceptionWithHostPort (util.js:1052:20)
    at Server._listen2 (net.js:1264:14)
    at listen (net.js:1300:10)
    at Server.listen (net.js:1378:9)
    at Object.<anonymous> (C:\HewlettPackardEnterprise\face-extraction-app\videoActionsServer.js:220:43)
    at Module._compile (module.js:571:32)
    at Object.Module._extensions..js (module.js:580:10)
    at Module.load (module.js:488:32)
    at tryModuleLoad (module.js:447:12)
events.js:163
      throw er; // Unhandled 'error' event
      ^

Error: listen EADDRINUSE :::14020
    at Object.exports._errnoException (util.js:1029:11)
    at exports._exceptionWithHostPort (util.js:1052:20)
    at Server._listen2 (net.js:1264:14)
    at listen (net.js:1300:10)
    at Server.listen (net.js:1378:9)
    at Object.<anonymous> (C:\HewlettPackardEnterprise\face-extraction-app\videoActionsServer.js:220:43)
    at Module._compile (module.js:571:32)
    at Object.Module._extensions..js (module.js:580:10)
    at Module.load (module.js:488:32)
    at tryModuleLoad (module.js:447:12)
C:\HewlettPackardEnterprise\face-extraction-app\node_modules\node-windows\lib\wrapper.js:177
    child.send('shutdown');
         ^

TypeError: Cannot read property 'send' of null
    at process.killkid (C:\HewlettPackardEnterprise\face-extraction-app\node_modules\node-windows\lib\wrapper.js:177:10)
    at emitOne (events.js:96:13)
    at process.emit (events.js:191:7)
    at process.exit (internal/process.js:162:15)
    at monitor (C:\HewlettPackardEnterprise\face-extraction-app\node_modules\node-windows\lib\wrapper.js:99:17)
    at ChildProcess.<anonymous> (C:\HewlettPackardEnterprise\face-extraction-app\node_modules\node-windows\lib\wrapper.js:170:5)
    at emitTwo (events.js:106:13)
    at ChildProcess.emit (events.js:194:7)
    at Process.ChildProcess._handle.onexit (internal/child_process.js:215:12)
C:\HewlettPackardEnterprise\face-extraction-app\node_modules\node-windows\lib\wrapper.js:177
    child.send('shutdown');
         ^

TypeError: Cannot read property 'send' of null
    at process.killkid (C:\HewlettPackardEnterprise\face-extraction-app\node_modules\node-windows\lib\wrapper.js:177:10)
    at emitNone (events.js:86:13)
    at process.emit (events.js:188:7)
    at Signal.wrap.onsignal (internal/process.js:215:44)
C:\HewlettPackardEnterprise\face-extraction-app\node_modules\node-windows\lib\wrapper.js:177
    child.send('shutdown');
         ^

TypeError: Cannot read property 'send' of null
    at process.killkid (C:\HewlettPackardEnterprise\face-extraction-app\node_modules\node-windows\lib\wrapper.js:177:10)
    at emitNone (events.js:86:13)
    at process.emit (events.js:188:7)
    at Signal.wrap.onsignal (internal/process.js:215:44)
events.js:163
      throw er; // Unhandled 'error' event
      ^

Error: listen EADDRINUSE :::14020
    at Object.exports._errnoException (util.js:1029:11)
    at exports._exceptionWithHostPort (util.js:1052:20)
    at Server._listen2 (net.js:1264:14)
    at listen (net.js:1300:10)
    at Server.listen (net.js:1378:9)
    at Object.<anonymous> (C:\HewlettPackardEnterprise\face-extraction-app\videoActionsServer.js:220:43)
    at Module._compile (module.js:571:32)
    at Object.Module._extensions..js (module.js:580:10)
    at Module.load (module.js:488:32)
    at tryModuleLoad (module.js:447:12)
events.js:163
      throw er; // Unhandled 'error' event
      ^

Error: listen EADDRINUSE :::14020
    at Object.exports._errnoException (util.js:1029:11)
    at exports._exceptionWithHostPort (util.js:1052:20)
    at Server._listen2 (net.js:1264:14)
    at listen (net.js:1300:10)
    at Server.listen (net.js:1378:9)
    at Object.<anonymous> (C:\HewlettPackardEnterprise\face-extraction-app\videoActionsServer.js:220:43)
    at Module._compile (module.js:571:32)
    at Object.Module._extensions..js (module.js:580:10)
    at Module.load (module.js:488:32)
    at tryModuleLoad (module.js:447:12)
events.js:163
      throw er; // Unhandled 'error' event
      ^

Error: listen EADDRINUSE :::14020
    at Object.exports._errnoException (util.js:1029:11)
    at exports._exceptionWithHostPort (util.js:1052:20)
    at Server._listen2 (net.js:1264:14)
    at listen (net.js:1300:10)
    at Server.listen (net.js:1378:9)
    at Object.<anonymous> (C:\HewlettPackardEnterprise\face-extraction-app\videoActionsServer.js:220:43)
    at Module._compile (module.js:571:32)
    at Object.Module._extensions..js (module.js:580:10)
    at Module.load (module.js:488:32)
    at tryModuleLoad (module.js:447:12)
C:\HewlettPackardEnterprise\face-extraction-app\node_modules\node-windows\lib\wrapper.js:177
    child.send('shutdown');
         ^

TypeError: Cannot read property 'send' of null
    at process.killkid (C:\HewlettPackardEnterprise\face-extraction-app\node_modules\node-windows\lib\wrapper.js:177:10)
    at emitOne (events.js:96:13)
    at process.emit (events.js:191:7)
    at process.exit (internal/process.js:162:15)
    at monitor (C:\HewlettPackardEnterprise\face-extraction-app\node_modules\node-windows\lib\wrapper.js:99:17)
    at ChildProcess.<anonymous> (C:\HewlettPackardEnterprise\face-extraction-app\node_modules\node-windows\lib\wrapper.js:170:5)
    at emitTwo (events.js:106:13)
    at ChildProcess.emit (events.js:194:7)
    at Process.ChildProcess._handle.onexit (internal/child_process.js:215:12)
C:\HewlettPackardEnterprise\face-extraction-app\node_modules\node-windows\lib\wrapper.js:177
    child.send('shutdown');
         ^

TypeError: Cannot read property 'send' of null
    at process.killkid (C:\HewlettPackardEnterprise\face-extraction-app\node_modules\node-windows\lib\wrapper.js:177:10)
    at emitNone (events.js:86:13)
    at process.emit (events.js:188:7)
    at Signal.wrap.onsignal (internal/process.js:215:44)
events.js:163
      throw er; // Unhandled 'error' event
      ^

Error: listen EADDRINUSE :::14020
    at Object.exports._errnoException (util.js:1029:11)
    at exports._exceptionWithHostPort (util.js:1052:20)
    at Server._listen2 (net.js:1264:14)
    at listen (net.js:1300:10)
    at Server.listen (net.js:1378:9)
    at Object.<anonymous> (C:\HewlettPackardEnterprise\face-extraction-app\videoActionsServer.js:220:43)
    at Module._compile (module.js:571:32)
    at Object.Module._extensions..js (module.js:580:10)
    at Module.load (module.js:488:32)
    at tryModuleLoad (module.js:447:12)
events.js:163
      throw er; // Unhandled 'error' event
      ^

Error: listen EADDRINUSE :::14020
    at Object.exports._errnoException (util.js:1029:11)
    at exports._exceptionWithHostPort (util.js:1052:20)
    at Server._listen2 (net.js:1264:14)
    at listen (net.js:1300:10)
    at Server.listen (net.js:1378:9)
    at Object.<anonymous> (C:\HewlettPackardEnterprise\face-extraction-app\videoActionsServer.js:220:43)
    at Module._compile (module.js:571:32)
    at Object.Module._extensions..js (module.js:580:10)
    at Module.load (module.js:488:32)
    at tryModuleLoad (module.js:447:12)
events.js:163
      throw er; // Unhandled 'error' event
      ^

Error: listen EADDRINUSE :::14020
    at Object.exports._errnoException (util.js:1029:11)
    at exports._exceptionWithHostPort (util.js:1052:20)
    at Server._listen2 (net.js:1264:14)
    at listen (net.js:1300:10)
    at Server.listen (net.js:1378:9)
    at Object.<anonymous> (C:\HewlettPackardEnterprise\face-extraction-app\videoActionsServer.js:220:43)
    at Module._compile (module.js:571:32)
    at Object.Module._extensions..js (module.js:580:10)
    at Module.load (module.js:488:32)
    at tryModuleLoad (module.js:447:12)
C:\HewlettPackardEnterprise\face-extraction-app\node_modules\node-windows\lib\wrapper.js:177
    child.send('shutdown');
         ^

TypeError: Cannot read property 'send' of null
    at process.killkid (C:\HewlettPackardEnterprise\face-extraction-app\node_modules\node-windows\lib\wrapper.js:177:10)
    at emitOne (events.js:96:13)
    at process.emit (events.js:191:7)
    at process.exit (internal/process.js:162:15)
    at monitor (C:\HewlettPackardEnterprise\face-extraction-app\node_modules\node-windows\lib\wrapper.js:99:17)
    at ChildProcess.<anonymous> (C:\HewlettPackardEnterprise\face-extraction-app\node_modules\node-windows\lib\wrapper.js:170:5)
    at emitTwo (events.js:106:13)
    at ChildProcess.emit (events.js:194:7)
    at Process.ChildProcess._handle.onexit (internal/child_process.js:215:12)
events.js:163
      throw er; // Unhandled 'error' event
      ^

Error: listen EADDRINUSE :::14020
    at Object.exports._errnoException (util.js:1029:11)
    at exports._exceptionWithHostPort (util.js:1052:20)
    at Server._listen2 (net.js:1264:14)
    at listen (net.js:1300:10)
    at Server.listen (net.js:1378:9)
    at Object.<anonymous> (C:\HewlettPackardEnterprise\face-extraction-app\videoActionsServer.js:220:43)
    at Module._compile (module.js:571:32)
    at Object.Module._extensions..js (module.js:580:10)
    at Module.load (module.js:488:32)
    at tryModuleLoad (module.js:447:12)
events.js:163
      throw er; // Unhandled 'error' event
      ^

Error: listen EADDRINUSE :::14020
    at Object.exports._errnoException (util.js:1029:11)
    at exports._exceptionWithHostPort (util.js:1052:20)
    at Server._listen2 (net.js:1264:14)
    at listen (net.js:1300:10)
    at Server.listen (net.js:1378:9)
    at Object.<anonymous> (C:\HewlettPackardEnterprise\face-extraction-app\videoActionsServer.js:220:43)
    at Module._compile (module.js:571:32)
    at Object.Module._extensions..js (module.js:580:10)
    at Module.load (module.js:488:32)
    at tryModuleLoad (module.js:447:12)
events.js:163
      throw er; // Unhandled 'error' event
      ^

Error: listen EADDRINUSE :::14020
    at Object.exports._errnoException (util.js:1029:11)
    at exports._exceptionWithHostPort (util.js:1052:20)
    at Server._listen2 (net.js:1264:14)
    at listen (net.js:1300:10)
    at Server.listen (net.js:1378:9)
    at Object.<anonymous> (C:\HewlettPackardEnterprise\face-extraction-app\videoActionsServer.js:220:43)
    at Module._compile (module.js:571:32)
    at Object.Module._extensions..js (module.js:580:10)
    at Module.load (module.js:488:32)
    at tryModuleLoad (module.js:447:12)
C:\HewlettPackardEnterprise\face-extraction-app\node_modules\node-windows\lib\wrapper.js:177
    child.send('shutdown');
         ^

TypeError: Cannot read property 'send' of null
    at process.killkid (C:\HewlettPackardEnterprise\face-extraction-app\node_modules\node-windows\lib\wrapper.js:177:10)
    at emitOne (events.js:96:13)
    at process.emit (events.js:191:7)
    at process.exit (internal/process.js:162:15)
    at monitor (C:\HewlettPackardEnterprise\face-extraction-app\node_modules\node-windows\lib\wrapper.js:99:17)
    at ChildProcess.<anonymous> (C:\HewlettPackardEnterprise\face-extraction-app\node_modules\node-windows\lib\wrapper.js:170:5)
    at emitTwo (events.js:106:13)
    at ChildProcess.emit (events.js:194:7)
    at Process.ChildProcess._handle.onexit (internal/child_process.js:215:12)
C:\HewlettPackardEnterprise\face-extraction-app\node_modules\node-windows\lib\wrapper.js:177
    child.send('shutdown');
         ^

TypeError: Cannot read property 'send' of null
    at process.killkid (C:\HewlettPackardEnterprise\face-extraction-app\node_modules\node-windows\lib\wrapper.js:177:10)
    at emitNone (events.js:86:13)
    at process.emit (events.js:188:7)
    at Signal.wrap.onsignal (internal/process.js:215:44)
events.js:163
      throw er; // Unhandled 'error' event
      ^

Error: listen EADDRINUSE :::14020
    at Object.exports._errnoException (util.js:1029:11)
    at exports._exceptionWithHostPort (util.js:1052:20)
    at Server._listen2 (net.js:1264:14)
    at listen (net.js:1300:10)
    at Server.listen (net.js:1378:9)
    at Object.<anonymous> (C:\HewlettPackardEnterprise\face-extraction-app\videoActionsServer.js:220:43)
    at Module._compile (module.js:571:32)
    at Object.Module._extensions..js (module.js:580:10)
    at Module.load (module.js:488:32)
    at tryModuleLoad (module.js:447:12)
events.js:163
      throw er; // Unhandled 'error' event
      ^

Error: listen EADDRINUSE :::14020
    at Object.exports._errnoException (util.js:1029:11)
    at exports._exceptionWithHostPort (util.js:1052:20)
    at Server._listen2 (net.js:1264:14)
    at listen (net.js:1300:10)
    at Server.listen (net.js:1378:9)
    at Object.<anonymous> (C:\HewlettPackardEnterprise\face-extraction-app\videoActionsServer.js:220:43)
    at Module._compile (module.js:571:32)
    at Object.Module._extensions..js (module.js:580:10)
    at Module.load (module.js:488:32)
    at tryModuleLoad (module.js:447:12)
events.js:163
      throw er; // Unhandled 'error' event
      ^

Error: listen EADDRINUSE :::14020
    at Object.exports._errnoException (util.js:1029:11)
    at exports._exceptionWithHostPort (util.js:1052:20)
    at Server._listen2 (net.js:1264:14)
    at listen (net.js:1300:10)
    at Server.listen (net.js:1378:9)
    at Object.<anonymous> (C:\HewlettPackardEnterprise\face-extraction-app\videoActionsServer.js:220:43)
    at Module._compile (module.js:571:32)
    at Object.Module._extensions..js (module.js:580:10)
    at Module.load (module.js:488:32)
    at tryModuleLoad (module.js:447:12)
C:\HewlettPackardEnterprise\face-extraction-app\node_modules\node-windows\lib\wrapper.js:177
    child.send('shutdown');
         ^

TypeError: Cannot read property 'send' of null
    at process.killkid (C:\HewlettPackardEnterprise\face-extraction-app\node_modules\node-windows\lib\wrapper.js:177:10)
    at emitOne (events.js:96:13)
    at process.emit (events.js:191:7)
    at process.exit (internal/process.js:162:15)
    at monitor (C:\HewlettPackardEnterprise\face-extraction-app\node_modules\node-windows\lib\wrapper.js:99:17)
    at ChildProcess.<anonymous> (C:\HewlettPackardEnterprise\face-extraction-app\node_modules\node-windows\lib\wrapper.js:170:5)
    at emitTwo (events.js:106:13)
    at ChildProcess.emit (events.js:194:7)
    at Process.ChildProcess._handle.onexit (internal/child_process.js:215:12)
C:\HewlettPackardEnterprise\face-extraction-app\node_modules\node-windows\lib\wrapper.js:177
    child.send('shutdown');
         ^

TypeError: Cannot read property 'send' of null
    at process.killkid (C:\HewlettPackardEnterprise\face-extraction-app\node_modules\node-windows\lib\wrapper.js:177:10)
    at emitNone (events.js:86:13)
    at process.emit (events.js:188:7)
    at Signal.wrap.onsignal (internal/process.js:215:44)
C:\HewlettPackardEnterprise\face-extraction-app\node_modules\node-windows\lib\wrapper.js:177
    child.send('shutdown');
         ^

TypeError: Cannot read property 'send' of null
    at process.killkid (C:\HewlettPackardEnterprise\face-extraction-app\node_modules\node-windows\lib\wrapper.js:177:10)
    at emitNone (events.js:86:13)
    at process.emit (events.js:188:7)
    at Signal.wrap.onsignal (internal/process.js:215:44)
