2017-10-27 00:39:47 - Starting C:\Program Files\nodejs\node.exe  --harmony C:\HewlettPackardEnterprise\face-extraction-app\node_modules\node-windows\lib\wrapper.js --file C:\HewlettPackardEnterprise\face-extraction-app\videoActionsServer.js --log "A2 wrapper" --grow 0.25 --wait 1 --maxrestarts 3 --abortonerror n --stopparentfirst undefined
2017-10-27 00:39:47 - Started 12596
2017-10-27 00:39:57 - Stopping a2.exe
2017-10-27 00:39:57 - ProcessKill 12596
2017-10-27 00:39:58 - Found child process: 3524 Name: node.exe
2017-10-27 00:39:58 - Stopping process 3524
2017-10-27 00:39:58 - Send SIGINT 3524
2017-10-27 00:39:58 - SIGINT to 3524 failed - Killing as fallback
2017-10-27 00:39:58 - Stopping process 12596
2017-10-27 00:39:58 - Send SIGINT 12596
2017-10-27 00:39:58 - SIGINT to12596 successful
2017-10-27 00:39:58 - Finished a2.exe
2017-10-27 00:39:59 - Starting C:\Program Files\nodejs\node.exe  --harmony C:\HewlettPackardEnterprise\face-extraction-app\node_modules\node-windows\lib\wrapper.js --file C:\HewlettPackardEnterprise\face-extraction-app\videoActionsServer.js --log "A2 wrapper" --grow 0.25 --wait 1 --maxrestarts 3 --abortonerror n --stopparentfirst undefined
2017-10-27 00:39:59 - Started 2672
2017-10-27 01:02:28 - Stopping a2.exe
2017-10-27 01:02:28 - ProcessKill 2672
2017-10-27 01:02:29 - Found child process: 1912 Name: node.exe
2017-10-27 01:02:30 - Stopping process 1912
2017-10-27 01:02:30 - Send SIGINT 1912
2017-10-27 01:02:30 - SIGINT to 1912 failed - Killing as fallback
2017-10-27 01:02:30 - Stopping process 2672
2017-10-27 01:02:30 - Send SIGINT 2672
2017-10-27 01:02:30 - SIGINT to2672 successful
2017-10-27 01:02:30 - Finished a2.exe
2017-10-27 11:11:48 - Starting C:\Program Files\nodejs\node.exe  --harmony C:\HewlettPackardEnterprise\face-extraction-app\node_modules\node-windows\lib\wrapper.js --file C:\HewlettPackardEnterprise\face-extraction-app\videoActionsServer.js --log "A2 wrapper" --grow 0.25 --wait 1 --maxrestarts 3 --abortonerror n --stopparentfirst undefined
2017-10-27 11:11:48 - Started 2260
2017-10-27 14:25:45 - Starting C:\Program Files\nodejs\node.exe  --harmony C:\HewlettPackardEnterprise\face-extraction-app\node_modules\node-windows\lib\wrapper.js --file C:\HewlettPackardEnterprise\face-extraction-app\videoActionsServer.js --log "A2 wrapper" --grow 0.25 --wait 1 --maxrestarts 3 --abortonerror n --stopparentfirst undefined
2017-10-27 14:25:45 - Started 2256
2017-10-27 14:28:44 - Stopping a2.exe
2017-10-27 14:28:44 - ProcessKill 2256
2017-10-27 14:28:44 - Found child process: 2900 Name: node.exe
2017-10-27 14:28:45 - Stopping process 2900
2017-10-27 14:28:45 - Send SIGINT 2900
2017-10-27 14:28:45 - SIGINT to 2900 failed - Killing as fallback
2017-10-27 14:28:45 - Stopping process 2256
2017-10-27 14:28:45 - Send SIGINT 2256
2017-10-27 14:28:45 - SIGINT to2256 successful
2017-10-27 14:28:45 - Finished a2.exe
2017-10-30 10:10:18 - Starting C:\Program Files\nodejs\node.exe  --harmony C:\HewlettPackardEnterprise\face-extraction-app\node_modules\node-windows\lib\wrapper.js --file C:\HewlettPackardEnterprise\face-extraction-app\videoActionsServer.js --log "A2 wrapper" --grow 0.25 --wait 1 --maxrestarts 3 --abortonerror n --stopparentfirst undefined
2017-10-30 10:10:18 - Started 2244
2017-10-30 19:17:07 - Starting C:\Program Files\nodejs\node.exe  --harmony C:\HewlettPackardEnterprise\face-extraction-app\node_modules\node-windows\lib\wrapper.js --file C:\HewlettPackardEnterprise\face-extraction-app\videoActionsServer.js --log "A2 wrapper" --grow 0.25 --wait 1 --maxrestarts 3 --abortonerror n --stopparentfirst undefined
2017-10-30 19:17:07 - Started 2264
2017-10-31 01:50:05 - Stopping a2.exe
2017-10-31 01:50:05 - ProcessKill 2264
2017-10-31 01:50:06 - Found child process: 2812 Name: node.exe
2017-10-31 01:50:07 - Stopping process 2812
2017-10-31 01:50:07 - Send SIGINT 2812
2017-10-31 01:50:07 - SIGINT to 2812 failed - Killing as fallback
2017-10-31 01:50:07 - Stopping process 2264
2017-10-31 01:50:07 - Send SIGINT 2264
2017-10-31 01:50:07 - SIGINT to2264 successful
2017-10-31 01:50:07 - Finished a2.exe
2017-10-31 11:16:04 - Starting C:\Program Files\nodejs\node.exe  --harmony C:\HewlettPackardEnterprise\face-extraction-app\node_modules\node-windows\lib\wrapper.js --file C:\HewlettPackardEnterprise\face-extraction-app\videoActionsServer.js --log "A2 wrapper" --grow 0.25 --wait 1 --maxrestarts 3 --abortonerror n --stopparentfirst undefined
2017-10-31 11:16:04 - Started 2248
2017-11-01 01:40:39 - Stopping a2.exe
2017-11-01 01:40:39 - ProcessKill 2248
2017-11-01 01:40:40 - Found child process: 2940 Name: node.exe
2017-11-01 01:40:40 - Stopping process 2940
2017-11-01 01:40:40 - Send SIGINT 2940
2017-11-01 01:40:40 - SIGINT to 2940 failed - Killing as fallback
2017-11-01 01:40:40 - Stopping process 2248
2017-11-01 01:40:40 - Send SIGINT 2248
2017-11-01 01:40:40 - SIGINT to2248 successful
2017-11-01 01:40:40 - Finished a2.exe
2017-11-01 10:22:13 - Starting C:\Program Files\nodejs\node.exe  --harmony C:\HewlettPackardEnterprise\face-extraction-app\node_modules\node-windows\lib\wrapper.js --file C:\HewlettPackardEnterprise\face-extraction-app\videoActionsServer.js --log "A2 wrapper" --grow 0.25 --wait 1 --maxrestarts 3 --abortonerror n --stopparentfirst undefined
2017-11-01 10:22:13 - Started 2288
2017-11-02 02:03:17 - Stopping a2.exe
2017-11-02 02:03:17 - ProcessKill 2288
2017-11-02 02:03:18 - Shutdown exception
Message:
Stacktrace:   at System.Runtime.InteropServices.Marshal.ThrowExceptionForHRInternal(Int32 errorCode, IntPtr errorInfo)
   at System.Management.ManagementObjectCollection.ManagementObjectEnumerator.MoveNext()
   at winsw.WrapperService.GetChildPids(Int32 pid)
   at winsw.WrapperService.StopProcessAndChildren(Int32 pid)
   at winsw.WrapperService.StopIt()
   at winsw.WrapperService.OnShutdown()
2017-11-02 11:18:33 - Starting C:\Program Files\nodejs\node.exe  --harmony C:\HewlettPackardEnterprise\face-extraction-app\node_modules\node-windows\lib\wrapper.js --file C:\HewlettPackardEnterprise\face-extraction-app\videoActionsServer.js --log "A2 wrapper" --grow 0.25 --wait 1 --maxrestarts 3 --abortonerror n --stopparentfirst undefined
2017-11-02 11:18:33 - Started 2288
2017-11-03 02:10:26 - Stopping a2.exe
2017-11-03 02:10:26 - ProcessKill 2288
2017-11-03 02:10:27 - Found child process: 2896 Name: node.exe
2017-11-03 02:10:27 - Stopping process 2896
2017-11-03 02:10:27 - Send SIGINT 2896
2017-11-03 02:10:27 - SIGINT to 2896 failed - Killing as fallback
2017-11-03 02:10:27 - Stopping process 2288
2017-11-03 02:10:27 - Send SIGINT 2288
2017-11-03 02:10:27 - SIGINT to2288 successful
2017-11-03 02:10:27 - Finished a2.exe
2017-11-03 11:22:30 - Starting C:\Program Files\nodejs\node.exe  --harmony C:\HewlettPackardEnterprise\face-extraction-app\node_modules\node-windows\lib\wrapper.js --file C:\HewlettPackardEnterprise\face-extraction-app\videoActionsServer.js --log "A2 wrapper" --grow 0.25 --wait 1 --maxrestarts 3 --abortonerror n --stopparentfirst undefined
2017-11-03 11:22:30 - Started 2316
2017-11-05 15:27:11 - Starting C:\Program Files\nodejs\node.exe  --harmony C:\HewlettPackardEnterprise\face-extraction-app\node_modules\node-windows\lib\wrapper.js --file C:\HewlettPackardEnterprise\face-extraction-app\videoActionsServer.js --log "A2 wrapper" --grow 0.25 --wait 1 --maxrestarts 3 --abortonerror n --stopparentfirst undefined
2017-11-05 15:27:11 - Started 2324
2017-11-05 15:32:49 - Stopping a2.exe
2017-11-05 15:32:49 - ProcessKill 2324
2017-11-05 15:32:50 - Found child process: 2968 Name: node.exe
2017-11-05 15:32:51 - Stopping process 2968
2017-11-05 15:32:51 - Send SIGINT 2968
2017-11-05 15:32:51 - SIGINT to 2968 failed - Killing as fallback
2017-11-05 15:32:51 - Stopping process 2324
2017-11-05 15:32:51 - Send SIGINT 2324
2017-11-05 15:32:51 - SIGINT to2324 successful
2017-11-05 15:32:51 - Finished a2.exe
2017-11-05 18:57:05 - Starting C:\Program Files\nodejs\node.exe  --harmony C:\HewlettPackardEnterprise\face-extraction-app\node_modules\node-windows\lib\wrapper.js --file C:\HewlettPackardEnterprise\face-extraction-app\videoActionsServer.js --log "A2 wrapper" --grow 0.25 --wait 1 --maxrestarts 3 --abortonerror n --stopparentfirst undefined
2017-11-05 18:57:06 - Started 2248
2017-11-06 11:20:58 - Starting C:\Program Files\nodejs\node.exe  --harmony C:\HewlettPackardEnterprise\face-extraction-app\node_modules\node-windows\lib\wrapper.js --file C:\HewlettPackardEnterprise\face-extraction-app\videoActionsServer.js --log "A2 wrapper" --grow 0.25 --wait 1 --maxrestarts 3 --abortonerror n --stopparentfirst undefined
2017-11-06 11:20:58 - Started 2252
2017-11-06 20:02:53 - Stopping a2.exe
2017-11-06 20:02:53 - ProcessKill 2252
2017-11-06 20:02:54 - Found child process: 2840 Name: node.exe
2017-11-06 20:02:54 - Stopping process 2840
2017-11-06 20:02:54 - Send SIGINT 2840
2017-11-06 20:02:54 - SIGINT to 2840 failed - Killing as fallback
2017-11-06 20:02:54 - Stopping process 2252
2017-11-06 20:02:54 - Send SIGINT 2252
2017-11-06 20:02:55 - SIGINT to2252 successful
2017-11-06 20:02:55 - Finished a2.exe
2017-11-06 20:58:36 - Starting C:\Program Files\nodejs\node.exe  --harmony C:\HewlettPackardEnterprise\face-extraction-app\node_modules\node-windows\lib\wrapper.js --file C:\HewlettPackardEnterprise\face-extraction-app\videoActionsServer.js --log "A2 wrapper" --grow 0.25 --wait 1 --maxrestarts 3 --abortonerror n --stopparentfirst undefined
2017-11-06 20:58:36 - Started 2316
2017-11-06 22:33:10 - Stopping a2.exe
2017-11-06 22:33:10 - ProcessKill 2316
2017-11-06 22:33:11 - Found child process: 2984 Name: node.exe
2017-11-06 22:33:11 - Stopping process 2984
2017-11-06 22:33:11 - Send SIGINT 2984
2017-11-06 22:33:11 - SIGINT to 2984 failed - Killing as fallback
2017-11-06 22:33:11 - Stopping process 2316
2017-11-06 22:33:11 - Send SIGINT 2316
2017-11-06 22:33:11 - SIGINT to2316 successful
2017-11-06 22:33:11 - Finished a2.exe
2017-11-06 22:33:56 - Starting C:\Program Files\nodejs\node.exe  --harmony C:\HewlettPackardEnterprise\face-extraction-app\node_modules\node-windows\lib\wrapper.js --file C:\HewlettPackardEnterprise\face-extraction-app\videoActionsServer.js --log "A2 wrapper" --grow 0.25 --wait 1 --maxrestarts 3 --abortonerror n --stopparentfirst undefined
2017-11-06 22:33:56 - Started 2280
2017-11-07 11:38:18 - Starting C:\Program Files\nodejs\node.exe  --harmony C:\HewlettPackardEnterprise\face-extraction-app\node_modules\node-windows\lib\wrapper.js --file C:\HewlettPackardEnterprise\face-extraction-app\videoActionsServer.js --log "A2 wrapper" --grow 0.25 --wait 1 --maxrestarts 3 --abortonerror n --stopparentfirst undefined
2017-11-07 11:38:18 - Started 2324
2017-11-07 14:54:54 - Stopping a2.exe
2017-11-07 14:54:54 - ProcessKill 2324
2017-11-07 14:54:54 - Found child process: 2964 Name: node.exe
2017-11-07 14:54:54 - Stopping process 2964
2017-11-07 14:54:54 - Send SIGINT 2964
2017-11-07 14:54:54 - SIGINT to 2964 failed - Killing as fallback
2017-11-07 14:54:54 - Stopping process 2324
2017-11-07 14:54:54 - Send SIGINT 2324
2017-11-07 14:54:54 - SIGINT to2324 successful
2017-11-07 14:54:54 - Finished a2.exe
2017-11-08 09:57:36 - Starting C:\Program Files\nodejs\node.exe  --harmony C:\HewlettPackardEnterprise\face-extraction-app\node_modules\node-windows\lib\wrapper.js --file C:\HewlettPackardEnterprise\face-extraction-app\videoActionsServer.js --log "A2 wrapper" --grow 0.25 --wait 1 --maxrestarts 3 --abortonerror n --stopparentfirst undefined
2017-11-08 09:57:37 - Started 2276
2017-11-10 18:04:39 - Starting C:\Program Files\nodejs\node.exe  --harmony C:\HewlettPackardEnterprise\face-extraction-app\node_modules\node-windows\lib\wrapper.js --file C:\HewlettPackardEnterprise\face-extraction-app\videoActionsServer.js --log "A2 wrapper" --grow 0.25 --wait 1 --maxrestarts 3 --abortonerror n --stopparentfirst undefined
2017-11-10 18:04:39 - Started 2256
2017-11-10 21:19:31 - Starting C:\Program Files\nodejs\node.exe  --harmony C:\HewlettPackardEnterprise\face-extraction-app\node_modules\node-windows\lib\wrapper.js --file C:\HewlettPackardEnterprise\face-extraction-app\videoActionsServer.js --log "A2 wrapper" --grow 0.25 --wait 1 --maxrestarts 3 --abortonerror n --stopparentfirst undefined
2017-11-10 21:19:31 - Started 2284
2017-11-11 10:52:58 - Starting C:\Program Files\nodejs\node.exe  --harmony C:\HewlettPackardEnterprise\face-extraction-app\node_modules\node-windows\lib\wrapper.js --file C:\HewlettPackardEnterprise\face-extraction-app\videoActionsServer.js --log "A2 wrapper" --grow 0.25 --wait 1 --maxrestarts 3 --abortonerror n --stopparentfirst undefined
2017-11-11 10:52:58 - Started 2288
2017-11-13 01:22:36 - Stopping a2.exe
2017-11-13 01:22:36 - ProcessKill 2288
2017-11-13 01:22:37 - Found child process: 2880 Name: node.exe
2017-11-13 01:22:38 - Stopping process 2880
2017-11-13 01:22:38 - Send SIGINT 2880
2017-11-13 01:22:38 - SIGINT to 2880 failed - Killing as fallback
2017-11-13 01:22:38 - Stopping process 2288
2017-11-13 01:22:38 - Send SIGINT 2288
2017-11-13 01:22:38 - SIGINT to2288 successful
2017-11-13 01:22:38 - Finished a2.exe
2017-11-13 10:16:28 - Starting C:\Program Files\nodejs\node.exe  --harmony C:\HewlettPackardEnterprise\face-extraction-app\node_modules\node-windows\lib\wrapper.js --file C:\HewlettPackardEnterprise\face-extraction-app\videoActionsServer.js --log "A2 wrapper" --grow 0.25 --wait 1 --maxrestarts 3 --abortonerror n --stopparentfirst undefined
2017-11-13 10:16:29 - Started 2276
2017-11-13 21:10:53 - Starting C:\Program Files\nodejs\node.exe  --harmony C:\HewlettPackardEnterprise\face-extraction-app\node_modules\node-windows\lib\wrapper.js --file C:\HewlettPackardEnterprise\face-extraction-app\videoActionsServer.js --log "A2 wrapper" --grow 0.25 --wait 1 --maxrestarts 3 --abortonerror n --stopparentfirst undefined
2017-11-13 21:10:53 - Started 2272
2017-11-13 21:30:52 - Stopping a2.exe
2017-11-13 21:30:52 - ProcessKill 2272
2017-11-13 21:30:53 - Found child process: 2760 Name: node.exe
2017-11-13 21:30:54 - Stopping process 2760
2017-11-13 21:30:54 - Send SIGINT 2760
2017-11-13 21:30:54 - SIGINT to 2760 failed - Killing as fallback
2017-11-13 21:30:54 - Stopping process 2272
2017-11-13 21:30:54 - Send SIGINT 2272
2017-11-13 21:30:54 - SIGINT to2272 successful
2017-11-13 21:30:54 - Finished a2.exe
2017-11-13 21:32:34 - Starting C:\Program Files\nodejs\node.exe  --harmony C:\HewlettPackardEnterprise\face-extraction-app\node_modules\node-windows\lib\wrapper.js --file C:\HewlettPackardEnterprise\face-extraction-app\videoActionsServer.js --log "A2 wrapper" --grow 0.25 --wait 1 --maxrestarts 3 --abortonerror n --stopparentfirst undefined
2017-11-13 21:32:34 - Started 2276
2017-11-13 23:03:17 - Stopping a2.exe
2017-11-13 23:03:17 - ProcessKill 2276
2017-11-13 23:03:17 - Found child process: 2872 Name: node.exe
2017-11-13 23:03:18 - Stopping process 2872
2017-11-13 23:03:18 - Send SIGINT 2872
2017-11-13 23:03:18 - SIGINT to 2872 failed - Killing as fallback
2017-11-13 23:03:18 - Stopping process 2276
2017-11-13 23:03:18 - Send SIGINT 2276
2017-11-13 23:03:18 - SIGINT to2276 successful
2017-11-13 23:03:18 - Finished a2.exe
