2017-10-27 01:05:41 - Starting C:\Program Files\nodejs\node.exe  --harmony C:\HewlettPackardEnterprise\face-extraction-app\node_modules\node-windows\lib\wrapper.js --file C:\HewlettPackardEnterprise\face-extraction-app\videoActionsServer.js --log "B1 wrapper" --grow 0.25 --wait 1 --maxrestarts 3 --abortonerror n --stopparentfirst undefined
2017-10-27 01:05:41 - Started 9844
2017-10-27 01:09:36 - Stopping b1.exe
2017-10-27 01:09:36 - ProcessKill 9844
2017-10-27 01:09:37 - Found child process: 12412 Name: node.exe
2017-10-27 01:09:38 - Stopping process 12412
2017-10-27 01:09:38 - Send SIGINT 12412
2017-10-27 01:09:38 - SIGINT to 12412 failed - Killing as fallback
2017-10-27 01:09:38 - Stopping process 9844
2017-10-27 01:09:38 - Send SIGINT 9844
2017-10-27 01:09:38 - SIGINT to9844 successful
2017-10-27 01:09:38 - Finished b1.exe
2017-10-27 01:09:38 - Starting C:\Program Files\nodejs\node.exe  --harmony C:\HewlettPackardEnterprise\face-extraction-app\node_modules\node-windows\lib\wrapper.js --file C:\HewlettPackardEnterprise\face-extraction-app\videoActionsServer.js --log "B1 wrapper" --grow 0.25 --wait 1 --maxrestarts 3 --abortonerror n --stopparentfirst undefined
2017-10-27 01:09:38 - Started 13140
2017-10-27 01:13:06 - Stopping b1.exe
2017-10-27 01:13:06 - ProcessKill 13140
2017-10-27 01:13:07 - Found child process: 12384 Name: node.exe
2017-10-27 01:13:08 - Stopping process 12384
2017-10-27 01:13:08 - Send SIGINT 12384
2017-10-27 01:13:08 - SIGINT to 12384 failed - Killing as fallback
2017-10-27 01:13:08 - Stopping process 13140
2017-10-27 01:13:08 - Send SIGINT 13140
2017-10-27 01:13:08 - SIGINT to13140 successful
2017-10-27 01:13:08 - Finished b1.exe
2017-10-27 01:13:46 - Starting C:\Program Files\nodejs\node.exe  --harmony C:\HewlettPackardEnterprise\face-extraction-app\node_modules\node-windows\lib\wrapper.js --file C:\HewlettPackardEnterprise\face-extraction-app\videoActionsServer.js --log "B1 wrapper" --grow 0.25 --wait 1 --maxrestarts 3 --abortonerror n --stopparentfirst undefined
2017-10-27 01:13:46 - Started 11572
2017-10-27 01:17:37 - Stopping b1.exe
2017-10-27 01:17:37 - ProcessKill 11572
2017-10-27 01:17:38 - Found child process: 13072 Name: node.exe
2017-10-27 01:17:40 - Stopping process 13072
2017-10-27 01:17:40 - Send SIGINT 13072
2017-10-27 01:17:40 - SIGINT to 13072 failed - Killing as fallback
2017-10-27 01:17:40 - Stopping process 11572
2017-10-27 01:17:40 - Send SIGINT 11572
2017-10-27 01:17:40 - SIGINT to11572 successful
2017-10-27 01:17:40 - Finished b1.exe
2017-10-27 11:11:48 - Starting C:\Program Files\nodejs\node.exe  --harmony C:\HewlettPackardEnterprise\face-extraction-app\node_modules\node-windows\lib\wrapper.js --file C:\HewlettPackardEnterprise\face-extraction-app\videoActionsServer.js --log "B1 wrapper" --grow 0.25 --wait 1 --maxrestarts 3 --abortonerror n --stopparentfirst undefined
2017-10-27 11:11:48 - Started 2440
2017-10-27 11:51:47 - Starting C:\Program Files\nodejs\node.exe  --harmony C:\HewlettPackardEnterprise\face-extraction-app\node_modules\node-windows\lib\wrapper.js --file C:\HewlettPackardEnterprise\face-extraction-app\videoActionsServer.js --log "B1 wrapper" --grow 0.25 --wait 1 --maxrestarts 3 --abortonerror n --stopparentfirst undefined
2017-10-27 11:51:47 - Started 12016
2017-10-27 12:01:41 - Stopping b1.exe
2017-10-27 12:01:41 - ProcessKill 12016
2017-10-27 12:01:42 - Found child process: 11316 Name: node.exe
2017-10-27 12:01:42 - Stopping process 11316
2017-10-27 12:01:42 - Send SIGINT 11316
2017-10-27 12:01:42 - SIGINT to 11316 failed - Killing as fallback
2017-10-27 12:01:42 - Stopping process 12016
2017-10-27 12:01:42 - Send SIGINT 12016
2017-10-27 12:01:42 - SIGINT to12016 successful
2017-10-27 12:01:42 - Finished b1.exe
2017-10-27 12:19:58 - Starting C:\Program Files\nodejs\node.exe  --harmony C:\HewlettPackardEnterprise\face-extraction-app\node_modules\node-windows\lib\wrapper.js --file C:\HewlettPackardEnterprise\face-extraction-app\videoActionsServer.js --log "B1 wrapper" --grow 0.25 --wait 1 --maxrestarts 3 --abortonerror n --stopparentfirst undefined
2017-10-27 12:19:58 - Started 6768
2017-10-27 12:32:05 - Stopping b1.exe
2017-10-27 12:32:05 - ProcessKill 6768
2017-10-27 12:32:05 - Found child process: 10664 Name: node.exe
2017-10-27 12:32:06 - Stopping process 10664
2017-10-27 12:32:06 - Send SIGINT 10664
2017-10-27 12:32:06 - SIGINT to 10664 failed - Killing as fallback
2017-10-27 12:32:06 - Stopping process 6768
2017-10-27 12:32:06 - Send SIGINT 6768
2017-10-27 12:32:06 - SIGINT to6768 successful
2017-10-27 12:32:06 - Finished b1.exe
2017-10-27 12:38:08 - Starting C:\Program Files\nodejs\node.exe  --harmony C:\HewlettPackardEnterprise\face-extraction-app\node_modules\node-windows\lib\wrapper.js --file C:\HewlettPackardEnterprise\face-extraction-app\videoActionsServer.js --log "B1 wrapper" --grow 0.25 --wait 1 --maxrestarts 3 --abortonerror n --stopparentfirst undefined
2017-10-27 12:38:08 - Started 12400
2017-10-27 13:47:51 - Stopping b1.exe
2017-10-27 13:47:51 - ProcessKill 12400
2017-10-27 13:47:51 - Found child process: 12712 Name: node.exe
2017-10-27 13:47:51 - Stopping process 12712
2017-10-27 13:47:51 - Send SIGINT 12712
2017-10-27 13:47:51 - SIGINT to 12712 failed - Killing as fallback
2017-10-27 13:47:51 - Stopping process 12400
2017-10-27 13:47:52 - Send SIGINT 12400
2017-10-27 13:47:52 - SIGINT to12400 successful
2017-10-27 13:47:52 - Finished b1.exe
2017-10-27 14:25:45 - Starting C:\Program Files\nodejs\node.exe  --harmony C:\HewlettPackardEnterprise\face-extraction-app\node_modules\node-windows\lib\wrapper.js --file C:\HewlettPackardEnterprise\face-extraction-app\videoActionsServer.js --log "B1 wrapper" --grow 0.25 --wait 1 --maxrestarts 3 --abortonerror n --stopparentfirst undefined
2017-10-27 14:25:45 - Started 2444
2017-10-28 03:16:28 - Starting C:\Program Files\nodejs\node.exe  --harmony C:\HewlettPackardEnterprise\face-extraction-app\node_modules\node-windows\lib\wrapper.js --file C:\HewlettPackardEnterprise\face-extraction-app\videoActionsServer.js --log "B1 wrapper" --grow 0.25 --wait 1 --maxrestarts 3 --abortonerror n --stopparentfirst undefined
2017-10-28 03:16:28 - Started 10816
2017-10-28 03:17:24 - Stopping b1.exe
2017-10-28 03:17:24 - ProcessKill 10816
2017-10-28 03:17:25 - Found child process: 13672 Name: node.exe
2017-10-28 03:17:25 - Stopping process 13672
2017-10-28 03:17:25 - Send SIGINT 13672
2017-10-28 03:17:25 - SIGINT to 13672 failed - Killing as fallback
2017-10-28 03:17:25 - Stopping process 10816
2017-10-28 03:17:25 - Send SIGINT 10816
2017-10-28 03:17:25 - SIGINT to10816 successful
2017-10-28 03:17:25 - Finished b1.exe
2017-10-28 03:51:46 - Starting C:\Program Files\nodejs\node.exe  --harmony C:\HewlettPackardEnterprise\face-extraction-app\node_modules\node-windows\lib\wrapper.js --file C:\HewlettPackardEnterprise\face-extraction-app\videoActionsServer.js --log "B1 wrapper" --grow 0.25 --wait 1 --maxrestarts 3 --abortonerror n --stopparentfirst undefined
2017-10-28 03:51:46 - Started 15084
2017-10-28 13:37:21 - Stopping b1.exe
2017-10-28 13:37:21 - ProcessKill 15084
2017-10-28 13:37:22 - Found child process: 11836 Name: node.exe
2017-10-28 13:37:22 - Stopping process 11836
2017-10-28 13:37:22 - Send SIGINT 11836
2017-10-28 13:37:22 - SIGINT to 11836 failed - Killing as fallback
2017-10-28 13:37:22 - Stopping process 15084
2017-10-28 13:37:22 - Send SIGINT 15084
2017-10-28 13:37:22 - SIGINT to15084 successful
2017-10-28 13:37:22 - Finished b1.exe
2017-10-29 12:12:58 - Starting C:\Program Files\nodejs\node.exe  --harmony C:\HewlettPackardEnterprise\face-extraction-app\node_modules\node-windows\lib\wrapper.js --file C:\HewlettPackardEnterprise\face-extraction-app\videoActionsServer.js --log "B1 wrapper" --grow 0.25 --wait 1 --maxrestarts 3 --abortonerror n --stopparentfirst undefined
2017-10-29 12:12:58 - Started 11192
2017-10-29 12:14:51 - Stopping b1.exe
2017-10-29 12:14:51 - ProcessKill 11192
2017-10-29 12:14:51 - Found child process: 5452 Name: node.exe
2017-10-29 12:14:52 - Stopping process 5452
2017-10-29 12:14:52 - Send SIGINT 5452
2017-10-29 12:14:52 - SIGINT to 5452 failed - Killing as fallback
2017-10-29 12:14:52 - Stopping process 11192
2017-10-29 12:14:52 - Send SIGINT 11192
2017-10-29 12:14:52 - SIGINT to11192 successful
2017-10-29 12:14:52 - Finished b1.exe
2017-10-29 12:16:41 - Starting C:\Program Files\nodejs\node.exe  --harmony C:\HewlettPackardEnterprise\face-extraction-app\node_modules\node-windows\lib\wrapper.js --file C:\HewlettPackardEnterprise\face-extraction-app\videoActionsServer.js --log "B1 wrapper" --grow 0.25 --wait 1 --maxrestarts 3 --abortonerror n --stopparentfirst undefined
2017-10-29 12:16:41 - Started 11440
2017-10-29 12:20:34 - Stopping b1.exe
2017-10-29 12:20:34 - ProcessKill 11440
2017-10-29 12:20:35 - Found child process: 18836 Name: node.exe
2017-10-29 12:20:36 - Stopping process 18836
2017-10-29 12:20:36 - Send SIGINT 18836
2017-10-29 12:20:36 - SIGINT to 18836 failed - Killing as fallback
2017-10-29 12:20:36 - Stopping process 11440
2017-10-29 12:20:36 - Send SIGINT 11440
2017-10-29 12:20:36 - SIGINT to11440 successful
2017-10-29 12:20:36 - Finished b1.exe
2017-10-29 12:23:12 - Starting C:\Program Files\nodejs\node.exe  --harmony C:\HewlettPackardEnterprise\face-extraction-app\node_modules\node-windows\lib\wrapper.js --file C:\HewlettPackardEnterprise\face-extraction-app\videoActionsServer.js --log "B1 wrapper" --grow 0.25 --wait 1 --maxrestarts 3 --abortonerror n --stopparentfirst undefined
2017-10-29 12:23:12 - Started 16256
2017-10-29 12:29:28 - Stopping b1.exe
2017-10-29 12:29:28 - ProcessKill 16256
2017-10-29 12:29:29 - Found child process: 6052 Name: node.exe
2017-10-29 12:29:29 - Stopping process 6052
2017-10-29 12:29:30 - Send SIGINT 6052
2017-10-29 12:29:30 - SIGINT to 6052 failed - Killing as fallback
2017-10-29 12:29:30 - Stopping process 16256
2017-10-29 12:29:30 - Send SIGINT 16256
2017-10-29 12:29:30 - SIGINT to16256 successful
2017-10-29 12:29:30 - Finished b1.exe
2017-10-30 10:10:18 - Starting C:\Program Files\nodejs\node.exe  --harmony C:\HewlettPackardEnterprise\face-extraction-app\node_modules\node-windows\lib\wrapper.js --file C:\HewlettPackardEnterprise\face-extraction-app\videoActionsServer.js --log "B1 wrapper" --grow 0.25 --wait 1 --maxrestarts 3 --abortonerror n --stopparentfirst undefined
2017-10-30 10:10:18 - Started 2452
2017-10-30 14:20:34 - Starting C:\Program Files\nodejs\node.exe  --harmony C:\HewlettPackardEnterprise\face-extraction-app\node_modules\node-windows\lib\wrapper.js --file C:\HewlettPackardEnterprise\face-extraction-app\videoActionsServer.js --log "B1 wrapper" --grow 0.25 --wait 1 --maxrestarts 3 --abortonerror n --stopparentfirst undefined
2017-10-30 14:20:34 - Started 13420
2017-10-30 14:22:03 - Stopping b1.exe
2017-10-30 14:22:03 - ProcessKill 13420
2017-10-30 14:22:04 - Found child process: 10352 Name: node.exe
2017-10-30 14:22:04 - Stopping process 10352
2017-10-30 14:22:04 - Send SIGINT 10352
2017-10-30 14:22:04 - SIGINT to 10352 failed - Killing as fallback
2017-10-30 14:22:04 - Stopping process 13420
2017-10-30 14:22:04 - Send SIGINT 13420
2017-10-30 14:22:04 - SIGINT to13420 successful
2017-10-30 14:22:04 - Finished b1.exe
2017-10-30 14:46:13 - Starting C:\Program Files\nodejs\node.exe  --harmony C:\HewlettPackardEnterprise\face-extraction-app\node_modules\node-windows\lib\wrapper.js --file C:\HewlettPackardEnterprise\face-extraction-app\videoActionsServer.js --log "B1 wrapper" --grow 0.25 --wait 1 --maxrestarts 3 --abortonerror n --stopparentfirst undefined
2017-10-30 14:46:13 - Started 9796
2017-10-30 14:56:23 - Stopping b1.exe
2017-10-30 14:56:23 - ProcessKill 9796
2017-10-30 14:56:23 - Found child process: 9740 Name: node.exe
2017-10-30 14:56:24 - Stopping process 9740
2017-10-30 14:56:24 - Send SIGINT 9740
2017-10-30 14:56:24 - SIGINT to 9740 failed - Killing as fallback
2017-10-30 14:56:24 - Stopping process 9796
2017-10-30 14:56:24 - Send SIGINT 9796
2017-10-30 14:56:24 - SIGINT to9796 successful
2017-10-30 14:56:24 - Finished b1.exe
2017-10-30 14:56:24 - Starting C:\Program Files\nodejs\node.exe  --harmony C:\HewlettPackardEnterprise\face-extraction-app\node_modules\node-windows\lib\wrapper.js --file C:\HewlettPackardEnterprise\face-extraction-app\videoActionsServer.js --log "B1 wrapper" --grow 0.25 --wait 1 --maxrestarts 3 --abortonerror n --stopparentfirst undefined
2017-10-30 14:56:24 - Started 4068
2017-10-30 15:01:58 - Stopping b1.exe
2017-10-30 15:01:58 - ProcessKill 4068
2017-10-30 15:01:58 - Found child process: 2328 Name: node.exe
2017-10-30 15:01:59 - Stopping process 2328
2017-10-30 15:01:59 - Send SIGINT 2328
2017-10-30 15:01:59 - SIGINT to 2328 failed - Killing as fallback
2017-10-30 15:01:59 - Stopping process 4068
2017-10-30 15:01:59 - Send SIGINT 4068
2017-10-30 15:01:59 - SIGINT to4068 successful
2017-10-30 15:01:59 - Finished b1.exe
2017-10-30 15:01:59 - Starting C:\Program Files\nodejs\node.exe  --harmony C:\HewlettPackardEnterprise\face-extraction-app\node_modules\node-windows\lib\wrapper.js --file C:\HewlettPackardEnterprise\face-extraction-app\videoActionsServer.js --log "B1 wrapper" --grow 0.25 --wait 1 --maxrestarts 3 --abortonerror n --stopparentfirst undefined
2017-10-30 15:01:59 - Started 13380
2017-10-30 15:02:03 - Stopping b1.exe
2017-10-30 15:02:03 - ProcessKill 13380
2017-10-30 15:02:04 - Found child process: 2844 Name: node.exe
2017-10-30 15:02:04 - Stopping process 2844
2017-10-30 15:02:04 - Send SIGINT 2844
2017-10-30 15:02:04 - SIGINT to 2844 failed - Killing as fallback
2017-10-30 15:02:04 - Stopping process 13380
2017-10-30 15:02:04 - Send SIGINT 13380
2017-10-30 15:02:04 - SIGINT to13380 successful
2017-10-30 15:02:04 - Finished b1.exe
2017-10-30 15:09:03 - Starting C:\Program Files\nodejs\node.exe  --harmony C:\HewlettPackardEnterprise\face-extraction-app\node_modules\node-windows\lib\wrapper.js --file C:\HewlettPackardEnterprise\face-extraction-app\videoActionsServer.js --log "B1 wrapper" --grow 0.25 --wait 1 --maxrestarts 3 --abortonerror n --stopparentfirst undefined
2017-10-30 15:09:03 - Started 15248
2017-10-30 15:13:24 - Stopping b1.exe
2017-10-30 15:13:24 - ProcessKill 15248
2017-10-30 15:13:25 - Found child process: 15040 Name: node.exe
2017-10-30 15:13:25 - Stopping process 15040
2017-10-30 15:13:25 - Send SIGINT 15040
2017-10-30 15:13:25 - SIGINT to 15040 failed - Killing as fallback
2017-10-30 15:13:25 - Stopping process 15248
2017-10-30 15:13:25 - Send SIGINT 15248
2017-10-30 15:13:25 - SIGINT to15248 successful
2017-10-30 15:13:25 - Finished b1.exe
2017-10-30 16:01:10 - Starting C:\Program Files\nodejs\node.exe  --harmony C:\HewlettPackardEnterprise\face-extraction-app\node_modules\node-windows\lib\wrapper.js --file C:\HewlettPackardEnterprise\face-extraction-app\videoActionsServer.js --log "B1 wrapper" --grow 0.25 --wait 1 --maxrestarts 3 --abortonerror n --stopparentfirst undefined
2017-10-30 16:01:10 - Started 11552
2017-10-30 19:16:16 - Stopping b1.exe
2017-10-30 19:16:16 - ProcessKill 11552
2017-10-30 19:16:17 - Found child process: 14600 Name: node.exe
2017-10-30 19:16:18 - Stopping process 14600
2017-10-30 19:16:18 - Send SIGINT 14600
2017-10-30 19:16:18 - SIGINT to 14600 failed - Killing as fallback
2017-10-30 19:16:18 - Stopping process 11552
2017-10-30 19:16:18 - Send SIGINT 11552
2017-10-30 19:16:18 - SIGINT to11552 successful
2017-10-30 19:16:18 - Finished b1.exe
2017-10-30 19:17:08 - Starting C:\Program Files\nodejs\node.exe  --harmony C:\HewlettPackardEnterprise\face-extraction-app\node_modules\node-windows\lib\wrapper.js --file C:\HewlettPackardEnterprise\face-extraction-app\videoActionsServer.js --log "B1 wrapper" --grow 0.25 --wait 1 --maxrestarts 3 --abortonerror n --stopparentfirst undefined
2017-10-30 19:17:08 - Started 2500
2017-10-31 11:16:05 - Starting C:\Program Files\nodejs\node.exe  --harmony C:\HewlettPackardEnterprise\face-extraction-app\node_modules\node-windows\lib\wrapper.js --file C:\HewlettPackardEnterprise\face-extraction-app\videoActionsServer.js --log "B1 wrapper" --grow 0.25 --wait 1 --maxrestarts 3 --abortonerror n --stopparentfirst undefined
2017-10-31 11:16:05 - Started 2432
2017-11-01 10:22:13 - Starting C:\Program Files\nodejs\node.exe  --harmony C:\HewlettPackardEnterprise\face-extraction-app\node_modules\node-windows\lib\wrapper.js --file C:\HewlettPackardEnterprise\face-extraction-app\videoActionsServer.js --log "B1 wrapper" --grow 0.25 --wait 1 --maxrestarts 3 --abortonerror n --stopparentfirst undefined
2017-11-01 10:22:13 - Started 2556
2017-11-02 11:18:33 - Starting C:\Program Files\nodejs\node.exe  --harmony C:\HewlettPackardEnterprise\face-extraction-app\node_modules\node-windows\lib\wrapper.js --file C:\HewlettPackardEnterprise\face-extraction-app\videoActionsServer.js --log "B1 wrapper" --grow 0.25 --wait 1 --maxrestarts 3 --abortonerror n --stopparentfirst undefined
2017-11-02 11:18:33 - Started 2468
2017-11-03 11:22:31 - Starting C:\Program Files\nodejs\node.exe  --harmony C:\HewlettPackardEnterprise\face-extraction-app\node_modules\node-windows\lib\wrapper.js --file C:\HewlettPackardEnterprise\face-extraction-app\videoActionsServer.js --log "B1 wrapper" --grow 0.25 --wait 1 --maxrestarts 3 --abortonerror n --stopparentfirst undefined
2017-11-03 11:22:31 - Started 2492
2017-11-05 14:19:15 - Stopping b1.exe
2017-11-05 14:19:15 - ProcessKill 2492
2017-11-05 14:19:16 - Found child process: 2940 Name: node.exe
2017-11-05 14:19:16 - Stopping process 2940
2017-11-05 14:19:17 - Send SIGINT 2940
2017-11-05 14:19:17 - SIGINT to 2940 failed - Killing as fallback
2017-11-05 14:19:17 - Stopping process 2492
2017-11-05 14:19:17 - Send SIGINT 2492
2017-11-05 14:19:17 - SIGINT to2492 successful
2017-11-05 14:19:17 - Finished b1.exe
2017-11-05 14:29:37 - Starting C:\Program Files\nodejs\node.exe  --harmony C:\HewlettPackardEnterprise\face-extraction-app\node_modules\node-windows\lib\wrapper.js --file C:\HewlettPackardEnterprise\face-extraction-app\videoActionsServer.js --log "B1 wrapper" --grow 0.25 --wait 1 --maxrestarts 3 --abortonerror n --stopparentfirst undefined
2017-11-05 14:29:37 - Started 2144
2017-11-05 15:27:12 - Starting C:\Program Files\nodejs\node.exe  --harmony C:\HewlettPackardEnterprise\face-extraction-app\node_modules\node-windows\lib\wrapper.js --file C:\HewlettPackardEnterprise\face-extraction-app\videoActionsServer.js --log "B1 wrapper" --grow 0.25 --wait 1 --maxrestarts 3 --abortonerror n --stopparentfirst undefined
2017-11-05 15:27:12 - Started 2640
2017-11-05 18:57:06 - Starting C:\Program Files\nodejs\node.exe  --harmony C:\HewlettPackardEnterprise\face-extraction-app\node_modules\node-windows\lib\wrapper.js --file C:\HewlettPackardEnterprise\face-extraction-app\videoActionsServer.js --log "B1 wrapper" --grow 0.25 --wait 1 --maxrestarts 3 --abortonerror n --stopparentfirst undefined
2017-11-05 18:57:06 - Started 2496
2017-11-06 01:08:19 - Stopping b1.exe
2017-11-06 01:08:19 - ProcessKill 2496
2017-11-06 01:08:20 - Found child process: 2956 Name: node.exe
2017-11-06 01:08:21 - Stopping process 2956
2017-11-06 01:08:21 - Send SIGINT 2956
2017-11-06 01:08:21 - SIGINT to 2956 failed - Killing as fallback
2017-11-06 01:08:21 - Stopping process 2496
2017-11-06 01:08:21 - Send SIGINT 2496
2017-11-06 01:08:21 - SIGINT to2496 successful
2017-11-06 01:08:21 - Finished b1.exe
2017-11-06 11:20:58 - Starting C:\Program Files\nodejs\node.exe  --harmony C:\HewlettPackardEnterprise\face-extraction-app\node_modules\node-windows\lib\wrapper.js --file C:\HewlettPackardEnterprise\face-extraction-app\videoActionsServer.js --log "B1 wrapper" --grow 0.25 --wait 1 --maxrestarts 3 --abortonerror n --stopparentfirst undefined
2017-11-06 11:20:58 - Started 2452
2017-11-06 20:58:37 - Starting C:\Program Files\nodejs\node.exe  --harmony C:\HewlettPackardEnterprise\face-extraction-app\node_modules\node-windows\lib\wrapper.js --file C:\HewlettPackardEnterprise\face-extraction-app\videoActionsServer.js --log "B1 wrapper" --grow 0.25 --wait 1 --maxrestarts 3 --abortonerror n --stopparentfirst undefined
2017-11-06 20:58:37 - Started 2548
2017-11-06 22:33:56 - Starting C:\Program Files\nodejs\node.exe  --harmony C:\HewlettPackardEnterprise\face-extraction-app\node_modules\node-windows\lib\wrapper.js --file C:\HewlettPackardEnterprise\face-extraction-app\videoActionsServer.js --log "B1 wrapper" --grow 0.25 --wait 1 --maxrestarts 3 --abortonerror n --stopparentfirst undefined
2017-11-06 22:33:56 - Started 2460
2017-11-07 01:22:50 - Stopping b1.exe
2017-11-07 01:22:50 - ProcessKill 2460
2017-11-07 01:22:51 - Found child process: 2852 Name: node.exe
2017-11-07 01:22:52 - Stopping process 2852
2017-11-07 01:22:52 - Send SIGINT 2852
2017-11-07 01:22:52 - SIGINT to 2852 failed - Killing as fallback
2017-11-07 01:22:52 - Stopping process 2460
2017-11-07 01:22:52 - Send SIGINT 2460
2017-11-07 01:22:52 - SIGINT to2460 successful
2017-11-07 01:22:52 - Finished b1.exe
2017-11-07 11:38:18 - Starting C:\Program Files\nodejs\node.exe  --harmony C:\HewlettPackardEnterprise\face-extraction-app\node_modules\node-windows\lib\wrapper.js --file C:\HewlettPackardEnterprise\face-extraction-app\videoActionsServer.js --log "B1 wrapper" --grow 0.25 --wait 1 --maxrestarts 3 --abortonerror n --stopparentfirst undefined
2017-11-07 11:38:19 - Started 2512
2017-11-08 09:57:37 - Starting C:\Program Files\nodejs\node.exe  --harmony C:\HewlettPackardEnterprise\face-extraction-app\node_modules\node-windows\lib\wrapper.js --file C:\HewlettPackardEnterprise\face-extraction-app\videoActionsServer.js --log "B1 wrapper" --grow 0.25 --wait 1 --maxrestarts 3 --abortonerror n --stopparentfirst undefined
2017-11-08 09:57:37 - Started 2460
2017-11-10 18:03:46 - Stopping b1.exe
2017-11-10 18:03:46 - ProcessKill 2460
2017-11-10 18:03:48 - Found child process: 2920 Name: node.exe
2017-11-10 18:03:48 - Stopping process 2920
2017-11-10 18:03:48 - Send SIGINT 2920
2017-11-10 18:03:48 - SIGINT to 2920 failed - Killing as fallback
2017-11-10 18:03:48 - Stopping process 2460
2017-11-10 18:03:48 - Send SIGINT 2460
2017-11-10 18:03:48 - SIGINT to2460 successful
2017-11-10 18:03:48 - Finished b1.exe
2017-11-10 18:04:39 - Starting C:\Program Files\nodejs\node.exe  --harmony C:\HewlettPackardEnterprise\face-extraction-app\node_modules\node-windows\lib\wrapper.js --file C:\HewlettPackardEnterprise\face-extraction-app\videoActionsServer.js --log "B1 wrapper" --grow 0.25 --wait 1 --maxrestarts 3 --abortonerror n --stopparentfirst undefined
2017-11-10 18:04:40 - Started 2464
2017-11-10 21:19:31 - Starting C:\Program Files\nodejs\node.exe  --harmony C:\HewlettPackardEnterprise\face-extraction-app\node_modules\node-windows\lib\wrapper.js --file C:\HewlettPackardEnterprise\face-extraction-app\videoActionsServer.js --log "B1 wrapper" --grow 0.25 --wait 1 --maxrestarts 3 --abortonerror n --stopparentfirst undefined
2017-11-10 21:19:31 - Started 2460
2017-11-11 02:10:42 - Stopping b1.exe
2017-11-11 02:10:42 - ProcessKill 2460
2017-11-11 02:10:43 - Found child process: 2868 Name: node.exe
2017-11-11 02:10:45 - Stopping process 2868
2017-11-11 02:10:45 - Send SIGINT 2868
2017-11-11 02:10:45 - SIGINT to 2868 failed - Killing as fallback
2017-11-11 02:10:45 - Stopping process 2460
2017-11-11 02:10:45 - Send SIGINT 2460
2017-11-11 02:10:45 - SIGINT to2460 successful
2017-11-11 02:10:45 - Finished b1.exe
2017-11-11 10:52:58 - Starting C:\Program Files\nodejs\node.exe  --harmony C:\HewlettPackardEnterprise\face-extraction-app\node_modules\node-windows\lib\wrapper.js --file C:\HewlettPackardEnterprise\face-extraction-app\videoActionsServer.js --log "B1 wrapper" --grow 0.25 --wait 1 --maxrestarts 3 --abortonerror n --stopparentfirst undefined
2017-11-11 10:52:58 - Started 2504
2017-11-13 10:16:29 - Starting C:\Program Files\nodejs\node.exe  --harmony C:\HewlettPackardEnterprise\face-extraction-app\node_modules\node-windows\lib\wrapper.js --file C:\HewlettPackardEnterprise\face-extraction-app\videoActionsServer.js --log "B1 wrapper" --grow 0.25 --wait 1 --maxrestarts 3 --abortonerror n --stopparentfirst undefined
2017-11-13 10:16:29 - Started 2460
2017-11-13 21:04:26 - Stopping b1.exe
2017-11-13 21:04:26 - ProcessKill 2460
2017-11-13 21:04:27 - Found child process: 2964 Name: node.exe
2017-11-13 21:04:28 - Stopping process 2964
2017-11-13 21:04:28 - Send SIGINT 2964
2017-11-13 21:04:28 - SIGINT to 2964 failed - Killing as fallback
2017-11-13 21:04:28 - Stopping process 2460
2017-11-13 21:04:28 - Send SIGINT 2460
2017-11-13 21:04:28 - SIGINT to2460 successful
2017-11-13 21:04:28 - Finished b1.exe
2017-11-13 21:10:53 - Starting C:\Program Files\nodejs\node.exe  --harmony C:\HewlettPackardEnterprise\face-extraction-app\node_modules\node-windows\lib\wrapper.js --file C:\HewlettPackardEnterprise\face-extraction-app\videoActionsServer.js --log "B1 wrapper" --grow 0.25 --wait 1 --maxrestarts 3 --abortonerror n --stopparentfirst undefined
2017-11-13 21:10:53 - Started 2520
2017-11-13 21:32:34 - Starting C:\Program Files\nodejs\node.exe  --harmony C:\HewlettPackardEnterprise\face-extraction-app\node_modules\node-windows\lib\wrapper.js --file C:\HewlettPackardEnterprise\face-extraction-app\videoActionsServer.js --log "B1 wrapper" --grow 0.25 --wait 1 --maxrestarts 3 --abortonerror n --stopparentfirst undefined
2017-11-13 21:32:34 - Started 2484
