05/18/2017, 18:17:53
    C:\HewlettPackardEnterprise\face-extraction-app\setup\XYNTService.exe
05/18/2017, 18:17:53
    C:\HewlettPackardEnterprise\face-extraction-app\setup\XYNTService.ini
05/18/2017, 18:17:53
    C:\HewlettPackardEnterprise\face-extraction-app\setup\XYNTService.log
05/18/2017, 18:17:53
    HPE Face Extractor Services
05/18/2017, 18:18:47
    C:\HewlettPackardEnterprise\face-extraction-app\setup\XYNTService.exe
05/18/2017, 18:18:47
    C:\HewlettPackardEnterprise\face-extraction-app\setup\XYNTService.ini
05/18/2017, 18:18:47
    C:\HewlettPackardEnterprise\face-extraction-app\setup\XYNTService.log
05/18/2017, 18:18:47
    HPE Face Extractor Services
05/18/2017, 18:18:47
    Service HPE Face Extractor Services installed
05/18/2017, 18:19:27
    C:\HewlettPackardEnterprise\face-extraction-app\setup\XYNTService.exe
05/18/2017, 18:19:27
    C:\HewlettPackardEnterprise\face-extraction-app\setup\XYNTService.ini
05/18/2017, 18:19:27
    C:\HewlettPackardEnterprise\face-extraction-app\setup\XYNTService.log
05/18/2017, 18:19:27
    HPE Face Extractor Services
05/18/2017, 18:20:55
    C:\HewlettPackardEnterprise\face-extraction-app\setup\XYNTService.exe
05/18/2017, 18:20:55
    C:\HewlettPackardEnterprise\face-extraction-app\setup\XYNTService.ini
05/18/2017, 18:20:55
    C:\HewlettPackardEnterprise\face-extraction-app\setup\XYNTService.log
05/18/2017, 18:20:55
    HPE Face Extractor Services
05/18/2017, 18:31:49
    C:\HewlettPackardEnterprise\face-extraction-app\setup\XYNTService.exe
05/18/2017, 18:31:49
    C:\HewlettPackardEnterprise\face-extraction-app\setup\XYNTService.ini
05/18/2017, 18:31:49
    C:\HewlettPackardEnterprise\face-extraction-app\setup\XYNTService.log
05/18/2017, 18:31:49
    HPE Face Extractor Services
05/18/2017, 18:37:08
    C:\HewlettPackardEnterprise\face-extraction-app\setup\XYNTService.exe
05/18/2017, 18:37:08
    C:\HewlettPackardEnterprise\face-extraction-app\setup\XYNTService.ini
05/18/2017, 18:37:08
    C:\HewlettPackardEnterprise\face-extraction-app\setup\XYNTService.log
05/18/2017, 18:37:08
    HPE Face Extractor Services
05/18/2017, 18:37:39
    Restarted process 0
05/18/2017, 18:37:40
    Restarted process 1
05/18/2017, 18:38:11
    Restarted process 0
05/18/2017, 18:38:12
    Restarted process 1
05/18/2017, 18:45:09
    C:\HewlettPackardEnterprise\face-extraction-app\setup\XYNTService.exe
05/18/2017, 18:45:09
    C:\HewlettPackardEnterprise\face-extraction-app\setup\XYNTService.ini
05/18/2017, 18:45:09
    C:\HewlettPackardEnterprise\face-extraction-app\setup\XYNTService.log
05/18/2017, 18:45:09
    HPE Face Extractor Services
05/18/2017, 18:45:09
    Service HPE Face Extractor Services removed
05/22/2017, 14:25:40
    C:\HewlettPackardEnterprise\face-extraction-app\setup\XYNTService.exe
05/22/2017, 14:25:40
    C:\HewlettPackardEnterprise\face-extraction-app\setup\XYNTService.ini
05/22/2017, 14:25:40
    C:\HewlettPackardEnterprise\face-extraction-app\setup\XYNTService.log
05/22/2017, 14:25:40
    HPE Face Extractor Services
05/22/2017, 14:25:40
    Service HPE Face Extractor Services installed
05/22/2017, 14:25:57
    C:\HewlettPackardEnterprise\face-extraction-app\setup\XYNTService.exe
05/22/2017, 14:25:57
    C:\HewlettPackardEnterprise\face-extraction-app\setup\XYNTService.ini
05/22/2017, 14:25:57
    C:\HewlettPackardEnterprise\face-extraction-app\setup\XYNTService.log
05/22/2017, 14:25:57
    HPE Face Extractor Services
05/22/2017, 14:25:57
    Service HPE Face Extractor Services removed
05/22/2017, 14:26:51
    C:\HewlettPackardEnterprise\face-extraction-app\setup\XYNTService.exe
05/22/2017, 14:26:51
    C:\HewlettPackardEnterprise\face-extraction-app\setup\XYNTService.ini
05/22/2017, 14:26:51
    C:\HewlettPackardEnterprise\face-extraction-app\setup\XYNTService.log
05/22/2017, 14:26:51
    HPE Face Extractor Services
05/22/2017, 14:26:51
    Service HPE Face Extractor Services installed
05/22/2017, 14:28:48
    C:\HewlettPackardEnterprise\face-extraction-app\setup\XYNTService.exe
05/22/2017, 14:28:48
    C:\HewlettPackardEnterprise\face-extraction-app\setup\XYNTService.ini
05/22/2017, 14:28:48
    C:\HewlettPackardEnterprise\face-extraction-app\setup\XYNTService.log
05/22/2017, 14:28:48
    HPE Face Extractor Services
05/22/2017, 14:28:48
    Failed to create service HPE Face Extractor Services, error code = 1073
05/22/2017, 14:29:00
    C:\HewlettPackardEnterprise\face-extraction-app\setup\XYNTService.exe
05/22/2017, 14:29:00
    C:\HewlettPackardEnterprise\face-extraction-app\setup\XYNTService.ini
05/22/2017, 14:29:00
    C:\HewlettPackardEnterprise\face-extraction-app\setup\XYNTService.log
05/22/2017, 14:29:00
    HPE Face Extractor Services
05/22/2017, 14:29:00
    Failed to create service HPE Face Extractor Services, error code = 1073
05/22/2017, 14:29:57
    C:\HewlettPackardEnterprise\face-extraction-app\setup\XYNTService.exe
05/22/2017, 14:29:57
    C:\HewlettPackardEnterprise\face-extraction-app\setup\XYNTService.ini
05/22/2017, 14:29:57
    C:\HewlettPackardEnterprise\face-extraction-app\setup\XYNTService.log
05/22/2017, 14:29:57
    HPE Face Extractor Services
05/22/2017, 14:30:58
    C:\HewlettPackardEnterprise\face-extraction-app\setup\XYNTService.exe
05/22/2017, 14:30:58
    C:\HewlettPackardEnterprise\face-extraction-app\setup\XYNTService.ini
05/22/2017, 14:30:58
    C:\HewlettPackardEnterprise\face-extraction-app\setup\XYNTService.log
05/22/2017, 14:30:58
    HPE Face Extractor Services
05/22/2017, 14:32:49
    C:\HewlettPackardEnterprise\face-extraction-app\setup\XYNTService.exe
05/22/2017, 14:32:49
    C:\HewlettPackardEnterprise\face-extraction-app\setup\XYNTService.ini
05/22/2017, 14:32:49
    C:\HewlettPackardEnterprise\face-extraction-app\setup\XYNTService.log
05/22/2017, 14:32:49
    HPE Face Extractor Services
05/22/2017, 14:34:51
    C:\HewlettPackardEnterprise\face-extraction-app\setup\XYNTService.exe
05/22/2017, 14:34:51
    C:\HewlettPackardEnterprise\face-extraction-app\setup\XYNTService.ini
05/22/2017, 14:34:51
    C:\HewlettPackardEnterprise\face-extraction-app\setup\XYNTService.log
05/22/2017, 14:34:51
    HPE Face Extractor Services
05/22/2017, 14:37:25
    C:\HewlettPackardEnterprise\face-extraction-app\setup\XYNTService.exe
05/22/2017, 14:37:25
    C:\HewlettPackardEnterprise\face-extraction-app\setup\XYNTService.ini
05/22/2017, 14:37:25
    C:\HewlettPackardEnterprise\face-extraction-app\setup\XYNTService.log
05/22/2017, 14:37:25
    HPE Face Extractor Services
05/22/2017, 14:37:58
    C:\HewlettPackardEnterprise\face-extraction-app\setup\XYNTService.exe
05/22/2017, 14:37:58
    C:\HewlettPackardEnterprise\face-extraction-app\setup\XYNTService.ini
05/22/2017, 14:37:58
    C:\HewlettPackardEnterprise\face-extraction-app\setup\XYNTService.log
05/22/2017, 14:37:58
    HPE Face Extractor Services
05/22/2017, 14:38:53
    C:\HewlettPackardEnterprise\face-extraction-app\setup\XYNTService.exe
05/22/2017, 14:38:53
    C:\HewlettPackardEnterprise\face-extraction-app\setup\XYNTService.ini
05/22/2017, 14:38:53
    C:\HewlettPackardEnterprise\face-extraction-app\setup\XYNTService.log
05/22/2017, 14:38:53
    HPE Face Extractor Services
05/22/2017, 14:55:31
    C:\HewlettPackardEnterprise\face-extraction-app\setup\XYNTService.exe
05/22/2017, 14:55:31
    C:\HewlettPackardEnterprise\face-extraction-app\setup\XYNTService.ini
05/22/2017, 14:55:31
    C:\HewlettPackardEnterprise\face-extraction-app\setup\XYNTService.log
05/22/2017, 14:55:31
    HPE Face Extractor Services
05/22/2017, 15:15:37
    C:\HewlettPackardEnterprise\face-extraction-app\setup\XYNTService.exe
05/22/2017, 15:15:37
    C:\HewlettPackardEnterprise\face-extraction-app\setup\XYNTService.ini
05/22/2017, 15:15:37
    C:\HewlettPackardEnterprise\face-extraction-app\setup\XYNTService.log
05/22/2017, 15:15:37
    HPE Face Extractor Services
05/22/2017, 15:29:56
    C:\HewlettPackardEnterprise\face-extraction-app\setup\XYNTService.exe
05/22/2017, 15:29:56
    C:\HewlettPackardEnterprise\face-extraction-app\setup\XYNTService.ini
05/22/2017, 15:29:56
    C:\HewlettPackardEnterprise\face-extraction-app\setup\XYNTService.log
05/22/2017, 15:29:56
    HPE Face Extractor Services
05/22/2017, 15:30:27
    Restarted process 2
05/22/2017, 15:30:50
    C:\HewlettPackardEnterprise\face-extraction-app\setup\XYNTService.exe
05/22/2017, 15:30:50
    C:\HewlettPackardEnterprise\face-extraction-app\setup\XYNTService.ini
05/22/2017, 15:30:50
    C:\HewlettPackardEnterprise\face-extraction-app\setup\XYNTService.log
05/22/2017, 15:30:50
    HPE Face Extractor Services
05/22/2017, 15:31:21
    Restarted process 2
05/22/2017, 15:31:27
    C:\HewlettPackardEnterprise\face-extraction-app\setup\XYNTService.exe
05/22/2017, 15:31:27
    C:\HewlettPackardEnterprise\face-extraction-app\setup\XYNTService.ini
05/22/2017, 15:31:27
    C:\HewlettPackardEnterprise\face-extraction-app\setup\XYNTService.log
05/22/2017, 15:31:27
    HPE Face Extractor Services
05/22/2017, 15:45:55
    C:\HewlettPackardEnterprise\face-extraction-app\setup\XYNTService.exe
05/22/2017, 15:45:55
    C:\HewlettPackardEnterprise\face-extraction-app\setup\XYNTService.ini
05/22/2017, 15:45:55
    C:\HewlettPackardEnterprise\face-extraction-app\setup\XYNTService.log
05/22/2017, 15:45:55
    HPE Face Extractor Services
05/22/2017, 16:13:42
    C:\HewlettPackardEnterprise\face-extraction-app\setup\XYNTService.exe
05/22/2017, 16:13:42
    C:\HewlettPackardEnterprise\face-extraction-app\setup\XYNTService.ini
05/22/2017, 16:13:42
    C:\HewlettPackardEnterprise\face-extraction-app\setup\XYNTService.log
05/22/2017, 16:13:42
    HPE Face Extractor Services
05/22/2017, 16:37:40
    C:\HewlettPackardEnterprise\face-extraction-app\setup\XYNTService.exe
05/22/2017, 16:37:40
    C:\HewlettPackardEnterprise\face-extraction-app\setup\XYNTService.ini
05/22/2017, 16:37:40
    C:\HewlettPackardEnterprise\face-extraction-app\setup\XYNTService.log
05/22/2017, 16:37:40
    HPE Face Extractor Services
05/22/2017, 16:37:55
    C:\HewlettPackardEnterprise\face-extraction-app\setup\XYNTService.exe
05/22/2017, 16:37:55
    C:\HewlettPackardEnterprise\face-extraction-app\setup\XYNTService.ini
05/22/2017, 16:37:55
    C:\HewlettPackardEnterprise\face-extraction-app\setup\XYNTService.log
05/22/2017, 16:37:55
    HPE Face Extractor Services
05/22/2017, 16:40:07
    C:\HewlettPackardEnterprise\face-extraction-app\setup\XYNTService.exe
05/22/2017, 16:40:07
    C:\HewlettPackardEnterprise\face-extraction-app\setup\XYNTService.ini
05/22/2017, 16:40:07
    C:\HewlettPackardEnterprise\face-extraction-app\setup\XYNTService.log
05/22/2017, 16:40:07
    HPE Face Extractor Services
05/22/2017, 17:31:40
    C:\HewlettPackardEnterprise\face-extraction-app\setup\XYNTService.exe
05/22/2017, 17:31:40
    C:\HewlettPackardEnterprise\face-extraction-app\setup\XYNTService.ini
05/22/2017, 17:31:40
    C:\HewlettPackardEnterprise\face-extraction-app\setup\XYNTService.log
05/22/2017, 17:31:40
    HPE Face Extractor Services
05/22/2017, 17:31:43
    Failed to start program 'C:\HewlettPackardEnterprise\HavenKitPlatform\node_modules\nodemon\bin\nodemon.js C:\HewlettPackardEnterprise\HavenKitPlatform\bin\www', error code = 3
05/22/2017, 17:33:25
    C:\HewlettPackardEnterprise\face-extraction-app\setup\XYNTService.exe
05/22/2017, 17:33:25
    C:\HewlettPackardEnterprise\face-extraction-app\setup\XYNTService.ini
05/22/2017, 17:33:25
    C:\HewlettPackardEnterprise\face-extraction-app\setup\XYNTService.log
05/22/2017, 17:33:25
    HPE Face Extractor Services
05/22/2017, 17:33:28
    Failed to start program 'C:\HewlettPackardEnterprise\HavenKitPlatform\node_modules\nodemon\bin\nodemon.js C:\HewlettPackardEnterprise\HavenKitPlatform\module\options.js', error code = 3
05/22/2017, 17:39:11
    C:\HewlettPackardEnterprise\face-extraction-app\setup\XYNTService.exe
05/22/2017, 17:39:11
    C:\HewlettPackardEnterprise\face-extraction-app\setup\XYNTService.ini
05/22/2017, 17:39:11
    C:\HewlettPackardEnterprise\face-extraction-app\setup\XYNTService.log
05/22/2017, 17:39:11
    HPE Face Extractor Services
05/22/2017, 17:39:14
    Failed to start program 'C:\HewlettPackardEnterprise\HavenKitPlatform\node_modules\nodemon\bin\nodemon.js C:\HewlettPackardEnterprise\HavenKitPlatform\bin\www', error code = 193
05/22/2017, 17:43:26
    C:\HewlettPackardEnterprise\face-extraction-app\setup\XYNTService.exe
05/22/2017, 17:43:26
    C:\HewlettPackardEnterprise\face-extraction-app\setup\XYNTService.ini
05/22/2017, 17:43:26
    C:\HewlettPackardEnterprise\face-extraction-app\setup\XYNTService.log
05/22/2017, 17:43:26
    HPE Face Extractor Services
05/22/2017, 17:44:55
    C:\HewlettPackardEnterprise\face-extraction-app\setup\XYNTService.exe
05/22/2017, 17:44:55
    C:\HewlettPackardEnterprise\face-extraction-app\setup\XYNTService.ini
05/22/2017, 17:44:55
    C:\HewlettPackardEnterprise\face-extraction-app\setup\XYNTService.log
05/22/2017, 17:44:55
    HPE Face Extractor Services
05/22/2017, 17:48:08
    C:\HewlettPackardEnterprise\face-extraction-app\setup\XYNTService.exe
05/22/2017, 17:48:08
    C:\HewlettPackardEnterprise\face-extraction-app\setup\XYNTService.ini
05/22/2017, 17:48:08
    C:\HewlettPackardEnterprise\face-extraction-app\setup\XYNTService.log
05/22/2017, 17:48:08
    HPE Face Extractor Services
05/22/2017, 17:55:51
    C:\HewlettPackardEnterprise\face-extraction-app\setup\XYNTService.exe
05/22/2017, 17:55:51
    C:\HewlettPackardEnterprise\face-extraction-app\setup\XYNTService.ini
05/22/2017, 17:55:51
    C:\HewlettPackardEnterprise\face-extraction-app\setup\XYNTService.log
05/22/2017, 17:55:51
    HPE Face Extractor Services
05/22/2017, 18:13:53
    C:\HewlettPackardEnterprise\face-extraction-app\setup\XYNTService.exe
05/22/2017, 18:13:53
    C:\HewlettPackardEnterprise\face-extraction-app\setup\XYNTService.ini
05/22/2017, 18:13:53
    C:\HewlettPackardEnterprise\face-extraction-app\setup\XYNTService.log
05/22/2017, 18:13:53
    HPE Face Extractor Services
05/22/2017, 18:15:55
    C:\HewlettPackardEnterprise\face-extraction-app\setup\XYNTService.exe
05/22/2017, 18:15:55
    C:\HewlettPackardEnterprise\face-extraction-app\setup\XYNTService.ini
05/22/2017, 18:15:55
    C:\HewlettPackardEnterprise\face-extraction-app\setup\XYNTService.log
05/22/2017, 18:15:55
    HPE Face Extractor Services
05/22/2017, 18:20:20
    C:\HewlettPackardEnterprise\face-extraction-app\setup\XYNTService.exe
05/22/2017, 18:20:20
    C:\HewlettPackardEnterprise\face-extraction-app\setup\XYNTService.ini
05/22/2017, 18:20:20
    C:\HewlettPackardEnterprise\face-extraction-app\setup\XYNTService.log
05/22/2017, 18:20:20
    HPE Face Extractor Services
05/22/2017, 18:25:40
    C:\HewlettPackardEnterprise\face-extraction-app\setup\XYNTService.exe
05/22/2017, 18:25:40
    C:\HewlettPackardEnterprise\face-extraction-app\setup\XYNTService.ini
05/22/2017, 18:25:40
    C:\HewlettPackardEnterprise\face-extraction-app\setup\XYNTService.log
05/22/2017, 18:25:40
    HPE Face Extractor Services
05/22/2017, 19:34:07
    C:\HewlettPackardEnterprise\face-extraction-app\setup\XYNTService.exe
05/22/2017, 19:34:07
    C:\HewlettPackardEnterprise\face-extraction-app\setup\XYNTService.ini
05/22/2017, 19:34:07
    C:\HewlettPackardEnterprise\face-extraction-app\setup\XYNTService.log
05/22/2017, 19:34:07
    HPE Face Extractor Services
05/22/2017, 19:36:06
    C:\HewlettPackardEnterprise\face-extraction-app\setup\XYNTService.exe
05/22/2017, 19:36:06
    C:\HewlettPackardEnterprise\face-extraction-app\setup\XYNTService.ini
05/22/2017, 19:36:06
    C:\HewlettPackardEnterprise\face-extraction-app\setup\XYNTService.log
05/22/2017, 19:36:06
    HPE Face Extractor Services
05/22/2017, 19:42:32
    C:\HewlettPackardEnterprise\face-extraction-app\setup\XYNTService.exe
05/22/2017, 19:42:32
    C:\HewlettPackardEnterprise\face-extraction-app\setup\XYNTService.ini
05/22/2017, 19:42:32
    C:\HewlettPackardEnterprise\face-extraction-app\setup\XYNTService.log
05/22/2017, 19:42:32
    HPE Face Extractor Services
05/22/2017, 19:50:17
    C:\HewlettPackardEnterprise\face-extraction-app\setup\XYNTService.exe
05/22/2017, 19:50:17
    C:\HewlettPackardEnterprise\face-extraction-app\setup\XYNTService.ini
05/22/2017, 19:50:17
    C:\HewlettPackardEnterprise\face-extraction-app\setup\XYNTService.log
05/22/2017, 19:50:17
    HPE Face Extractor Services
05/22/2017, 19:53:47
    C:\HewlettPackardEnterprise\face-extraction-app\setup\XYNTService.exe
05/22/2017, 19:53:47
    C:\HewlettPackardEnterprise\face-extraction-app\setup\XYNTService.ini
05/22/2017, 19:53:47
    C:\HewlettPackardEnterprise\face-extraction-app\setup\XYNTService.log
05/22/2017, 19:53:47
    HPE Face Extractor Services
05/22/2017, 20:02:21
    C:\HewlettPackardEnterprise\face-extraction-app\setup\XYNTService.exe
05/22/2017, 20:02:21
    C:\HewlettPackardEnterprise\face-extraction-app\setup\XYNTService.ini
05/22/2017, 20:02:21
    C:\HewlettPackardEnterprise\face-extraction-app\setup\XYNTService.log
05/22/2017, 20:02:21
    HPE Face Extractor Services
05/23/2017, 22:06:32
    C:\HewlettPackardEnterprise\face-extraction-app\setup\XYNTService.exe
05/23/2017, 22:06:32
    C:\HewlettPackardEnterprise\face-extraction-app\setup\XYNTService.ini
05/23/2017, 22:06:32
    C:\HewlettPackardEnterprise\face-extraction-app\setup\XYNTService.log
05/23/2017, 22:06:32
    HPE Face Extractor Services
05/25/2017, 21:50:43
    C:\HewlettPackardEnterprise\face-extraction-app\setup\XYNTService.exe
05/25/2017, 21:50:43
    C:\HewlettPackardEnterprise\face-extraction-app\setup\XYNTService.ini
05/25/2017, 21:50:43
    C:\HewlettPackardEnterprise\face-extraction-app\setup\XYNTService.log
05/25/2017, 21:50:43
    HPE Face Extractor Services
05/25/2017, 22:37:44
    Restarted process 0
05/25/2017, 22:37:45
    Restarted process 1
05/25/2017, 22:37:46
    Restarted process 2
05/26/2017, 23:04:12
    C:\HewlettPackardEnterprise\face-extraction-app\setup\XYNTService.exe
05/26/2017, 23:04:12
    C:\HewlettPackardEnterprise\face-extraction-app\setup\XYNTService.ini
05/26/2017, 23:04:12
    C:\HewlettPackardEnterprise\face-extraction-app\setup\XYNTService.log
05/26/2017, 23:04:12
    HPE Face Extractor Services
05/26/2017, 23:04:43
    Restarted process 2
05/27/2017, 13:00:33
    C:\HewlettPackardEnterprise\face-extraction-app\setup\XYNTService.exe
05/27/2017, 13:00:33
    C:\HewlettPackardEnterprise\face-extraction-app\setup\XYNTService.ini
05/27/2017, 13:00:33
    C:\HewlettPackardEnterprise\face-extraction-app\setup\XYNTService.log
05/27/2017, 13:00:33
    HPE Face Extractor Services
05/27/2017, 16:02:56
    C:\HewlettPackardEnterprise\face-extraction-app\setup\XYNTService.exe
05/27/2017, 16:02:56
    C:\HewlettPackardEnterprise\face-extraction-app\setup\XYNTService.ini
05/27/2017, 16:02:56
    C:\HewlettPackardEnterprise\face-extraction-app\setup\XYNTService.log
05/27/2017, 16:02:56
    HPE Face Extractor Services
05/30/2017, 10:43:02
    C:\HewlettPackardEnterprise\face-extraction-app\setup\XYNTService.exe
05/30/2017, 10:43:02
    C:\HewlettPackardEnterprise\face-extraction-app\setup\XYNTService.ini
05/30/2017, 10:43:02
    C:\HewlettPackardEnterprise\face-extraction-app\setup\XYNTService.log
05/30/2017, 10:43:02
    HPE Face Extractor Services
05/31/2017, 12:20:46
    C:\HewlettPackardEnterprise\face-extraction-app\setup\XYNTService.exe
05/31/2017, 12:20:46
    C:\HewlettPackardEnterprise\face-extraction-app\setup\XYNTService.ini
05/31/2017, 12:20:46
    C:\HewlettPackardEnterprise\face-extraction-app\setup\XYNTService.log
05/31/2017, 12:20:46
    HPE Face Extractor Services
05/31/2017, 15:50:44
    C:\HewlettPackardEnterprise\face-extraction-app\setup\XYNTService.exe
05/31/2017, 15:50:44
    C:\HewlettPackardEnterprise\face-extraction-app\setup\XYNTService.ini
05/31/2017, 15:50:44
    C:\HewlettPackardEnterprise\face-extraction-app\setup\XYNTService.log
05/31/2017, 15:50:44
    HPE Face Extractor Services
05/31/2017, 19:21:00
    C:\HewlettPackardEnterprise\face-extraction-app\setup\XYNTService.exe
05/31/2017, 19:21:00
    C:\HewlettPackardEnterprise\face-extraction-app\setup\XYNTService.ini
05/31/2017, 19:21:00
    C:\HewlettPackardEnterprise\face-extraction-app\setup\XYNTService.log
05/31/2017, 19:21:00
    HPE Face Extractor Services
06/05/2017, 12:16:31
    C:\HewlettPackardEnterprise\face-extraction-app\setup\XYNTService.exe
06/05/2017, 12:16:31
    C:\HewlettPackardEnterprise\face-extraction-app\setup\XYNTService.ini
06/05/2017, 12:16:31
    C:\HewlettPackardEnterprise\face-extraction-app\setup\XYNTService.log
06/05/2017, 12:16:32
    HPE Face Extractor Services
06/09/2017, 12:16:40
    C:\HewlettPackardEnterprise\face-extraction-app\setup\XYNTService.exe
06/09/2017, 12:16:40
    C:\HewlettPackardEnterprise\face-extraction-app\setup\XYNTService.ini
06/09/2017, 12:16:40
    C:\HewlettPackardEnterprise\face-extraction-app\setup\XYNTService.log
06/09/2017, 12:16:40
    HPE Face Extractor Services
06/10/2017, 03:04:46
    C:\HewlettPackardEnterprise\face-extraction-app\setup\XYNTService.exe
06/10/2017, 03:04:46
    C:\HewlettPackardEnterprise\face-extraction-app\setup\XYNTService.ini
06/10/2017, 03:04:46
    C:\HewlettPackardEnterprise\face-extraction-app\setup\XYNTService.log
06/10/2017, 03:04:46
    HPE Face Extractor Services
06/10/2017, 11:22:19
    C:\HewlettPackardEnterprise\face-extraction-app\setup\XYNTService.exe
06/10/2017, 11:22:19
    C:\HewlettPackardEnterprise\face-extraction-app\setup\XYNTService.ini
06/10/2017, 11:22:19
    C:\HewlettPackardEnterprise\face-extraction-app\setup\XYNTService.log
06/10/2017, 11:22:19
    HPE Face Extractor Services
06/10/2017, 19:52:25
    C:\HewlettPackardEnterprise\face-extraction-app\setup\XYNTService.exe
06/10/2017, 19:52:25
    C:\HewlettPackardEnterprise\face-extraction-app\setup\XYNTService.ini
06/10/2017, 19:52:25
    C:\HewlettPackardEnterprise\face-extraction-app\setup\XYNTService.log
06/10/2017, 19:52:25
    HPE Face Extractor Services
06/10/2017, 19:52:56
    Restarted process 2
06/12/2017, 12:02:25
    C:\HewlettPackardEnterprise\face-extraction-app\setup\XYNTService.exe
06/12/2017, 12:02:25
    C:\HewlettPackardEnterprise\face-extraction-app\setup\XYNTService.ini
06/12/2017, 12:02:25
    C:\HewlettPackardEnterprise\face-extraction-app\setup\XYNTService.log
06/12/2017, 12:02:25
    HPE Face Extractor Services
06/12/2017, 18:49:34
    C:\HewlettPackardEnterprise\face-extraction-app\setup\XYNTService.exe
06/12/2017, 18:49:34
    C:\HewlettPackardEnterprise\face-extraction-app\setup\XYNTService.ini
06/12/2017, 18:49:34
    C:\HewlettPackardEnterprise\face-extraction-app\setup\XYNTService.log
06/12/2017, 18:49:34
    HPE Face Extractor Services
06/15/2017, 12:45:17
    C:\HewlettPackardEnterprise\face-extraction-app\setup\XYNTService.exe
06/15/2017, 12:45:17
    C:\HewlettPackardEnterprise\face-extraction-app\setup\XYNTService.ini
06/15/2017, 12:45:17
    C:\HewlettPackardEnterprise\face-extraction-app\setup\XYNTService.log
06/15/2017, 12:45:17
    HPE Face Extractor Services
06/17/2017, 10:21:27
    C:\HewlettPackardEnterprise\face-extraction-app\setup\XYNTService.exe
06/17/2017, 10:21:27
    C:\HewlettPackardEnterprise\face-extraction-app\setup\XYNTService.ini
06/17/2017, 10:21:27
    C:\HewlettPackardEnterprise\face-extraction-app\setup\XYNTService.log
06/17/2017, 10:21:27
    HPE Face Extractor Services
06/18/2017, 13:41:31
    C:\HewlettPackardEnterprise\face-extraction-app\setup\XYNTService.exe
06/18/2017, 13:41:31
    C:\HewlettPackardEnterprise\face-extraction-app\setup\XYNTService.ini
06/18/2017, 13:41:31
    C:\HewlettPackardEnterprise\face-extraction-app\setup\XYNTService.log
06/18/2017, 13:41:31
    HPE Face Extractor Services
06/19/2017, 10:43:02
    C:\HewlettPackardEnterprise\face-extraction-app\setup\XYNTService.exe
06/19/2017, 10:43:02
    C:\HewlettPackardEnterprise\face-extraction-app\setup\XYNTService.ini
06/19/2017, 10:43:02
    C:\HewlettPackardEnterprise\face-extraction-app\setup\XYNTService.log
06/19/2017, 10:43:02
    HPE Face Extractor Services
09/19/2017, 15:40:24
    C:\HewlettPackardEnterprise\face-extraction-app\setup\XYNTService.exe
09/19/2017, 15:40:24
    C:\HewlettPackardEnterprise\face-extraction-app\setup\XYNTService.ini
09/19/2017, 15:40:24
    C:\HewlettPackardEnterprise\face-extraction-app\setup\XYNTService.log
09/19/2017, 15:40:24
    HPE Face Extractor Services
09/19/2017, 15:40:55
    Restarted process 1
10/21/2017, 22:58:34
    C:\HewlettPackardEnterprise\face-extraction-app\setup\XYNTService.exe
10/21/2017, 22:58:34
    C:\HewlettPackardEnterprise\face-extraction-app\setup\XYNTService.ini
10/21/2017, 22:58:34
    C:\HewlettPackardEnterprise\face-extraction-app\setup\XYNTService.log
10/21/2017, 22:58:34
    HPE Face Extractor Services
10/21/2017, 22:58:34
    Failed to create service HPE Face Extractor Services, error code = 1073
10/21/2017, 22:59:13
    C:\HewlettPackardEnterprise\face-extraction-app\setup\XYNTService.exe
10/21/2017, 22:59:13
    C:\HewlettPackardEnterprise\face-extraction-app\setup\XYNTService.ini
10/21/2017, 22:59:13
    C:\HewlettPackardEnterprise\face-extraction-app\setup\XYNTService.log
10/21/2017, 22:59:13
    HPE Face Extractor Services
10/21/2017, 23:02:14
    Restarted process 2
10/21/2017, 23:03:21
    C:\HewlettPackardEnterprise\face-extraction-app\setup\XYNTService.exe
10/21/2017, 23:03:21
    C:\HewlettPackardEnterprise\face-extraction-app\setup\XYNTService.ini
10/21/2017, 23:03:21
    C:\HewlettPackardEnterprise\face-extraction-app\setup\XYNTService.log
10/21/2017, 23:03:21
    HPE Face Extractor Services
10/21/2017, 23:35:49
    C:\HewlettPackardEnterprise\face-extraction-app\setup\XYNTService.exe
10/21/2017, 23:35:49
    C:\HewlettPackardEnterprise\face-extraction-app\setup\XYNTService.ini
10/21/2017, 23:35:49
    C:\HewlettPackardEnterprise\face-extraction-app\setup\XYNTService.log
10/21/2017, 23:35:49
    HPE Face Extractor Services
10/21/2017, 23:58:24
    C:\HewlettPackardEnterprise\face-extraction-app\setup\XYNTService.exe
10/21/2017, 23:58:24
    C:\HewlettPackardEnterprise\face-extraction-app\setup\XYNTService.ini
10/21/2017, 23:58:24
    C:\HewlettPackardEnterprise\face-extraction-app\setup\XYNTService.log
10/21/2017, 23:58:24
    HPE Face Extractor Services
10/22/2017, 00:00:25
    Restarted process 0
10/22/2017, 00:00:26
    Restarted process 1
10/22/2017, 00:00:27
    Restarted process 2
10/22/2017, 00:07:34
    C:\HewlettPackardEnterprise\face-extraction-app\setup\XYNTService.exe
10/22/2017, 00:07:34
    C:\HewlettPackardEnterprise\face-extraction-app\setup\XYNTService.ini
10/22/2017, 00:07:34
    C:\HewlettPackardEnterprise\face-extraction-app\setup\XYNTService.log
10/22/2017, 00:07:34
    HPE Face Extractor Services
10/22/2017, 00:11:55
    C:\HewlettPackardEnterprise\face-extraction-app\setup\XYNTService.exe
10/22/2017, 00:11:55
    C:\HewlettPackardEnterprise\face-extraction-app\setup\XYNTService.ini
10/22/2017, 00:11:55
    C:\HewlettPackardEnterprise\face-extraction-app\setup\XYNTService.log
10/22/2017, 00:11:55
    HPE Face Extractor Services
10/22/2017, 00:22:51
    C:\HewlettPackardEnterprise\face-extraction-app\setup\XYNTService.exe
10/22/2017, 00:22:51
    C:\HewlettPackardEnterprise\face-extraction-app\setup\XYNTService.ini
10/22/2017, 00:22:51
    C:\HewlettPackardEnterprise\face-extraction-app\setup\XYNTService.log
10/22/2017, 00:22:51
    HPE Face Extractor Services
10/22/2017, 00:50:43
    C:\HewlettPackardEnterprise\face-extraction-app\setup\XYNTService.exe
10/22/2017, 00:50:43
    C:\HewlettPackardEnterprise\face-extraction-app\setup\XYNTService.ini
10/22/2017, 00:50:43
    C:\HewlettPackardEnterprise\face-extraction-app\setup\XYNTService.log
10/22/2017, 00:50:43
    HPE Face Extractor Services
10/22/2017, 00:56:02
    C:\HewlettPackardEnterprise\face-extraction-app\setup\XYNTService.exe
10/22/2017, 00:56:02
    C:\HewlettPackardEnterprise\face-extraction-app\setup\XYNTService.ini
10/22/2017, 00:56:02
    C:\HewlettPackardEnterprise\face-extraction-app\setup\XYNTService.log
10/22/2017, 00:56:02
    HPE Face Extractor Services
10/22/2017, 01:03:35
    C:\HewlettPackardEnterprise\face-extraction-app\setup\XYNTService.exe
10/22/2017, 01:03:35
    C:\HewlettPackardEnterprise\face-extraction-app\setup\XYNTService.ini
10/22/2017, 01:03:35
    C:\HewlettPackardEnterprise\face-extraction-app\setup\XYNTService.log
10/22/2017, 01:03:35
    HPE Face Extractor Services
10/22/2017, 01:10:27
    C:\HewlettPackardEnterprise\face-extraction-app\setup\XYNTService.exe
10/22/2017, 01:10:27
    C:\HewlettPackardEnterprise\face-extraction-app\setup\XYNTService.ini
10/22/2017, 01:10:27
    C:\HewlettPackardEnterprise\face-extraction-app\setup\XYNTService.log
10/22/2017, 01:10:27
    HPE Face Extractor Services
10/22/2017, 01:20:10
    C:\HewlettPackardEnterprise\face-extraction-app\setup\XYNTService.exe
10/22/2017, 01:20:10
    C:\HewlettPackardEnterprise\face-extraction-app\setup\XYNTService.ini
10/22/2017, 01:20:10
    C:\HewlettPackardEnterprise\face-extraction-app\setup\XYNTService.log
10/22/2017, 01:20:10
    HPE Face Extractor Services
10/22/2017, 01:41:47
    C:\HewlettPackardEnterprise\face-extraction-app\setup\XYNTService.exe
10/22/2017, 01:41:47
    C:\HewlettPackardEnterprise\face-extraction-app\setup\XYNTService.ini
10/22/2017, 01:41:47
    C:\HewlettPackardEnterprise\face-extraction-app\setup\XYNTService.log
10/22/2017, 01:41:47
    HPE Face Extractor Services
10/22/2017, 01:53:35
    C:\HewlettPackardEnterprise\face-extraction-app\setup\XYNTService.exe
10/22/2017, 01:53:35
    C:\HewlettPackardEnterprise\face-extraction-app\setup\XYNTService.ini
10/22/2017, 01:53:35
    C:\HewlettPackardEnterprise\face-extraction-app\setup\XYNTService.log
10/22/2017, 01:53:35
    HPE Face Extractor Services
10/22/2017, 12:59:22
    C:\HewlettPackardEnterprise\face-extraction-app\setup\XYNTService.exe
10/22/2017, 12:59:22
    C:\HewlettPackardEnterprise\face-extraction-app\setup\XYNTService.ini
10/22/2017, 12:59:22
    C:\HewlettPackardEnterprise\face-extraction-app\setup\XYNTService.log
10/22/2017, 12:59:22
    HPE Face Extractor Services
10/22/2017, 13:05:44
    C:\HewlettPackardEnterprise\face-extraction-app\setup\XYNTService.exe
10/22/2017, 13:05:44
    C:\HewlettPackardEnterprise\face-extraction-app\setup\XYNTService.ini
10/22/2017, 13:05:44
    C:\HewlettPackardEnterprise\face-extraction-app\setup\XYNTService.log
10/22/2017, 13:05:44
    HPE Face Extractor Services
10/22/2017, 13:08:08
    C:\HewlettPackardEnterprise\face-extraction-app\setup\XYNTService.exe
10/22/2017, 13:08:08
    C:\HewlettPackardEnterprise\face-extraction-app\setup\XYNTService.ini
10/22/2017, 13:08:08
    C:\HewlettPackardEnterprise\face-extraction-app\setup\XYNTService.log
10/22/2017, 13:08:08
    HPE Face Extractor Services
10/22/2017, 13:08:23
    C:\HewlettPackardEnterprise\face-extraction-app\setup\XYNTService.exe
10/22/2017, 13:08:23
    C:\HewlettPackardEnterprise\face-extraction-app\setup\XYNTService.ini
10/22/2017, 13:08:23
    C:\HewlettPackardEnterprise\face-extraction-app\setup\XYNTService.log
10/22/2017, 13:08:23
    HPE Face Extractor Services
10/22/2017, 13:08:23
    Failed to create service HPE Face Extractor Services, error code = 1073
10/22/2017, 13:08:31
    C:\HewlettPackardEnterprise\face-extraction-app\setup\XYNTService.exe
10/22/2017, 13:08:31
    C:\HewlettPackardEnterprise\face-extraction-app\setup\XYNTService.ini
10/22/2017, 13:08:31
    C:\HewlettPackardEnterprise\face-extraction-app\setup\XYNTService.log
10/22/2017, 13:08:31
    HPE Face Extractor Services
10/22/2017, 13:08:31
    Service HPE Face Extractor Services removed
10/22/2017, 13:09:20
    C:\HewlettPackardEnterprise\face-extraction-app\setup\XYNTService.exe
10/22/2017, 13:09:20
    C:\HewlettPackardEnterprise\face-extraction-app\setup\XYNTService.ini
10/22/2017, 13:09:20
    C:\HewlettPackardEnterprise\face-extraction-app\setup\XYNTService.log
10/22/2017, 13:09:20
    HPE Face Extractor Services
10/22/2017, 13:09:20
    Service HPE Face Extractor Services installed
10/22/2017, 13:10:13
    C:\HewlettPackardEnterprise\face-extraction-app\setup\XYNTService.exe
10/22/2017, 13:10:13
    C:\HewlettPackardEnterprise\face-extraction-app\setup\XYNTService.ini
10/22/2017, 13:10:13
    C:\HewlettPackardEnterprise\face-extraction-app\setup\XYNTService.log
10/22/2017, 13:10:13
    HPE Face Extractor Services
10/22/2017, 13:18:25
    C:\HewlettPackardEnterprise\face-extraction-app\setup\XYNTService.exe
10/22/2017, 13:18:25
    C:\HewlettPackardEnterprise\face-extraction-app\setup\XYNTService.ini
10/22/2017, 13:18:25
    C:\HewlettPackardEnterprise\face-extraction-app\setup\XYNTService.log
10/22/2017, 13:18:25
    HPE Face Extractor Services
10/22/2017, 13:18:25
    Service HPE Face Extractor Services removed
10/22/2017, 13:18:55
    C:\HewlettPackardEnterprise\face-extraction-app\setup\XYNTService.exe
10/22/2017, 13:18:55
    C:\HewlettPackardEnterprise\face-extraction-app\setup\XYNTService.ini
10/22/2017, 13:18:55
    C:\HewlettPackardEnterprise\face-extraction-app\setup\XYNTService.log
10/22/2017, 13:18:55
    HPE Face Extractor Services
10/22/2017, 13:18:55
    Service HPE Face Extractor Services installed
10/22/2017, 13:19:09
    C:\HewlettPackardEnterprise\face-extraction-app\setup\XYNTService.exe
10/22/2017, 13:19:09
    C:\HewlettPackardEnterprise\face-extraction-app\setup\XYNTService.ini
10/22/2017, 13:19:09
    C:\HewlettPackardEnterprise\face-extraction-app\setup\XYNTService.log
10/22/2017, 13:19:10
    HPE Face Extractor Services
10/22/2017, 20:19:27
    C:\HewlettPackardEnterprise\face-extraction-app\setup\XYNTService.exe
10/22/2017, 20:19:27
    C:\HewlettPackardEnterprise\face-extraction-app\setup\XYNTService.ini
10/22/2017, 20:19:27
    C:\HewlettPackardEnterprise\face-extraction-app\setup\XYNTService.log
10/22/2017, 20:19:27
    HPE Face Extractor Services
10/23/2017, 09:50:58
    C:\HewlettPackardEnterprise\face-extraction-app\setup\XYNTService.exe
10/23/2017, 09:50:58
    C:\HewlettPackardEnterprise\face-extraction-app\setup\XYNTService.ini
10/23/2017, 09:50:58
    C:\HewlettPackardEnterprise\face-extraction-app\setup\XYNTService.log
10/23/2017, 09:50:58
    HPE Face Extractor Services
10/23/2017, 14:42:11
    C:\HewlettPackardEnterprise\face-extraction-app\setup\XYNTService.exe
10/23/2017, 14:42:11
    C:\HewlettPackardEnterprise\face-extraction-app\setup\XYNTService.ini
10/23/2017, 14:42:11
    C:\HewlettPackardEnterprise\face-extraction-app\setup\XYNTService.log
10/23/2017, 14:42:11
    HPE Face Extractor Services
10/23/2017, 14:42:42
    Restarted process 1
10/23/2017, 14:45:43
    Restarted process 0
10/23/2017, 14:45:44
    Restarted process 1
10/23/2017, 14:45:45
    Restarted process 2
10/23/2017, 14:46:02
    C:\HewlettPackardEnterprise\face-extraction-app\setup\XYNTService.exe
10/23/2017, 14:46:02
    C:\HewlettPackardEnterprise\face-extraction-app\setup\XYNTService.ini
10/23/2017, 14:46:02
    C:\HewlettPackardEnterprise\face-extraction-app\setup\XYNTService.log
10/23/2017, 14:46:02
    HPE Face Extractor Services
10/23/2017, 14:46:33
    Restarted process 2
10/23/2017, 15:04:20
    C:\HewlettPackardEnterprise\face-extraction-app\setup\XYNTService.exe
10/23/2017, 15:04:20
    C:\HewlettPackardEnterprise\face-extraction-app\setup\XYNTService.ini
10/23/2017, 15:04:20
    C:\HewlettPackardEnterprise\face-extraction-app\setup\XYNTService.log
10/23/2017, 15:04:20
    HPE Face Extractor Services
10/23/2017, 15:23:13
    C:\HewlettPackardEnterprise\face-extraction-app\setup\XYNTService.exe
10/23/2017, 15:23:13
    C:\HewlettPackardEnterprise\face-extraction-app\setup\XYNTService.ini
10/23/2017, 15:23:13
    C:\HewlettPackardEnterprise\face-extraction-app\setup\XYNTService.log
10/23/2017, 15:23:13
    HPE Face Extractor Services
10/23/2017, 15:59:25
    C:\HewlettPackardEnterprise\face-extraction-app\setup\XYNTService.exe
10/23/2017, 15:59:25
    C:\HewlettPackardEnterprise\face-extraction-app\setup\XYNTService.ini
10/23/2017, 15:59:25
    C:\HewlettPackardEnterprise\face-extraction-app\setup\XYNTService.log
10/23/2017, 15:59:25
    HPE Face Extractor Services
10/23/2017, 21:48:00
    C:\HewlettPackardEnterprise\face-extraction-app\setup\XYNTService.exe
10/23/2017, 21:48:00
    C:\HewlettPackardEnterprise\face-extraction-app\setup\XYNTService.ini
10/23/2017, 21:48:00
    C:\HewlettPackardEnterprise\face-extraction-app\setup\XYNTService.log
10/23/2017, 21:48:00
    HPE Face Extractor Services
10/23/2017, 21:56:56
    C:\HewlettPackardEnterprise\face-extraction-app\setup\XYNTService.exe
10/23/2017, 21:56:56
    C:\HewlettPackardEnterprise\face-extraction-app\setup\XYNTService.ini
10/23/2017, 21:56:56
    C:\HewlettPackardEnterprise\face-extraction-app\setup\XYNTService.log
10/23/2017, 21:56:56
    HPE Face Extractor Services
10/23/2017, 22:07:57
    C:\HewlettPackardEnterprise\face-extraction-app\setup\XYNTService.exe
10/23/2017, 22:07:57
    C:\HewlettPackardEnterprise\face-extraction-app\setup\XYNTService.ini
10/23/2017, 22:07:57
    C:\HewlettPackardEnterprise\face-extraction-app\setup\XYNTService.log
10/23/2017, 22:07:57
    HPE Face Extractor Services
10/23/2017, 22:13:48
    C:\HewlettPackardEnterprise\face-extraction-app\setup\XYNTService.exe
10/23/2017, 22:13:48
    C:\HewlettPackardEnterprise\face-extraction-app\setup\XYNTService.ini
10/23/2017, 22:13:48
    C:\HewlettPackardEnterprise\face-extraction-app\setup\XYNTService.log
10/23/2017, 22:13:48
    HPE Face Extractor Services
10/23/2017, 23:25:12
    C:\HewlettPackardEnterprise\face-extraction-app\setup\XYNTService.exe
10/23/2017, 23:25:12
    C:\HewlettPackardEnterprise\face-extraction-app\setup\XYNTService.ini
10/23/2017, 23:25:13
    C:\HewlettPackardEnterprise\face-extraction-app\setup\XYNTService.log
10/23/2017, 23:25:13
    HPE Face Extractor Services
10/24/2017, 00:27:26
    C:\HewlettPackardEnterprise\face-extraction-app\setup\XYNTService.exe
10/24/2017, 00:27:26
    C:\HewlettPackardEnterprise\face-extraction-app\setup\XYNTService.ini
10/24/2017, 00:27:26
    C:\HewlettPackardEnterprise\face-extraction-app\setup\XYNTService.log
10/24/2017, 00:27:26
    HPE Face Extractor Services
10/24/2017, 11:03:46
    C:\HewlettPackardEnterprise\face-extraction-app\setup\XYNTService.exe
10/24/2017, 11:03:46
    C:\HewlettPackardEnterprise\face-extraction-app\setup\XYNTService.ini
10/24/2017, 11:03:46
    C:\HewlettPackardEnterprise\face-extraction-app\setup\XYNTService.log
10/24/2017, 11:03:46
    HPE Face Extractor Services
10/24/2017, 11:51:48
    C:\HewlettPackardEnterprise\face-extraction-app\setup\XYNTService.exe
10/24/2017, 11:51:48
    C:\HewlettPackardEnterprise\face-extraction-app\setup\XYNTService.ini
10/24/2017, 11:51:48
    C:\HewlettPackardEnterprise\face-extraction-app\setup\XYNTService.log
10/24/2017, 11:51:48
    HPE Face Extractor Services
10/24/2017, 11:52:19
    Restarted process 1
10/24/2017, 12:00:17
    C:\HewlettPackardEnterprise\face-extraction-app\setup\XYNTService.exe
10/24/2017, 12:00:17
    C:\HewlettPackardEnterprise\face-extraction-app\setup\XYNTService.ini
10/24/2017, 12:00:17
    C:\HewlettPackardEnterprise\face-extraction-app\setup\XYNTService.log
10/24/2017, 12:00:17
    HPE Face Extractor Services
10/24/2017, 12:00:42
    C:\HewlettPackardEnterprise\face-extraction-app\setup\XYNTService.exe
10/24/2017, 12:00:42
    C:\HewlettPackardEnterprise\face-extraction-app\setup\XYNTService.ini
10/24/2017, 12:00:42
    C:\HewlettPackardEnterprise\face-extraction-app\setup\XYNTService.log
10/24/2017, 12:00:42
    HPE Face Extractor Services
10/24/2017, 12:04:59
    C:\HewlettPackardEnterprise\face-extraction-app\setup\XYNTService.exe
10/24/2017, 12:04:59
    C:\HewlettPackardEnterprise\face-extraction-app\setup\XYNTService.ini
10/24/2017, 12:04:59
    C:\HewlettPackardEnterprise\face-extraction-app\setup\XYNTService.log
10/24/2017, 12:04:59
    HPE Face Extractor Services
10/24/2017, 12:06:14
    C:\HewlettPackardEnterprise\face-extraction-app\setup\XYNTService.exe
10/24/2017, 12:06:14
    C:\HewlettPackardEnterprise\face-extraction-app\setup\XYNTService.ini
10/24/2017, 12:06:14
    C:\HewlettPackardEnterprise\face-extraction-app\setup\XYNTService.log
10/24/2017, 12:06:14
    HPE Face Extractor Services
10/24/2017, 12:06:14
    Service HPE Face Extractor Services removed
10/24/2017, 12:08:14
    C:\HewlettPackardEnterprise\face-extraction-app\setup\XYNTService.exe
10/24/2017, 12:08:14
    C:\HewlettPackardEnterprise\face-extraction-app\setup\XYNTService.ini
10/24/2017, 12:08:14
    C:\HewlettPackardEnterprise\face-extraction-app\setup\XYNTService.log
10/24/2017, 12:08:14
    HPE Face Extractor Services
10/24/2017, 12:08:14
    Service HPE Face Extractor Services installed
10/24/2017, 12:08:31
    C:\HewlettPackardEnterprise\face-extraction-app\setup\XYNTService.exe
10/24/2017, 12:08:32
    C:\HewlettPackardEnterprise\face-extraction-app\setup\XYNTService.ini
10/24/2017, 12:08:32
    C:\HewlettPackardEnterprise\face-extraction-app\setup\XYNTService.log
10/24/2017, 12:08:32
    HPE Face Extractor Services
10/24/2017, 14:15:06
    C:\HewlettPackardEnterprise\face-extraction-app\setup\XYNTService.exe
10/24/2017, 14:15:06
    C:\HewlettPackardEnterprise\face-extraction-app\setup\XYNTService.ini
10/24/2017, 14:15:06
    C:\HewlettPackardEnterprise\face-extraction-app\setup\XYNTService.log
10/24/2017, 14:15:06
    HPE Face Extractor Services
10/24/2017, 14:16:06
    C:\HewlettPackardEnterprise\face-extraction-app\setup\XYNTService.exe
10/24/2017, 14:16:06
    C:\HewlettPackardEnterprise\face-extraction-app\setup\XYNTService.ini
10/24/2017, 14:16:06
    C:\HewlettPackardEnterprise\face-extraction-app\setup\XYNTService.log
10/24/2017, 14:16:06
    HPE Face Extractor Services
10/24/2017, 14:17:07
    Restarted process 0
10/24/2017, 14:17:08
    Restarted process 1
10/24/2017, 14:17:09
    Restarted process 2
10/24/2017, 14:20:51
    C:\HewlettPackardEnterprise\face-extraction-app\setup\XYNTService.exe
10/24/2017, 14:20:51
    C:\HewlettPackardEnterprise\face-extraction-app\setup\XYNTService.ini
10/24/2017, 14:20:51
    C:\HewlettPackardEnterprise\face-extraction-app\setup\XYNTService.log
10/24/2017, 14:20:51
    HPE Face Extractor Services
10/24/2017, 14:21:22
    Restarted process 0
10/24/2017, 14:37:24
    C:\HewlettPackardEnterprise\face-extraction-app\setup\XYNTService.exe
10/24/2017, 14:37:24
    C:\HewlettPackardEnterprise\face-extraction-app\setup\XYNTService.ini
10/24/2017, 14:37:24
    C:\HewlettPackardEnterprise\face-extraction-app\setup\XYNTService.log
10/24/2017, 14:37:24
    HPE Face Extractor Services
10/24/2017, 14:38:54
    C:\HewlettPackardEnterprise\face-extraction-app\setup\XYNTService.exe
10/24/2017, 14:38:54
    C:\HewlettPackardEnterprise\face-extraction-app\setup\XYNTService.ini
10/24/2017, 14:38:54
    C:\HewlettPackardEnterprise\face-extraction-app\setup\XYNTService.log
10/24/2017, 14:38:54
    HPE Face Extractor Services
10/24/2017, 15:07:58
    C:\HewlettPackardEnterprise\face-extraction-app\setup\XYNTService.exe
10/24/2017, 15:07:58
    C:\HewlettPackardEnterprise\face-extraction-app\setup\XYNTService.ini
10/24/2017, 15:07:58
    C:\HewlettPackardEnterprise\face-extraction-app\setup\XYNTService.log
10/24/2017, 15:07:58
    HPE Face Extractor Services
10/24/2017, 15:12:18
    C:\HewlettPackardEnterprise\face-extraction-app\setup\XYNTService.exe
10/24/2017, 15:12:18
    C:\HewlettPackardEnterprise\face-extraction-app\setup\XYNTService.ini
10/24/2017, 15:12:18
    C:\HewlettPackardEnterprise\face-extraction-app\setup\XYNTService.log
10/24/2017, 15:12:18
    HPE Face Extractor Services
10/24/2017, 15:12:18
    Service HPE Face Extractor Services removed
10/24/2017, 15:12:25
    C:\HewlettPackardEnterprise\face-extraction-app\setup\XYNTService.exe
10/24/2017, 15:12:25
    C:\HewlettPackardEnterprise\face-extraction-app\setup\XYNTService.ini
10/24/2017, 15:12:25
    C:\HewlettPackardEnterprise\face-extraction-app\setup\XYNTService.log
10/24/2017, 15:12:25
    HPE Face Extractor Services
10/24/2017, 15:12:25
    OpenService failed, error code = 1060
10/24/2017, 15:13:59
    C:\HewlettPackardEnterprise\face-extraction-app\setup\XYNTService.exe
10/24/2017, 15:13:59
    C:\HewlettPackardEnterprise\face-extraction-app\setup\XYNTService.ini
10/24/2017, 15:13:59
    C:\HewlettPackardEnterprise\face-extraction-app\setup\XYNTService.log
10/24/2017, 15:13:59
    HPE Face Extractor Services
10/24/2017, 15:13:59
    Service HPE Face Extractor Services installed
10/24/2017, 15:16:43
    C:\HewlettPackardEnterprise\face-extraction-app\setup\XYNTService.exe
10/24/2017, 15:16:43
    C:\HewlettPackardEnterprise\face-extraction-app\setup\XYNTService.ini
10/24/2017, 15:16:43
    C:\HewlettPackardEnterprise\face-extraction-app\setup\XYNTService.log
10/24/2017, 15:16:43
    HPE Face Extractor Services
10/24/2017, 15:25:53
    C:\HewlettPackardEnterprise\face-extraction-app\setup\XYNTService.exe
10/24/2017, 15:25:53
    C:\HewlettPackardEnterprise\face-extraction-app\setup\XYNTService.ini
10/24/2017, 15:25:53
    C:\HewlettPackardEnterprise\face-extraction-app\setup\XYNTService.log
10/24/2017, 15:25:53
    HPE Face Extractor Services
10/24/2017, 15:41:19
    C:\HewlettPackardEnterprise\face-extraction-app\setup\XYNTService.exe
10/24/2017, 15:41:19
    C:\HewlettPackardEnterprise\face-extraction-app\setup\XYNTService.ini
10/24/2017, 15:41:19
    C:\HewlettPackardEnterprise\face-extraction-app\setup\XYNTService.log
10/24/2017, 15:41:19
    HPE Face Extractor Services
10/24/2017, 15:42:14
    C:\HewlettPackardEnterprise\face-extraction-app\setup\XYNTService.exe
10/24/2017, 15:42:14
    C:\HewlettPackardEnterprise\face-extraction-app\setup\XYNTService.ini
10/24/2017, 15:42:14
    C:\HewlettPackardEnterprise\face-extraction-app\setup\XYNTService.log
10/24/2017, 15:42:14
    HPE Face Extractor Services
10/24/2017, 16:01:14
    C:\HewlettPackardEnterprise\face-extraction-app\setup\XYNTService.exe
10/24/2017, 16:01:14
    C:\HewlettPackardEnterprise\face-extraction-app\setup\XYNTService.ini
10/24/2017, 16:01:14
    C:\HewlettPackardEnterprise\face-extraction-app\setup\XYNTService.log
10/24/2017, 16:01:14
    HPE Face Extractor Services
10/24/2017, 16:01:14
    Service HPE Face Extractor Services removed
10/24/2017, 16:02:06
    C:\HewlettPackardEnterprise\face-extraction-app\setup\XYNTService.exe
10/24/2017, 16:02:06
    C:\HewlettPackardEnterprise\face-extraction-app\setup\XYNTService.ini
10/24/2017, 16:02:06
    C:\HewlettPackardEnterprise\face-extraction-app\setup\XYNTService.log
10/24/2017, 16:02:06
    HPE Face Extractor Services
10/24/2017, 16:02:06
    Service HPE Face Extractor Services installed
10/24/2017, 16:04:41
    C:\HewlettPackardEnterprise\face-extraction-app\setup\XYNTService.exe
10/24/2017, 16:04:41
    C:\HewlettPackardEnterprise\face-extraction-app\setup\XYNTService.ini
10/24/2017, 16:04:41
    C:\HewlettPackardEnterprise\face-extraction-app\setup\XYNTService.log
10/24/2017, 16:04:41
    HPE Face Extractor Services
10/24/2017, 16:08:17
    C:\HewlettPackardEnterprise\face-extraction-app\setup\XYNTService.exe
10/24/2017, 16:08:17
    C:\HewlettPackardEnterprise\face-extraction-app\setup\XYNTService.ini
10/24/2017, 16:08:17
    C:\HewlettPackardEnterprise\face-extraction-app\setup\XYNTService.log
10/24/2017, 16:08:17
    HPE Face Extractor Services
10/24/2017, 16:17:49
    C:\HewlettPackardEnterprise\face-extraction-app\setup\XYNTService.exe
10/24/2017, 16:17:49
    C:\HewlettPackardEnterprise\face-extraction-app\setup\XYNTService.ini
10/24/2017, 16:17:49
    C:\HewlettPackardEnterprise\face-extraction-app\setup\XYNTService.log
10/24/2017, 16:17:49
    HPE Face Extractor Services
10/24/2017, 16:23:08
    C:\HewlettPackardEnterprise\face-extraction-app\setup\XYNTService.exe
10/24/2017, 16:23:08
    C:\HewlettPackardEnterprise\face-extraction-app\setup\XYNTService.ini
10/24/2017, 16:23:09
    C:\HewlettPackardEnterprise\face-extraction-app\setup\XYNTService.log
10/24/2017, 16:23:09
    HPE Face Extractor Services
10/24/2017, 16:55:16
    C:\HewlettPackardEnterprise\face-extraction-app\setup\XYNTService.exe
10/24/2017, 16:55:16
    C:\HewlettPackardEnterprise\face-extraction-app\setup\XYNTService.ini
10/24/2017, 16:55:16
    C:\HewlettPackardEnterprise\face-extraction-app\setup\XYNTService.log
10/24/2017, 16:55:16
    HPE Face Extractor Services
10/25/2017, 15:04:03
    C:\HewlettPackardEnterprise\face-extraction-app\setup\XYNTService.exe
10/25/2017, 15:04:03
    C:\HewlettPackardEnterprise\face-extraction-app\setup\XYNTService.ini
10/25/2017, 15:04:03
    C:\HewlettPackardEnterprise\face-extraction-app\setup\XYNTService.log
10/25/2017, 15:04:03
    HPE Face Extractor Services
10/25/2017, 15:06:21
    C:\HewlettPackardEnterprise\face-extraction-app\setup\XYNTService.exe
10/25/2017, 15:06:21
    C:\HewlettPackardEnterprise\face-extraction-app\setup\XYNTService.ini
10/25/2017, 15:06:21
    C:\HewlettPackardEnterprise\face-extraction-app\setup\XYNTService.log
10/25/2017, 15:06:21
    HPE Face Extractor Services
10/25/2017, 15:18:12
    C:\HewlettPackardEnterprise\face-extraction-app\setup\XYNTService.exe
10/25/2017, 15:18:12
    C:\HewlettPackardEnterprise\face-extraction-app\setup\XYNTService.ini
10/25/2017, 15:18:12
    C:\HewlettPackardEnterprise\face-extraction-app\setup\XYNTService.log
10/25/2017, 15:18:12
    HPE Face Extractor Services
10/25/2017, 15:28:55
    C:\HewlettPackardEnterprise\face-extraction-app\setup\XYNTService.exe
10/25/2017, 15:28:55
    C:\HewlettPackardEnterprise\face-extraction-app\setup\XYNTService.ini
10/25/2017, 15:28:55
    C:\HewlettPackardEnterprise\face-extraction-app\setup\XYNTService.log
10/25/2017, 15:28:55
    HPE Face Extractor Services
10/25/2017, 15:40:40
    C:\HewlettPackardEnterprise\face-extraction-app\setup\XYNTService.exe
10/25/2017, 15:40:40
    C:\HewlettPackardEnterprise\face-extraction-app\setup\XYNTService.ini
10/25/2017, 15:40:40
    C:\HewlettPackardEnterprise\face-extraction-app\setup\XYNTService.log
10/25/2017, 15:40:40
    HPE Face Extractor Services
10/25/2017, 15:49:04
    C:\HewlettPackardEnterprise\face-extraction-app\setup\XYNTService.exe
10/25/2017, 15:49:04
    C:\HewlettPackardEnterprise\face-extraction-app\setup\XYNTService.ini
10/25/2017, 15:49:04
    C:\HewlettPackardEnterprise\face-extraction-app\setup\XYNTService.log
10/25/2017, 15:49:04
    HPE Face Extractor Services
10/25/2017, 15:56:36
    C:\HewlettPackardEnterprise\face-extraction-app\setup\XYNTService.exe
10/25/2017, 15:56:36
    C:\HewlettPackardEnterprise\face-extraction-app\setup\XYNTService.ini
10/25/2017, 15:56:36
    C:\HewlettPackardEnterprise\face-extraction-app\setup\XYNTService.log
10/25/2017, 15:56:36
    HPE Face Extractor Services
10/25/2017, 15:58:27
    C:\HewlettPackardEnterprise\face-extraction-app\setup\XYNTService.exe
10/25/2017, 15:58:27
    C:\HewlettPackardEnterprise\face-extraction-app\setup\XYNTService.ini
10/25/2017, 15:58:27
    C:\HewlettPackardEnterprise\face-extraction-app\setup\XYNTService.log
10/25/2017, 15:58:27
    HPE Face Extractor Services
10/25/2017, 17:27:35
    C:\HewlettPackardEnterprise\face-extraction-app\setup\XYNTService.exe
10/25/2017, 17:27:35
    C:\HewlettPackardEnterprise\face-extraction-app\setup\XYNTService.ini
10/25/2017, 17:27:35
    C:\HewlettPackardEnterprise\face-extraction-app\setup\XYNTService.log
10/25/2017, 17:27:35
    HPE Face Extractor Services
10/25/2017, 20:27:21
    C:\HewlettPackardEnterprise\face-extraction-app\setup\XYNTService.exe
10/25/2017, 20:27:21
    C:\HewlettPackardEnterprise\face-extraction-app\setup\XYNTService.ini
10/25/2017, 20:27:21
    C:\HewlettPackardEnterprise\face-extraction-app\setup\XYNTService.log
10/25/2017, 20:27:21
    HPE Face Extractor Services
10/25/2017, 23:58:13
    Restarted process 0
10/25/2017, 23:58:14
    Restarted process 1
10/25/2017, 23:58:15
    Restarted process 2
10/26/2017, 11:25:21
    C:\HewlettPackardEnterprise\face-extraction-app\setup\XYNTService.exe
10/26/2017, 11:25:21
    C:\HewlettPackardEnterprise\face-extraction-app\setup\XYNTService.ini
10/26/2017, 11:25:21
    C:\HewlettPackardEnterprise\face-extraction-app\setup\XYNTService.log
10/26/2017, 11:25:21
    HPE Face Extractor Services
10/26/2017, 11:33:22
    Restarted process 1
10/26/2017, 11:33:24
    Restarted process 2
10/26/2017, 11:33:55
    Restarted process 0
10/26/2017, 11:33:56
    Restarted process 1
10/26/2017, 11:33:57
    Restarted process 2
10/26/2017, 12:48:05
    C:\HewlettPackardEnterprise\face-extraction-app\setup\XYNTService.exe
10/26/2017, 12:48:05
    C:\HewlettPackardEnterprise\face-extraction-app\setup\XYNTService.ini
10/26/2017, 12:48:05
    C:\HewlettPackardEnterprise\face-extraction-app\setup\XYNTService.log
10/26/2017, 12:48:05
    HPE Face Extractor Services
10/26/2017, 12:48:36
    Restarted process 1
10/26/2017, 13:03:07
    Restarted process 1
10/26/2017, 13:03:08
    Restarted process 2
10/26/2017, 16:17:36
    C:\HewlettPackardEnterprise\face-extraction-app\setup\XYNTService.exe
10/26/2017, 16:17:36
    C:\HewlettPackardEnterprise\face-extraction-app\setup\XYNTService.ini
10/26/2017, 16:17:36
    C:\HewlettPackardEnterprise\face-extraction-app\setup\XYNTService.log
10/26/2017, 16:17:36
    HPE Face Extractor Services
10/26/2017, 16:17:36
    Service HPE Face Extractor Services removed
10/26/2017, 16:17:52
    C:\HewlettPackardEnterprise\face-extraction-app\setup\XYNTService.exe
10/26/2017, 16:17:52
    C:\HewlettPackardEnterprise\face-extraction-app\setup\XYNTService.ini
10/26/2017, 16:17:52
    C:\HewlettPackardEnterprise\face-extraction-app\setup\XYNTService.log
10/26/2017, 16:17:52
    HPE Face Extractor Services
10/26/2017, 16:17:52
    Service HPE Face Extractor Services installed
10/26/2017, 16:18:06
    C:\HewlettPackardEnterprise\face-extraction-app\setup\XYNTService.exe
10/26/2017, 16:18:06
    C:\HewlettPackardEnterprise\face-extraction-app\setup\XYNTService.ini
10/26/2017, 16:18:06
    C:\HewlettPackardEnterprise\face-extraction-app\setup\XYNTService.log
10/26/2017, 16:18:06
    HPE Face Extractor Services
10/26/2017, 16:18:31
    C:\HewlettPackardEnterprise\face-extraction-app\setup\XYNTService.exe
10/26/2017, 16:18:31
    C:\HewlettPackardEnterprise\face-extraction-app\setup\XYNTService.ini
10/26/2017, 16:18:31
    C:\HewlettPackardEnterprise\face-extraction-app\setup\XYNTService.log
10/26/2017, 16:18:31
    HPE Face Extractor Services
10/26/2017, 16:18:31
    Failed to create service HPE Face Extractor Services, error code = 1073
10/26/2017, 16:21:52
    C:\HewlettPackardEnterprise\face-extraction-app\setup\XYNTService.exe
10/26/2017, 16:21:52
    C:\HewlettPackardEnterprise\face-extraction-app\setup\XYNTService.ini
10/26/2017, 16:21:52
    C:\HewlettPackardEnterprise\face-extraction-app\setup\XYNTService.log
10/26/2017, 16:21:52
    HPE Face Extractor Services
10/26/2017, 16:21:52
    Service HPE Face Extractor Services removed
10/26/2017, 16:21:55
    C:\HewlettPackardEnterprise\face-extraction-app\setup\XYNTService.exe
10/26/2017, 16:21:55
    C:\HewlettPackardEnterprise\face-extraction-app\setup\XYNTService.ini
10/26/2017, 16:21:55
    C:\HewlettPackardEnterprise\face-extraction-app\setup\XYNTService.log
10/26/2017, 16:21:55
    HPE Face Extractor Services
10/26/2017, 16:21:55
    Service HPE Face Extractor Services installed
10/26/2017, 16:22:22
    C:\HewlettPackardEnterprise\face-extraction-app\setup\XYNTService.exe
10/26/2017, 16:22:22
    C:\HewlettPackardEnterprise\face-extraction-app\setup\XYNTService.ini
10/26/2017, 16:22:22
    C:\HewlettPackardEnterprise\face-extraction-app\setup\XYNTService.log
10/26/2017, 16:22:22
    HPE Face Extractor Services
10/26/2017, 16:30:53
    Restarted process 0
10/26/2017, 16:30:54
    Restarted process 1
10/26/2017, 16:30:55
    Restarted process 2
10/26/2017, 16:31:26
    Restarted process 0
10/26/2017, 21:39:40
    C:\HewlettPackardEnterprise\face-extraction-app\setup\XYNTService.exe
10/26/2017, 21:39:40
    C:\HewlettPackardEnterprise\face-extraction-app\setup\XYNTService.ini
10/26/2017, 21:39:40
    C:\HewlettPackardEnterprise\face-extraction-app\setup\XYNTService.log
10/26/2017, 21:39:40
    HPE Face Extractor Services
10/26/2017, 21:43:29
    C:\HewlettPackardEnterprise\face-extraction-app\setup\XYNTService.exe
10/26/2017, 21:43:29
    C:\HewlettPackardEnterprise\face-extraction-app\setup\XYNTService.ini
10/26/2017, 21:43:29
    C:\HewlettPackardEnterprise\face-extraction-app\setup\XYNTService.log
10/26/2017, 21:43:29
    HPE Face Extractor Services
10/26/2017, 23:08:48
    C:\HewlettPackardEnterprise\face-extraction-app\setup\XYNTService.exe
10/26/2017, 23:08:48
    C:\HewlettPackardEnterprise\face-extraction-app\setup\XYNTService.ini
10/26/2017, 23:08:48
    C:\HewlettPackardEnterprise\face-extraction-app\setup\XYNTService.log
10/26/2017, 23:08:48
    HPE Face Extractor Services
10/26/2017, 23:08:48
    StartServiceCtrlDispatcher failed, error code = 1063
10/26/2017, 23:13:43
    C:\HewlettPackardEnterprise\face-extraction-app\setup\XYNTService.exe
10/26/2017, 23:13:43
    C:\HewlettPackardEnterprise\face-extraction-app\setup\XYNTService.ini
10/26/2017, 23:13:43
    C:\HewlettPackardEnterprise\face-extraction-app\setup\XYNTService.log
10/26/2017, 23:13:43
    HPE Face Extractor Services
10/26/2017, 23:13:43
    Service HPE Face Extractor Services removed
10/26/2017, 23:13:57
    C:\HewlettPackardEnterprise\face-extraction-app\setup\XYNTService.exe
10/26/2017, 23:13:57
    C:\HewlettPackardEnterprise\face-extraction-app\setup\XYNTService.ini
10/26/2017, 23:13:57
    C:\HewlettPackardEnterprise\face-extraction-app\setup\XYNTService.log
10/26/2017, 23:13:57
    HPE Face Extractor Services
10/26/2017, 23:13:57
    Service HPE Face Extractor Services installed
10/26/2017, 23:14:07
    C:\HewlettPackardEnterprise\face-extraction-app\setup\XYNTService.exe
10/26/2017, 23:14:07
    C:\HewlettPackardEnterprise\face-extraction-app\setup\XYNTService.ini
10/26/2017, 23:14:07
    C:\HewlettPackardEnterprise\face-extraction-app\setup\XYNTService.log
10/26/2017, 23:14:07
    HPE Face Extractor Services
10/26/2017, 23:16:12
    C:\HewlettPackardEnterprise\face-extraction-app\setup\XYNTService.exe
10/26/2017, 23:16:12
    C:\HewlettPackardEnterprise\face-extraction-app\setup\XYNTService.ini
10/26/2017, 23:16:12
    C:\HewlettPackardEnterprise\face-extraction-app\setup\XYNTService.log
10/26/2017, 23:16:12
    HPE Face Extractor Services
10/26/2017, 23:16:32
    C:\HewlettPackardEnterprise\face-extraction-app\setup\XYNTService.exe
10/26/2017, 23:16:32
    C:\HewlettPackardEnterprise\face-extraction-app\setup\XYNTService.ini
10/26/2017, 23:16:32
    C:\HewlettPackardEnterprise\face-extraction-app\setup\XYNTService.log
10/26/2017, 23:16:32
    HPE Face Extractor Services
10/26/2017, 23:18:02
    C:\HewlettPackardEnterprise\face-extraction-app\setup\XYNTService.exe
10/26/2017, 23:18:02
    C:\HewlettPackardEnterprise\face-extraction-app\setup\XYNTService.ini
10/26/2017, 23:18:02
    C:\HewlettPackardEnterprise\face-extraction-app\setup\XYNTService.log
10/26/2017, 23:18:02
    HPE Face Extractor Services
10/26/2017, 23:19:27
    C:\HewlettPackardEnterprise\face-extraction-app\setup\XYNTService.exe
10/26/2017, 23:19:27
    C:\HewlettPackardEnterprise\face-extraction-app\setup\XYNTService.ini
10/26/2017, 23:19:27
    C:\HewlettPackardEnterprise\face-extraction-app\setup\XYNTService.log
10/26/2017, 23:19:27
    HPE Face Extractor Services
10/26/2017, 23:19:54
    C:\HewlettPackardEnterprise\face-extraction-app\setup\XYNTService.exe
10/26/2017, 23:19:54
    C:\HewlettPackardEnterprise\face-extraction-app\setup\XYNTService.ini
10/26/2017, 23:19:54
    C:\HewlettPackardEnterprise\face-extraction-app\setup\XYNTService.log
10/26/2017, 23:19:54
    HPE Face Extractor Services
10/26/2017, 23:19:54
    Service HPE Face Extractor Services removed
10/26/2017, 23:19:58
    C:\HewlettPackardEnterprise\face-extraction-app\setup\XYNTService.exe
10/26/2017, 23:19:58
    C:\HewlettPackardEnterprise\face-extraction-app\setup\XYNTService.ini
10/26/2017, 23:19:58
    C:\HewlettPackardEnterprise\face-extraction-app\setup\XYNTService.log
10/26/2017, 23:19:58
    HPE Face Extractor Services
10/26/2017, 23:19:58
    Service HPE Face Extractor Services installed
10/26/2017, 23:21:13
    C:\HewlettPackardEnterprise\face-extraction-app\setup\XYNTService.exe
10/26/2017, 23:21:13
    C:\HewlettPackardEnterprise\face-extraction-app\setup\XYNTService.ini
10/26/2017, 23:21:13
    C:\HewlettPackardEnterprise\face-extraction-app\setup\XYNTService.log
10/26/2017, 23:21:13
    HPE Face Extractor Services
10/26/2017, 23:21:13
    Service HPE Face Extractor Services removed
10/26/2017, 23:21:18
    C:\HewlettPackardEnterprise\face-extraction-app\setup\XYNTService.exe
10/26/2017, 23:21:18
    C:\HewlettPackardEnterprise\face-extraction-app\setup\XYNTService.ini
10/26/2017, 23:21:18
    C:\HewlettPackardEnterprise\face-extraction-app\setup\XYNTService.log
10/26/2017, 23:21:18
    HPE Face Extractor Services
10/26/2017, 23:21:18
    Service HPE Face Extractor Services installed
10/26/2017, 23:21:29
    C:\HewlettPackardEnterprise\face-extraction-app\setup\XYNTService.exe
10/26/2017, 23:21:29
    C:\HewlettPackardEnterprise\face-extraction-app\setup\XYNTService.ini
10/26/2017, 23:21:29
    C:\HewlettPackardEnterprise\face-extraction-app\setup\XYNTService.log
10/26/2017, 23:21:29
    HPE Face Extractor Services
10/26/2017, 23:29:49
    C:\HewlettPackardEnterprise\face-extraction-app\setup\XYNTService.exe
10/26/2017, 23:29:49
    C:\HewlettPackardEnterprise\face-extraction-app\setup\XYNTService.ini
10/26/2017, 23:29:49
    C:\HewlettPackardEnterprise\face-extraction-app\setup\XYNTService.log
10/26/2017, 23:29:49
    HPE Face Extractor Services
10/26/2017, 23:31:21
    C:\HewlettPackardEnterprise\face-extraction-app\setup\XYNTService.exe
10/26/2017, 23:31:21
    C:\HewlettPackardEnterprise\face-extraction-app\setup\XYNTService.ini
10/26/2017, 23:31:21
    C:\HewlettPackardEnterprise\face-extraction-app\setup\XYNTService.log
10/26/2017, 23:31:21
    HPE Face Extractor Services
10/26/2017, 23:31:21
    Service HPE Face Extractor Services removed
10/26/2017, 23:33:13
    C:\HewlettPackardEnterprise\face-extraction-app\setup\XYNTService.exe
10/26/2017, 23:33:13
    C:\HewlettPackardEnterprise\face-extraction-app\setup\XYNTService.ini
10/26/2017, 23:33:13
    C:\HewlettPackardEnterprise\face-extraction-app\setup\XYNTService.log
10/26/2017, 23:33:13
    HPE Face Extractor Services
10/26/2017, 23:33:13
    Service HPE Face Extractor Services installed
10/26/2017, 23:33:28
    C:\HewlettPackardEnterprise\face-extraction-app\setup\XYNTService.exe
10/26/2017, 23:33:28
    C:\HewlettPackardEnterprise\face-extraction-app\setup\XYNTService.ini
10/26/2017, 23:33:28
    C:\HewlettPackardEnterprise\face-extraction-app\setup\XYNTService.log
10/26/2017, 23:33:28
    HPE Face Extractor Services
10/26/2017, 23:37:05
    C:\HewlettPackardEnterprise\face-extraction-app\setup\XYNTService.exe
10/26/2017, 23:37:05
    C:\HewlettPackardEnterprise\face-extraction-app\setup\XYNTService.ini
10/26/2017, 23:37:05
    C:\HewlettPackardEnterprise\face-extraction-app\setup\XYNTService.log
10/26/2017, 23:37:05
    HPE Face Extractor Services
10/26/2017, 23:47:40
    C:\HewlettPackardEnterprise\face-extraction-app\setup\XYNTService.exe
10/26/2017, 23:47:40
    C:\HewlettPackardEnterprise\face-extraction-app\setup\XYNTService.ini
10/26/2017, 23:47:40
    C:\HewlettPackardEnterprise\face-extraction-app\setup\XYNTService.log
10/26/2017, 23:47:40
    HPE Face Extractor Services
10/26/2017, 23:47:40
    Service HPE Face Extractor Services removed
10/26/2017, 23:47:56
    C:\HewlettPackardEnterprise\face-extraction-app\setup\XYNTService.exe
10/26/2017, 23:47:56
    C:\HewlettPackardEnterprise\face-extraction-app\setup\XYNTService.ini
10/26/2017, 23:47:56
    C:\HewlettPackardEnterprise\face-extraction-app\setup\XYNTService.log
10/26/2017, 23:47:56
    HPE Face Extractor Services
10/26/2017, 23:47:56
    Service HPE Face Extractor Services installed
10/26/2017, 23:48:06
    C:\HewlettPackardEnterprise\face-extraction-app\setup\XYNTService.exe
10/26/2017, 23:48:06
    C:\HewlettPackardEnterprise\face-extraction-app\setup\XYNTService.ini
10/26/2017, 23:48:06
    C:\HewlettPackardEnterprise\face-extraction-app\setup\XYNTService.log
10/26/2017, 23:48:06
    HPE Face Extractor Services
10/26/2017, 23:59:56
    C:\HewlettPackardEnterprise\HavenKitPlatform\setup\XYNTService.exe
10/26/2017, 23:59:56
    C:\HewlettPackardEnterprise\HavenKitPlatform\setup\XYNTService.ini
10/26/2017, 23:59:56
    C:\HewlettPackardEnterprise\HavenKitPlatform\setup\XYNTService.log
10/26/2017, 23:59:56
    HPE HavenKitPlatform Services
10/26/2017, 23:59:56
    Service HPE HavenKitPlatform Services installed
10/27/2017, 00:00:16
    C:\HewlettPackardEnterprise\HavenKitPlatform\setup\XYNTService.exe
10/27/2017, 00:00:16
    C:\HewlettPackardEnterprise\HavenKitPlatform\setup\XYNTService.ini
10/27/2017, 00:00:16
    C:\HewlettPackardEnterprise\HavenKitPlatform\setup\XYNTService.log
10/27/2017, 00:00:16
    HPE HavenKitPlatform Services
10/27/2017, 00:11:29
    C:\HewlettPackardEnterprise\HavenKitPlatform\setup\XYNTService.exe
10/27/2017, 00:11:29
    C:\HewlettPackardEnterprise\HavenKitPlatform\setup\XYNTService.ini
10/27/2017, 00:11:29
    C:\HewlettPackardEnterprise\HavenKitPlatform\setup\XYNTService.log
10/27/2017, 00:11:29
    HPE HavenKitPlatform Services
10/27/2017, 11:12:05
    C:\HewlettPackardEnterprise\HavenKitPlatform\setup\XYNTService.exe
10/27/2017, 11:12:05
    C:\HewlettPackardEnterprise\HavenKitPlatform\setup\XYNTService.ini
10/27/2017, 11:12:05
    C:\HewlettPackardEnterprise\HavenKitPlatform\setup\XYNTService.log
10/27/2017, 11:12:05
    HPE HavenKitPlatform Services
10/27/2017, 13:48:28
    C:\HewlettPackardEnterprise\HavenKitPlatform\setup\XYNTService.exe
10/27/2017, 13:48:28
    C:\HewlettPackardEnterprise\HavenKitPlatform\setup\XYNTService.ini
10/27/2017, 13:48:28
    C:\HewlettPackardEnterprise\HavenKitPlatform\setup\XYNTService.log
10/27/2017, 13:48:28
    HPE HavenKitPlatform Services
10/27/2017, 14:26:02
    C:\HewlettPackardEnterprise\HavenKitPlatform\setup\XYNTService.exe
10/27/2017, 14:26:02
    C:\HewlettPackardEnterprise\HavenKitPlatform\setup\XYNTService.ini
10/27/2017, 14:26:02
    C:\HewlettPackardEnterprise\HavenKitPlatform\setup\XYNTService.log
10/27/2017, 14:26:02
    HPE HavenKitPlatform Services
10/27/2017, 16:17:44
    C:\HewlettPackardEnterprise\HavenKitPlatform\setup\XYNTService.exe
10/27/2017, 16:17:44
    C:\HewlettPackardEnterprise\HavenKitPlatform\setup\XYNTService.ini
10/27/2017, 16:17:44
    C:\HewlettPackardEnterprise\HavenKitPlatform\setup\XYNTService.log
10/27/2017, 16:17:44
    HPE HavenKitPlatform Services
10/30/2017, 10:10:35
    C:\HewlettPackardEnterprise\HavenKitPlatform\setup\XYNTService.exe
10/30/2017, 10:10:35
    C:\HewlettPackardEnterprise\HavenKitPlatform\setup\XYNTService.ini
10/30/2017, 10:10:35
    C:\HewlettPackardEnterprise\HavenKitPlatform\setup\XYNTService.log
10/30/2017, 10:10:35
    HPE HavenKitPlatform Services
10/30/2017, 19:17:26
    C:\HewlettPackardEnterprise\HavenKitPlatform\setup\XYNTService.exe
10/30/2017, 19:17:26
    C:\HewlettPackardEnterprise\HavenKitPlatform\setup\XYNTService.ini
10/30/2017, 19:17:26
    C:\HewlettPackardEnterprise\HavenKitPlatform\setup\XYNTService.log
10/30/2017, 19:17:26
    HPE HavenKitPlatform Services
10/31/2017, 11:16:22
    C:\HewlettPackardEnterprise\HavenKitPlatform\setup\XYNTService.exe
10/31/2017, 11:16:22
    C:\HewlettPackardEnterprise\HavenKitPlatform\setup\XYNTService.ini
10/31/2017, 11:16:22
    C:\HewlettPackardEnterprise\HavenKitPlatform\setup\XYNTService.log
10/31/2017, 11:16:22
    HPE HavenKitPlatform Services
11/01/2017, 10:22:33
    C:\HewlettPackardEnterprise\HavenKitPlatform\setup\XYNTService.exe
11/01/2017, 10:22:33
    C:\HewlettPackardEnterprise\HavenKitPlatform\setup\XYNTService.ini
11/01/2017, 10:22:33
    C:\HewlettPackardEnterprise\HavenKitPlatform\setup\XYNTService.log
11/01/2017, 10:22:33
    HPE HavenKitPlatform Services
11/02/2017, 11:18:51
    C:\HewlettPackardEnterprise\HavenKitPlatform\setup\XYNTService.exe
11/02/2017, 11:18:51
    C:\HewlettPackardEnterprise\HavenKitPlatform\setup\XYNTService.ini
11/02/2017, 11:18:51
    C:\HewlettPackardEnterprise\HavenKitPlatform\setup\XYNTService.log
11/02/2017, 11:18:51
    HPE HavenKitPlatform Services
11/03/2017, 11:22:48
    C:\HewlettPackardEnterprise\HavenKitPlatform\setup\XYNTService.exe
11/03/2017, 11:22:48
    C:\HewlettPackardEnterprise\HavenKitPlatform\setup\XYNTService.ini
11/03/2017, 11:22:48
    C:\HewlettPackardEnterprise\HavenKitPlatform\setup\XYNTService.log
11/03/2017, 11:22:48
    HPE HavenKitPlatform Services
