2017-10-27 00:27:39 - Starting C:\Program Files\nodejs\node.exe  --harmony C:\Users\krsarkar\AppData\Roaming\npm\node_modules\node-windows\lib\wrapper.js --file C:\HewlettPackardEnterprise\HavenKitPlatform\bin\www --log "A1 wrapper" --grow 0.25 --wait 1 --maxrestarts 3 --abortonerror n --stopparentfirst undefined
2017-10-27 00:27:39 - Started 10316
2017-10-27 00:28:19 - Stopping a1.exe
2017-10-27 00:28:19 - ProcessKill 10316
2017-10-27 00:28:19 - Found child process: 7884 Name: node.exe
2017-10-27 00:28:19 - Stopping process 7884
2017-10-27 00:28:19 - Send SIGINT 7884
2017-10-27 00:28:20 - SIGINT to 7884 failed - Killing as fallback
2017-10-27 00:28:20 - Stopping process 10316
2017-10-27 00:28:20 - Send SIGINT 10316
2017-10-27 00:28:20 - SIGINT to10316 successful
2017-10-27 00:28:20 - Finished a1.exe
2017-10-27 00:28:20 - Starting C:\Program Files\nodejs\node.exe  --harmony C:\Users\krsarkar\AppData\Roaming\npm\node_modules\node-windows\lib\wrapper.js --file C:\HewlettPackardEnterprise\HavenKitPlatform\bin\www --log "A1 wrapper" --grow 0.25 --wait 1 --maxrestarts 3 --abortonerror n --stopparentfirst undefined
2017-10-27 00:28:20 - Started 13084
2017-10-27 00:28:29 - Stopping a1.exe
2017-10-27 00:28:29 - ProcessKill 13084
2017-10-27 00:28:30 - Found child process: 8756 Name: node.exe
2017-10-27 00:28:30 - Stopping process 8756
2017-10-27 00:28:30 - Send SIGINT 8756
2017-10-27 00:28:30 - SIGINT to 8756 failed - Killing as fallback
2017-10-27 00:28:30 - Stopping process 13084
2017-10-27 00:28:30 - Send SIGINT 13084
2017-10-27 00:28:30 - SIGINT to13084 successful
2017-10-27 00:28:30 - Finished a1.exe
2017-10-27 00:28:31 - Starting C:\Program Files\nodejs\node.exe  --harmony C:\Users\krsarkar\AppData\Roaming\npm\node_modules\node-windows\lib\wrapper.js --file C:\HewlettPackardEnterprise\HavenKitPlatform\bin\www --log "A1 wrapper" --grow 0.25 --wait 1 --maxrestarts 3 --abortonerror n --stopparentfirst undefined
2017-10-27 00:28:31 - Started 6640
2017-10-27 00:36:14 - Stopping a1.exe
2017-10-27 00:36:14 - ProcessKill 6640
2017-10-27 00:36:15 - Found child process: 9000 Name: node.exe
2017-10-27 00:36:15 - Stopping process 9000
2017-10-27 00:36:15 - Send SIGINT 9000
2017-10-27 00:36:15 - SIGINT to 9000 failed - Killing as fallback
2017-10-27 00:36:15 - Stopping process 6640
2017-10-27 00:36:15 - Send SIGINT 6640
2017-10-27 00:36:15 - SIGINT to6640 successful
2017-10-27 00:36:15 - Finished a1.exe
2017-10-27 00:40:03 - Starting C:\Program Files\nodejs\node.exe  --harmony C:\Users\krsarkar\AppData\Roaming\npm\node_modules\node-windows\lib\wrapper.js --file C:\HewlettPackardEnterprise\HavenKitPlatform\bin\www --log "A1 wrapper" --grow 0.25 --wait 1 --maxrestarts 3 --abortonerror n --stopparentfirst undefined
2017-10-27 00:40:03 - Started 7444
2017-10-27 00:53:07 - Stopping a1.exe
2017-10-27 00:53:07 - ProcessKill 7444
2017-10-27 00:53:08 - Found child process: 12876 Name: node.exe
2017-10-27 00:53:09 - Stopping process 12876
2017-10-27 00:53:09 - Send SIGINT 12876
2017-10-27 00:53:09 - SIGINT to 12876 failed - Killing as fallback
2017-10-27 00:53:09 - Stopping process 7444
2017-10-27 00:53:09 - Send SIGINT 7444
2017-10-27 00:53:09 - SIGINT to7444 successful
2017-10-27 00:53:09 - Finished a1.exe
2017-10-27 00:53:22 - Starting C:\Program Files\nodejs\node.exe  --harmony C:\Users\krsarkar\AppData\Roaming\npm\node_modules\node-windows\lib\wrapper.js --file C:\HewlettPackardEnterprise\HavenKitPlatform\bin\www --log "A1 wrapper" --grow 0.25 --wait 1 --maxrestarts 3 --abortonerror n --stopparentfirst undefined
2017-10-27 00:53:22 - Started 9440
2017-10-27 01:02:23 - Stopping a1.exe
2017-10-27 01:02:23 - ProcessKill 9440
2017-10-27 01:02:24 - Found child process: 3580 Name: node.exe
2017-10-27 01:02:24 - Stopping process 3580
2017-10-27 01:02:24 - Send SIGINT 3580
2017-10-27 01:02:24 - SIGINT to 3580 failed - Killing as fallback
2017-10-27 01:02:24 - Stopping process 9440
2017-10-27 01:02:24 - Send SIGINT 9440
2017-10-27 01:02:25 - SIGINT to9440 successful
2017-10-27 01:02:25 - Finished a1.exe
2017-10-27 11:11:48 - Starting C:\Program Files\nodejs\node.exe  --harmony C:\Users\krsarkar\AppData\Roaming\npm\node_modules\node-windows\lib\wrapper.js --file C:\HewlettPackardEnterprise\HavenKitPlatform\bin\www --log "A1 wrapper" --grow 0.25 --wait 1 --maxrestarts 3 --abortonerror n --stopparentfirst undefined
2017-10-27 11:11:48 - Started 2228
2017-10-27 14:25:45 - Starting C:\Program Files\nodejs\node.exe  --harmony C:\Users\krsarkar\AppData\Roaming\npm\node_modules\node-windows\lib\wrapper.js --file C:\HewlettPackardEnterprise\HavenKitPlatform\bin\www --log "A1 wrapper" --grow 0.25 --wait 1 --maxrestarts 3 --abortonerror n --stopparentfirst undefined
2017-10-27 14:25:45 - Started 2224
2017-10-27 14:28:39 - Stopping a1.exe
2017-10-27 14:28:39 - ProcessKill 2224
2017-10-27 14:28:39 - Found child process: 2808 Name: node.exe
2017-10-27 14:28:40 - Stopping process 2808
2017-10-27 14:28:40 - Send SIGINT 2808
2017-10-27 14:28:40 - SIGINT to 2808 failed - Killing as fallback
2017-10-27 14:28:40 - Stopping process 2224
2017-10-27 14:28:40 - Send SIGINT 2224
2017-10-27 14:28:40 - SIGINT to2224 successful
2017-10-27 14:28:40 - Finished a1.exe
2017-10-30 10:10:18 - Starting C:\Program Files\nodejs\node.exe  --harmony C:\Users\krsarkar\AppData\Roaming\npm\node_modules\node-windows\lib\wrapper.js --file C:\HewlettPackardEnterprise\HavenKitPlatform\bin\www --log "A1 wrapper" --grow 0.25 --wait 1 --maxrestarts 3 --abortonerror n --stopparentfirst undefined
2017-10-30 10:10:18 - Started 2204
2017-10-30 19:17:07 - Starting C:\Program Files\nodejs\node.exe  --harmony C:\Users\krsarkar\AppData\Roaming\npm\node_modules\node-windows\lib\wrapper.js --file C:\HewlettPackardEnterprise\HavenKitPlatform\bin\www --log "A1 wrapper" --grow 0.25 --wait 1 --maxrestarts 3 --abortonerror n --stopparentfirst undefined
2017-10-30 19:17:07 - Started 2232
2017-10-31 01:50:05 - Stopping a1.exe
2017-10-31 01:50:05 - ProcessKill 2232
2017-10-31 01:50:06 - Found child process: 2820 Name: node.exe
2017-10-31 01:50:07 - Stopping process 2820
2017-10-31 01:50:07 - Send SIGINT 2820
2017-10-31 01:50:07 - SIGINT to 2820 failed - Killing as fallback
2017-10-31 01:50:07 - Stopping process 2232
2017-10-31 01:50:07 - Send SIGINT 2232
2017-10-31 01:50:07 - SIGINT to2232 successful
2017-10-31 01:50:07 - Finished a1.exe
2017-10-31 11:16:04 - Starting C:\Program Files\nodejs\node.exe  --harmony C:\Users\krsarkar\AppData\Roaming\npm\node_modules\node-windows\lib\wrapper.js --file C:\HewlettPackardEnterprise\HavenKitPlatform\bin\www --log "A1 wrapper" --grow 0.25 --wait 1 --maxrestarts 3 --abortonerror n --stopparentfirst undefined
2017-10-31 11:16:04 - Started 2216
2017-11-01 01:40:39 - Stopping a1.exe
2017-11-01 01:40:39 - ProcessKill 2216
2017-11-01 01:40:40 - Found child process: 2836 Name: node.exe
2017-11-01 01:40:40 - Stopping process 2836
2017-11-01 01:40:40 - Send SIGINT 2836
2017-11-01 01:40:40 - SIGINT to 2836 failed - Killing as fallback
2017-11-01 01:40:40 - Stopping process 2216
2017-11-01 01:40:40 - Send SIGINT 2216
2017-11-01 01:40:40 - SIGINT to2216 successful
2017-11-01 01:40:40 - Finished a1.exe
2017-11-01 10:22:12 - Starting C:\Program Files\nodejs\node.exe  --harmony C:\Users\krsarkar\AppData\Roaming\npm\node_modules\node-windows\lib\wrapper.js --file C:\HewlettPackardEnterprise\HavenKitPlatform\bin\www --log "A1 wrapper" --grow 0.25 --wait 1 --maxrestarts 3 --abortonerror n --stopparentfirst undefined
2017-11-01 10:22:13 - Started 2256
2017-11-02 11:18:33 - Starting C:\Program Files\nodejs\node.exe  --harmony C:\Users\krsarkar\AppData\Roaming\npm\node_modules\node-windows\lib\wrapper.js --file C:\HewlettPackardEnterprise\HavenKitPlatform\bin\www --log "A1 wrapper" --grow 0.25 --wait 1 --maxrestarts 3 --abortonerror n --stopparentfirst undefined
2017-11-02 11:18:33 - Started 2232
2017-11-03 02:10:26 - Stopping a1.exe
2017-11-03 02:10:26 - ProcessKill 2232
2017-11-03 02:10:27 - Found child process: 2876 Name: node.exe
2017-11-03 02:10:27 - Stopping process 2876
2017-11-03 02:10:27 - Send SIGINT 2876
2017-11-03 02:10:27 - SIGINT to 2876 failed - Killing as fallback
2017-11-03 02:10:27 - Stopping process 2232
2017-11-03 02:10:27 - Send SIGINT 2232
2017-11-03 02:10:27 - SIGINT to2232 successful
2017-11-03 02:10:27 - Finished a1.exe
2017-11-03 11:22:30 - Starting C:\Program Files\nodejs\node.exe  --harmony C:\Users\krsarkar\AppData\Roaming\npm\node_modules\node-windows\lib\wrapper.js --file C:\HewlettPackardEnterprise\HavenKitPlatform\bin\www --log "A1 wrapper" --grow 0.25 --wait 1 --maxrestarts 3 --abortonerror n --stopparentfirst undefined
2017-11-03 11:22:30 - Started 2276
2017-11-05 15:27:11 - Starting C:\Program Files\nodejs\node.exe  --harmony C:\Users\krsarkar\AppData\Roaming\npm\node_modules\node-windows\lib\wrapper.js --file C:\HewlettPackardEnterprise\HavenKitPlatform\bin\www --log "A1 wrapper" --grow 0.25 --wait 1 --maxrestarts 3 --abortonerror n --stopparentfirst undefined
2017-11-05 15:27:11 - Started 2276
2017-11-05 15:32:49 - Stopping a1.exe
2017-11-05 15:32:49 - ProcessKill 2276
2017-11-05 15:32:50 - Found child process: 2980 Name: node.exe
2017-11-05 15:32:51 - Stopping process 2980
2017-11-05 15:32:51 - Send SIGINT 2980
2017-11-05 15:32:51 - SIGINT to 2980 failed - Killing as fallback
2017-11-05 15:32:51 - Stopping process 2276
2017-11-05 15:32:51 - Send SIGINT 2276
2017-11-05 15:32:51 - SIGINT to2276 successful
2017-11-05 15:32:51 - Finished a1.exe
2017-11-05 18:57:05 - Starting C:\Program Files\nodejs\node.exe  --harmony C:\Users\krsarkar\AppData\Roaming\npm\node_modules\node-windows\lib\wrapper.js --file C:\HewlettPackardEnterprise\HavenKitPlatform\bin\www --log "A1 wrapper" --grow 0.25 --wait 1 --maxrestarts 3 --abortonerror n --stopparentfirst undefined
2017-11-05 18:57:06 - Started 2200
2017-11-06 11:20:58 - Starting C:\Program Files\nodejs\node.exe  --harmony C:\Users\krsarkar\AppData\Roaming\npm\node_modules\node-windows\lib\wrapper.js --file C:\HewlettPackardEnterprise\HavenKitPlatform\bin\www --log "A1 wrapper" --grow 0.25 --wait 1 --maxrestarts 3 --abortonerror n --stopparentfirst undefined
2017-11-06 11:20:58 - Started 2216
2017-11-06 20:02:53 - Stopping a1.exe
2017-11-06 20:02:53 - ProcessKill 2216
2017-11-06 20:02:54 - Found child process: 2860 Name: node.exe
2017-11-06 20:02:54 - Stopping process 2860
2017-11-06 20:02:54 - Send SIGINT 2860
2017-11-06 20:02:55 - SIGINT to 2860 failed - Killing as fallback
2017-11-06 20:02:55 - Stopping process 2216
2017-11-06 20:02:55 - Send SIGINT 2216
2017-11-06 20:02:55 - SIGINT to2216 successful
2017-11-06 20:02:55 - Finished a1.exe
2017-11-06 20:58:36 - Starting C:\Program Files\nodejs\node.exe  --harmony C:\Users\krsarkar\AppData\Roaming\npm\node_modules\node-windows\lib\wrapper.js --file C:\HewlettPackardEnterprise\HavenKitPlatform\bin\www --log "A1 wrapper" --grow 0.25 --wait 1 --maxrestarts 3 --abortonerror n --stopparentfirst undefined
2017-11-06 20:58:36 - Started 2284
2017-11-06 22:33:56 - Starting C:\Program Files\nodejs\node.exe  --harmony C:\Users\krsarkar\AppData\Roaming\npm\node_modules\node-windows\lib\wrapper.js --file C:\HewlettPackardEnterprise\HavenKitPlatform\bin\www --log "A1 wrapper" --grow 0.25 --wait 1 --maxrestarts 3 --abortonerror n --stopparentfirst undefined
2017-11-06 22:33:56 - Started 2240
2017-11-07 11:38:18 - Starting C:\Program Files\nodejs\node.exe  --harmony C:\Users\krsarkar\AppData\Roaming\npm\node_modules\node-windows\lib\wrapper.js --file C:\HewlettPackardEnterprise\HavenKitPlatform\bin\www --log "A1 wrapper" --grow 0.25 --wait 1 --maxrestarts 3 --abortonerror n --stopparentfirst undefined
2017-11-07 11:38:18 - Started 2288
2017-11-07 14:54:57 - Stopping a1.exe
2017-11-07 14:54:57 - ProcessKill 2288
2017-11-07 14:54:57 - Found child process: 2976 Name: node.exe
2017-11-07 14:54:58 - Stopping process 2976
2017-11-07 14:54:58 - Send SIGINT 2976
2017-11-07 14:54:58 - SIGINT to 2976 failed - Killing as fallback
2017-11-07 14:54:58 - Stopping process 2288
2017-11-07 14:54:58 - Send SIGINT 2288
2017-11-07 14:54:58 - SIGINT to2288 successful
2017-11-07 14:54:58 - Finished a1.exe
2017-11-08 09:57:36 - Starting C:\Program Files\nodejs\node.exe  --harmony C:\Users\krsarkar\AppData\Roaming\npm\node_modules\node-windows\lib\wrapper.js --file C:\HewlettPackardEnterprise\HavenKitPlatform\bin\www --log "A1 wrapper" --grow 0.25 --wait 1 --maxrestarts 3 --abortonerror n --stopparentfirst undefined
2017-11-08 09:57:37 - Started 2236
2017-11-10 18:03:46 - Stopping a1.exe
2017-11-10 18:03:46 - ProcessKill 2236
2017-11-10 18:03:48 - Found child process: 2944 Name: node.exe
2017-11-10 18:03:48 - Stopping process 2944
2017-11-10 18:03:48 - Send SIGINT 2944
2017-11-10 18:03:48 - SIGINT to 2944 failed - Killing as fallback
2017-11-10 18:03:48 - Stopping process 2236
2017-11-10 18:03:48 - Send SIGINT 2236
2017-11-10 18:03:48 - SIGINT to2236 successful
2017-11-10 18:03:48 - Finished a1.exe
2017-11-10 18:04:39 - Starting C:\Program Files\nodejs\node.exe  --harmony C:\Users\krsarkar\AppData\Roaming\npm\node_modules\node-windows\lib\wrapper.js --file C:\HewlettPackardEnterprise\HavenKitPlatform\bin\www --log "A1 wrapper" --grow 0.25 --wait 1 --maxrestarts 3 --abortonerror n --stopparentfirst undefined
2017-11-10 18:04:39 - Started 2220
2017-11-10 21:19:30 - Starting C:\Program Files\nodejs\node.exe  --harmony C:\Users\krsarkar\AppData\Roaming\npm\node_modules\node-windows\lib\wrapper.js --file C:\HewlettPackardEnterprise\HavenKitPlatform\bin\www --log "A1 wrapper" --grow 0.25 --wait 1 --maxrestarts 3 --abortonerror n --stopparentfirst undefined
2017-11-10 21:19:31 - Started 2240
2017-11-11 10:52:58 - Starting C:\Program Files\nodejs\node.exe  --harmony C:\Users\krsarkar\AppData\Roaming\npm\node_modules\node-windows\lib\wrapper.js --file C:\HewlettPackardEnterprise\HavenKitPlatform\bin\www --log "A1 wrapper" --grow 0.25 --wait 1 --maxrestarts 3 --abortonerror n --stopparentfirst undefined
2017-11-11 10:52:58 - Started 2252
2017-11-13 01:22:36 - Stopping a1.exe
2017-11-13 01:22:36 - ProcessKill 2252
2017-11-13 01:22:37 - Found child process: 2872 Name: node.exe
2017-11-13 01:22:38 - Stopping process 2872
2017-11-13 01:22:38 - Send SIGINT 2872
2017-11-13 01:22:38 - SIGINT to 2872 failed - Killing as fallback
2017-11-13 01:22:38 - Stopping process 2252
2017-11-13 01:22:38 - Send SIGINT 2252
2017-11-13 01:22:38 - SIGINT to2252 successful
2017-11-13 01:22:38 - Finished a1.exe
2017-11-13 10:16:28 - Starting C:\Program Files\nodejs\node.exe  --harmony C:\Users\krsarkar\AppData\Roaming\npm\node_modules\node-windows\lib\wrapper.js --file C:\HewlettPackardEnterprise\HavenKitPlatform\bin\www --log "A1 wrapper" --grow 0.25 --wait 1 --maxrestarts 3 --abortonerror n --stopparentfirst undefined
2017-11-13 10:16:29 - Started 2244
2017-11-13 21:04:26 - Stopping a1.exe
2017-11-13 21:04:26 - ProcessKill 2244
2017-11-13 21:04:27 - Found child process: 2804 Name: node.exe
2017-11-13 21:04:28 - Stopping process 2804
2017-11-13 21:04:28 - Send SIGINT 2804
2017-11-13 21:04:28 - SIGINT to 2804 failed - Killing as fallback
2017-11-13 21:04:28 - Stopping process 2244
2017-11-13 21:04:28 - Send SIGINT 2244
2017-11-13 21:04:28 - SIGINT to2244 successful
2017-11-13 21:04:28 - Finished a1.exe
2017-11-13 21:10:52 - Starting C:\Program Files\nodejs\node.exe  --harmony C:\Users\krsarkar\AppData\Roaming\npm\node_modules\node-windows\lib\wrapper.js --file C:\HewlettPackardEnterprise\HavenKitPlatform\bin\www --log "A1 wrapper" --grow 0.25 --wait 1 --maxrestarts 3 --abortonerror n --stopparentfirst undefined
2017-11-13 21:10:53 - Started 2236
2017-11-13 21:32:33 - Starting C:\Program Files\nodejs\node.exe  --harmony C:\Users\krsarkar\AppData\Roaming\npm\node_modules\node-windows\lib\wrapper.js --file C:\HewlettPackardEnterprise\HavenKitPlatform\bin\www --log "A1 wrapper" --grow 0.25 --wait 1 --maxrestarts 3 --abortonerror n --stopparentfirst undefined
2017-11-13 21:32:34 - Started 2232
