2017-10-27 01:05:33 - Starting C:\Program Files\nodejs\node.exe  --harmony C:\Users\krsarkar\AppData\Roaming\npm\node_modules\node-windows\lib\wrapper.js --file C:\HewlettPackardEnterprise\HavenKitPlatform\bin\www --log "B2 wrapper" --grow 0.25 --wait 1 --maxrestarts 3 --abortonerror n --stopparentfirst undefined
2017-10-27 01:05:33 - Started 3456
2017-10-27 01:09:43 - Stopping b2.exe
2017-10-27 01:09:43 - ProcessKill 3456
2017-10-27 01:09:44 - Found child process: 13060 Name: node.exe
2017-10-27 01:09:44 - Found child process: 12740 Name: cmd.exe
2017-10-27 01:09:44 - Found child process: 6384 Name: cmd.exe
2017-10-27 01:09:44 - Found child process: 3688 Name: cmd.exe
2017-10-27 01:09:44 - Found child process: 3204 Name: cmd.exe
2017-10-27 01:09:44 - Found child process: 10292 Name: cmd.exe
2017-10-27 01:09:45 - Stopping process 12740
2017-10-27 01:09:45 - Send SIGINT 12740
2017-10-27 01:10:15 - SIGINT to 12740 failed - Killing as fallback
2017-10-27 01:10:16 - Stopping process 6384
2017-10-27 01:10:16 - Send SIGINT 6384
2017-10-27 01:10:16 - SIGINT to 6384 failed - Killing as fallback
2017-10-27 01:10:17 - Stopping process 3688
2017-10-27 01:10:17 - Send SIGINT 3688
2017-10-27 01:10:17 - SIGINT to 3688 failed - Killing as fallback
2017-10-27 01:10:17 - Stopping process 3204
2017-10-27 01:10:17 - Send SIGINT 3204
2017-10-27 01:10:17 - SIGINT to 3204 failed - Killing as fallback
2017-10-27 01:10:18 - Stopping process 10292
2017-10-27 01:10:18 - Send SIGINT 10292
2017-10-27 01:10:18 - SIGINT to 10292 failed - Killing as fallback
2017-10-27 01:10:18 - Stopping process 13060
2017-10-27 01:10:18 - Send SIGINT 13060
2017-10-27 01:10:18 - SIGINT to 13060 failed - Killing as fallback
2017-10-27 01:10:18 - Stopping process 3456
2017-10-27 01:10:18 - Send SIGINT 3456
2017-10-27 01:10:18 - SIGINT to 3456 failed - Killing as fallback
2017-10-27 01:10:18 - Finished b2.exe
2017-10-27 01:10:19 - Starting C:\Program Files\nodejs\node.exe  --harmony C:\Users\krsarkar\AppData\Roaming\npm\node_modules\node-windows\lib\wrapper.js --file C:\HewlettPackardEnterprise\HavenKitPlatform\bin\www --log "B2 wrapper" --grow 0.25 --wait 1 --maxrestarts 3 --abortonerror n --stopparentfirst undefined
2017-10-27 01:10:19 - Started 10728
2017-10-27 01:12:23 - Stopping b2.exe
2017-10-27 01:12:23 - ProcessKill 10728
2017-10-27 01:12:24 - Found child process: 11088 Name: node.exe
2017-10-27 01:12:25 - Found child process: 6408 Name: cmd.exe
2017-10-27 01:12:25 - Stopping process 6408
2017-10-27 01:12:26 - Send SIGINT 6408
2017-10-27 01:12:56 - SIGINT to 6408 failed - Killing as fallback
2017-10-27 01:12:56 - Stopping process 11088
2017-10-27 01:12:56 - Send SIGINT 11088
2017-10-27 01:12:56 - SIGINT to 11088 failed - Killing as fallback
2017-10-27 01:12:56 - Stopping process 10728
2017-10-27 01:12:56 - Send SIGINT 10728
2017-10-27 01:12:56 - SIGINT to 10728 failed - Killing as fallback
2017-10-27 01:12:56 - Finished b2.exe
2017-10-27 01:13:50 - Starting C:\Program Files\nodejs\node.exe  --harmony C:\Users\krsarkar\AppData\Roaming\npm\node_modules\node-windows\lib\wrapper.js --file C:\HewlettPackardEnterprise\HavenKitPlatform\bin\www --log "B2 wrapper" --grow 0.25 --wait 1 --maxrestarts 3 --abortonerror n --stopparentfirst undefined
2017-10-27 01:13:50 - Started 1748
2017-10-27 01:17:45 - Stopping b2.exe
2017-10-27 01:17:45 - ProcessKill 1748
2017-10-27 01:17:48 - Found child process: 5144 Name: node.exe
2017-10-27 01:17:49 - Found child process: 11880 Name: cmd.exe
2017-10-27 01:17:50 - Found child process: 12676 Name: cmd.exe
2017-10-27 01:17:50 - Found child process: 10496 Name: cmd.exe
2017-10-27 01:17:50 - Found child process: 10668 Name: cmd.exe
2017-10-27 01:17:50 - Found child process: 13156 Name: cmd.exe
2017-10-27 01:17:50 - Found child process: 13252 Name: cmd.exe
2017-10-27 01:17:50 - Found child process: 1884 Name: cmd.exe
2017-10-27 01:17:50 - Found child process: 13168 Name: cmd.exe
2017-10-27 01:17:50 - Found child process: 3484 Name: cmd.exe
2017-10-27 01:17:50 - Found child process: 13220 Name: cmd.exe
2017-10-27 01:17:50 - Found child process: 7492 Name: cmd.exe
2017-10-27 01:17:50 - Found child process: 12544 Name: cmd.exe
2017-10-27 01:17:50 - Found child process: 11444 Name: cmd.exe
2017-10-27 01:17:50 - Found child process: 12956 Name: cmd.exe
2017-10-27 01:17:50 - Found child process: 4264 Name: cmd.exe
2017-10-27 01:17:50 - Found child process: 7180 Name: cmd.exe
2017-10-27 01:17:50 - Found child process: 11200 Name: cmd.exe
2017-10-27 01:17:50 - Found child process: 11592 Name: cmd.exe
2017-10-27 01:17:50 - Found child process: 11300 Name: cmd.exe
2017-10-27 01:17:50 - Found child process: 10148 Name: cmd.exe
2017-10-27 01:17:50 - Found child process: 11032 Name: cmd.exe
2017-10-27 01:17:50 - Found child process: 1724 Name: cmd.exe
2017-10-27 01:17:51 - Stopping process 11880
2017-10-27 01:17:51 - Send SIGINT 11880
2017-10-27 01:18:21 - SIGINT to 11880 failed - Killing as fallback
2017-10-27 01:18:22 - Stopping process 12676
2017-10-27 01:18:22 - Send SIGINT 12676
2017-10-27 01:18:22 - SIGINT to 12676 failed - Killing as fallback
2017-10-27 01:18:23 - Stopping process 10496
2017-10-27 01:18:23 - Send SIGINT 10496
2017-10-27 01:18:23 - SIGINT to 10496 failed - Killing as fallback
2017-10-27 01:18:24 - Stopping process 10668
2017-10-27 01:18:24 - Send SIGINT 10668
2017-10-27 01:18:24 - SIGINT to 10668 failed - Killing as fallback
2017-10-27 01:18:25 - Stopping process 13156
2017-10-27 01:18:25 - Send SIGINT 13156
2017-10-27 01:18:25 - SIGINT to 13156 failed - Killing as fallback
2017-10-27 01:18:26 - Stopping process 13252
2017-10-27 01:18:26 - Send SIGINT 13252
2017-10-27 01:18:26 - SIGINT to 13252 failed - Killing as fallback
2017-10-27 01:18:27 - Stopping process 1884
2017-10-27 01:18:27 - Send SIGINT 1884
2017-10-27 01:18:27 - SIGINT to 1884 failed - Killing as fallback
2017-10-27 01:18:28 - Stopping process 13168
2017-10-27 01:18:28 - Send SIGINT 13168
2017-10-27 01:18:28 - SIGINT to 13168 failed - Killing as fallback
2017-10-27 01:18:29 - Stopping process 3484
2017-10-27 01:18:29 - Send SIGINT 3484
2017-10-27 01:18:29 - SIGINT to 3484 failed - Killing as fallback
2017-10-27 01:18:29 - Stopping process 13220
2017-10-27 01:18:29 - Send SIGINT 13220
2017-10-27 01:18:29 - SIGINT to 13220 failed - Killing as fallback
2017-10-27 01:18:30 - Stopping process 7492
2017-10-27 01:18:30 - Send SIGINT 7492
2017-10-27 01:18:30 - SIGINT to 7492 failed - Killing as fallback
2017-10-27 01:18:30 - Stopping process 12544
2017-10-27 01:18:30 - Send SIGINT 12544
2017-10-27 01:18:30 - SIGINT to 12544 failed - Killing as fallback
2017-10-27 01:18:31 - Stopping process 11444
2017-10-27 01:18:31 - Send SIGINT 11444
2017-10-27 01:18:31 - SIGINT to 11444 failed - Killing as fallback
2017-10-27 01:18:31 - Stopping process 12956
2017-10-27 01:18:31 - Send SIGINT 12956
2017-10-27 01:18:31 - SIGINT to 12956 failed - Killing as fallback
2017-10-27 01:18:32 - Stopping process 4264
2017-10-27 01:18:32 - Send SIGINT 4264
2017-10-27 01:18:32 - SIGINT to 4264 failed - Killing as fallback
2017-10-27 01:18:32 - Stopping process 7180
2017-10-27 01:18:32 - Send SIGINT 7180
2017-10-27 01:18:32 - SIGINT to 7180 failed - Killing as fallback
2017-10-27 01:18:33 - Stopping process 11200
2017-10-27 01:18:33 - Send SIGINT 11200
2017-10-27 01:18:33 - SIGINT to 11200 failed - Killing as fallback
2017-10-27 01:18:33 - Stopping process 11592
2017-10-27 01:18:33 - Send SIGINT 11592
2017-10-27 01:18:33 - SIGINT to 11592 failed - Killing as fallback
2017-10-27 01:18:34 - Stopping process 11300
2017-10-27 01:18:34 - Send SIGINT 11300
2017-10-27 01:18:34 - SIGINT to 11300 failed - Killing as fallback
2017-10-27 01:18:34 - Stopping process 10148
2017-10-27 01:18:34 - Send SIGINT 10148
2017-10-27 01:18:34 - SIGINT to 10148 failed - Killing as fallback
2017-10-27 01:18:35 - Stopping process 11032
2017-10-27 01:18:35 - Send SIGINT 11032
2017-10-27 01:18:35 - SIGINT to 11032 failed - Killing as fallback
2017-10-27 01:18:35 - Stopping process 1724
2017-10-27 01:18:35 - Send SIGINT 1724
2017-10-27 01:18:35 - SIGINT to 1724 failed - Killing as fallback
2017-10-27 01:18:35 - Stopping process 5144
2017-10-27 01:18:35 - Send SIGINT 5144
2017-10-27 01:18:35 - SIGINT to 5144 failed - Killing as fallback
2017-10-27 01:18:35 - Stopping process 1748
2017-10-27 01:18:35 - Send SIGINT 1748
2017-10-27 01:18:35 - SIGINT to 1748 failed - Killing as fallback
2017-10-27 01:18:35 - Finished b2.exe
2017-10-27 11:11:49 - Starting C:\Program Files\nodejs\node.exe  --harmony C:\Users\krsarkar\AppData\Roaming\npm\node_modules\node-windows\lib\wrapper.js --file C:\HewlettPackardEnterprise\HavenKitPlatform\bin\www --log "B2 wrapper" --grow 0.25 --wait 1 --maxrestarts 3 --abortonerror n --stopparentfirst undefined
2017-10-27 11:11:49 - Started 2616
2017-10-27 11:51:50 - Starting C:\Program Files\nodejs\node.exe  --harmony C:\Users\krsarkar\AppData\Roaming\npm\node_modules\node-windows\lib\wrapper.js --file C:\HewlettPackardEnterprise\HavenKitPlatform\bin\www --log "B2 wrapper" --grow 0.25 --wait 1 --maxrestarts 3 --abortonerror n --stopparentfirst undefined
2017-10-27 11:51:50 - Started 10784
2017-10-27 12:20:01 - Starting C:\Program Files\nodejs\node.exe  --harmony C:\Users\krsarkar\AppData\Roaming\npm\node_modules\node-windows\lib\wrapper.js --file C:\HewlettPackardEnterprise\HavenKitPlatform\bin\www --log "B2 wrapper" --grow 0.25 --wait 1 --maxrestarts 3 --abortonerror n --stopparentfirst undefined
2017-10-27 12:20:01 - Started 11840
2017-10-27 12:32:09 - Stopping b2.exe
2017-10-27 12:32:09 - ProcessKill 11840
2017-10-27 12:32:09 - Found child process: 3988 Name: node.exe
2017-10-27 12:32:10 - Found child process: 11496 Name: cmd.exe
2017-10-27 12:32:10 - Found child process: 9720 Name: cmd.exe
2017-10-27 12:32:10 - Found child process: 5436 Name: cmd.exe
2017-10-27 12:32:10 - Found child process: 12828 Name: cmd.exe
2017-10-27 12:32:10 - Stopping process 11496
2017-10-27 12:32:10 - Send SIGINT 11496
2017-10-27 12:32:40 - SIGINT to 11496 failed - Killing as fallback
2017-10-27 12:32:40 - Stopping process 9720
2017-10-27 12:32:40 - Send SIGINT 9720
2017-10-27 12:32:40 - SIGINT to 9720 failed - Killing as fallback
2017-10-27 12:32:41 - Stopping process 5436
2017-10-27 12:32:41 - Send SIGINT 5436
2017-10-27 12:32:41 - SIGINT to 5436 failed - Killing as fallback
2017-10-27 12:32:41 - Stopping process 12828
2017-10-27 12:32:41 - Send SIGINT 12828
2017-10-27 12:32:41 - SIGINT to 12828 failed - Killing as fallback
2017-10-27 12:32:41 - Stopping process 3988
2017-10-27 12:32:41 - Send SIGINT 3988
2017-10-27 12:32:41 - SIGINT to 3988 failed - Killing as fallback
2017-10-27 12:32:41 - Stopping process 11840
2017-10-27 12:32:41 - Send SIGINT 11840
2017-10-27 12:32:41 - SIGINT to 11840 failed - Killing as fallback
2017-10-27 12:32:41 - Finished b2.exe
2017-10-27 12:38:11 - Starting C:\Program Files\nodejs\node.exe  --harmony C:\Users\krsarkar\AppData\Roaming\npm\node_modules\node-windows\lib\wrapper.js --file C:\HewlettPackardEnterprise\HavenKitPlatform\bin\www --log "B2 wrapper" --grow 0.25 --wait 1 --maxrestarts 3 --abortonerror n --stopparentfirst undefined
2017-10-27 12:38:11 - Started 5332
2017-10-27 13:47:55 - Stopping b2.exe
2017-10-27 13:47:55 - ProcessKill 5332
2017-10-27 13:47:55 - Found child process: 11500 Name: node.exe
2017-10-27 13:47:55 - Stopping process 11500
2017-10-27 13:47:55 - Send SIGINT 11500
2017-10-27 13:47:55 - SIGINT to 11500 failed - Killing as fallback
2017-10-27 13:47:55 - Stopping process 5332
2017-10-27 13:47:55 - Send SIGINT 5332
2017-10-27 13:47:56 - SIGINT to5332 successful
2017-10-27 13:47:56 - Finished b2.exe
2017-10-27 14:25:45 - Starting C:\Program Files\nodejs\node.exe  --harmony C:\Users\krsarkar\AppData\Roaming\npm\node_modules\node-windows\lib\wrapper.js --file C:\HewlettPackardEnterprise\HavenKitPlatform\bin\www --log "B2 wrapper" --grow 0.25 --wait 1 --maxrestarts 3 --abortonerror n --stopparentfirst undefined
2017-10-27 14:25:45 - Started 2596
2017-10-28 03:16:32 - Starting C:\Program Files\nodejs\node.exe  --harmony C:\Users\krsarkar\AppData\Roaming\npm\node_modules\node-windows\lib\wrapper.js --file C:\HewlettPackardEnterprise\HavenKitPlatform\bin\www --log "B2 wrapper" --grow 0.25 --wait 1 --maxrestarts 3 --abortonerror n --stopparentfirst undefined
2017-10-28 03:16:32 - Started 9864
2017-10-28 03:17:28 - Stopping b2.exe
2017-10-28 03:17:28 - ProcessKill 9864
2017-10-28 03:17:29 - Found child process: 14696 Name: node.exe
2017-10-28 03:17:29 - Found child process: 11144 Name: cmd.exe
2017-10-28 03:17:29 - Stopping process 11144
2017-10-28 03:17:29 - Send SIGINT 11144
2017-10-28 03:17:59 - SIGINT to 11144 failed - Killing as fallback
2017-10-28 03:17:59 - Stopping process 14696
2017-10-28 03:17:59 - Send SIGINT 14696
2017-10-28 03:17:59 - SIGINT to 14696 failed - Killing as fallback
2017-10-28 03:17:59 - Stopping process 9864
2017-10-28 03:17:59 - Send SIGINT 9864
2017-10-28 03:17:59 - SIGINT to 9864 failed - Killing as fallback
2017-10-28 03:17:59 - Finished b2.exe
2017-10-28 03:51:49 - Starting C:\Program Files\nodejs\node.exe  --harmony C:\Users\krsarkar\AppData\Roaming\npm\node_modules\node-windows\lib\wrapper.js --file C:\HewlettPackardEnterprise\HavenKitPlatform\bin\www --log "B2 wrapper" --grow 0.25 --wait 1 --maxrestarts 3 --abortonerror n --stopparentfirst undefined
2017-10-28 03:51:49 - Started 13360
2017-10-28 13:37:25 - Stopping b2.exe
2017-10-28 13:37:25 - ProcessKill 13360
2017-10-28 13:37:26 - Found child process: 2812 Name: node.exe
2017-10-28 13:37:26 - Found child process: 14792 Name: cmd.exe
2017-10-28 13:37:26 - Found child process: 13884 Name: cmd.exe
2017-10-28 13:37:26 - Found child process: 15724 Name: cmd.exe
2017-10-28 13:37:26 - Found child process: 10508 Name: cmd.exe
2017-10-28 13:37:27 - Stopping process 14792
2017-10-28 13:37:27 - Send SIGINT 14792
2017-10-28 13:37:57 - SIGINT to 14792 failed - Killing as fallback
2017-10-28 13:37:57 - Stopping process 13884
2017-10-28 13:37:57 - Send SIGINT 13884
2017-10-28 13:37:57 - SIGINT to 13884 failed - Killing as fallback
2017-10-28 13:37:58 - Stopping process 15724
2017-10-28 13:37:58 - Send SIGINT 15724
2017-10-28 13:37:58 - SIGINT to 15724 failed - Killing as fallback
2017-10-28 13:37:58 - Stopping process 10508
2017-10-28 13:37:58 - Send SIGINT 10508
2017-10-28 13:37:58 - SIGINT to 10508 failed - Killing as fallback
2017-10-28 13:37:58 - Stopping process 2812
2017-10-28 13:37:58 - Send SIGINT 2812
2017-10-28 13:37:58 - SIGINT to 2812 failed - Killing as fallback
2017-10-28 13:37:58 - Stopping process 13360
2017-10-28 13:37:58 - Send SIGINT 13360
2017-10-28 13:37:58 - SIGINT to 13360 failed - Killing as fallback
2017-10-28 13:37:58 - Finished b2.exe
2017-10-29 12:13:02 - Starting C:\Program Files\nodejs\node.exe  --harmony C:\Users\krsarkar\AppData\Roaming\npm\node_modules\node-windows\lib\wrapper.js --file C:\HewlettPackardEnterprise\HavenKitPlatform\bin\www --log "B2 wrapper" --grow 0.25 --wait 1 --maxrestarts 3 --abortonerror n --stopparentfirst undefined
2017-10-29 12:13:02 - Started 14572
2017-10-29 12:14:46 - Stopping b2.exe
2017-10-29 12:14:46 - ProcessKill 14572
2017-10-29 12:14:47 - Found child process: 15764 Name: node.exe
2017-10-29 12:14:48 - Stopping process 15764
2017-10-29 12:14:48 - Send SIGINT 15764
2017-10-29 12:14:48 - SIGINT to 15764 failed - Killing as fallback
2017-10-29 12:14:48 - Stopping process 14572
2017-10-29 12:14:48 - Send SIGINT 14572
2017-10-29 12:14:48 - SIGINT to14572 successful
2017-10-29 12:14:48 - Finished b2.exe
2017-10-29 12:16:45 - Starting C:\Program Files\nodejs\node.exe  --harmony C:\Users\krsarkar\AppData\Roaming\npm\node_modules\node-windows\lib\wrapper.js --file C:\HewlettPackardEnterprise\HavenKitPlatform\bin\www --log "B2 wrapper" --grow 0.25 --wait 1 --maxrestarts 3 --abortonerror n --stopparentfirst undefined
2017-10-29 12:16:45 - Started 18056
2017-10-29 12:20:40 - Stopping b2.exe
2017-10-29 12:20:40 - ProcessKill 18056
2017-10-29 12:20:41 - Found child process: 18896 Name: node.exe
2017-10-29 12:20:41 - Stopping process 18896
2017-10-29 12:20:41 - Send SIGINT 18896
2017-10-29 12:20:41 - SIGINT to 18896 failed - Killing as fallback
2017-10-29 12:20:41 - Stopping process 18056
2017-10-29 12:20:41 - Send SIGINT 18056
2017-10-29 12:20:42 - SIGINT to18056 successful
2017-10-29 12:20:42 - Finished b2.exe
2017-10-29 12:23:16 - Starting C:\Program Files\nodejs\node.exe  --harmony C:\Users\krsarkar\AppData\Roaming\npm\node_modules\node-windows\lib\wrapper.js --file C:\HewlettPackardEnterprise\HavenKitPlatform\bin\www --log "B2 wrapper" --grow 0.25 --wait 1 --maxrestarts 3 --abortonerror n --stopparentfirst undefined
2017-10-29 12:23:16 - Started 18480
2017-10-29 12:29:24 - Stopping b2.exe
2017-10-29 12:29:24 - ProcessKill 18480
2017-10-29 12:29:25 - Found child process: 19452 Name: node.exe
2017-10-29 12:29:26 - Stopping process 19452
2017-10-29 12:29:26 - Send SIGINT 19452
2017-10-29 12:29:26 - SIGINT to 19452 failed - Killing as fallback
2017-10-29 12:29:26 - Stopping process 18480
2017-10-29 12:29:26 - Send SIGINT 18480
2017-10-29 12:29:26 - SIGINT to18480 successful
2017-10-29 12:29:26 - Finished b2.exe
2017-10-30 10:10:18 - Starting C:\Program Files\nodejs\node.exe  --harmony C:\Users\krsarkar\AppData\Roaming\npm\node_modules\node-windows\lib\wrapper.js --file C:\HewlettPackardEnterprise\HavenKitPlatform\bin\www --log "B2 wrapper" --grow 0.25 --wait 1 --maxrestarts 3 --abortonerror n --stopparentfirst undefined
2017-10-30 10:10:18 - Started 2592
2017-10-30 14:20:37 - Starting C:\Program Files\nodejs\node.exe  --harmony C:\Users\krsarkar\AppData\Roaming\npm\node_modules\node-windows\lib\wrapper.js --file C:\HewlettPackardEnterprise\HavenKitPlatform\bin\www --log "B2 wrapper" --grow 0.25 --wait 1 --maxrestarts 3 --abortonerror n --stopparentfirst undefined
2017-10-30 14:20:37 - Started 584
2017-10-30 14:22:07 - Stopping b2.exe
2017-10-30 14:22:07 - ProcessKill 584
2017-10-30 14:22:08 - Found child process: 11776 Name: node.exe
2017-10-30 14:22:08 - Found child process: 12040 Name: cmd.exe
2017-10-30 14:22:08 - Found child process: 13380 Name: cmd.exe
2017-10-30 14:22:08 - Found child process: 11980 Name: cmd.exe
2017-10-30 14:22:08 - Found child process: 2380 Name: cmd.exe
2017-10-30 14:22:08 - Found child process: 9844 Name: cmd.exe
2017-10-30 14:22:09 - Stopping process 12040
2017-10-30 14:22:09 - Send SIGINT 12040
2017-10-30 14:22:39 - SIGINT to 12040 failed - Killing as fallback
2017-10-30 14:22:39 - Stopping process 13380
2017-10-30 14:22:39 - Send SIGINT 13380
2017-10-30 14:22:39 - SIGINT to 13380 failed - Killing as fallback
2017-10-30 14:22:39 - Stopping process 11980
2017-10-30 14:22:39 - Send SIGINT 11980
2017-10-30 14:22:39 - SIGINT to 11980 failed - Killing as fallback
2017-10-30 14:22:40 - Stopping process 2380
2017-10-30 14:22:40 - Send SIGINT 2380
2017-10-30 14:22:40 - SIGINT to 2380 failed - Killing as fallback
2017-10-30 14:22:40 - Stopping process 9844
2017-10-30 14:22:40 - Send SIGINT 9844
2017-10-30 14:22:40 - SIGINT to 9844 failed - Killing as fallback
2017-10-30 14:22:40 - Stopping process 11776
2017-10-30 14:22:40 - Send SIGINT 11776
2017-10-30 14:22:40 - SIGINT to 11776 failed - Killing as fallback
2017-10-30 14:22:40 - Stopping process 584
2017-10-30 14:22:40 - Send SIGINT 584
2017-10-30 14:22:40 - SIGINT to 584 failed - Killing as fallback
2017-10-30 14:22:40 - Finished b2.exe
2017-10-30 14:46:16 - Starting C:\Program Files\nodejs\node.exe  --harmony C:\Users\krsarkar\AppData\Roaming\npm\node_modules\node-windows\lib\wrapper.js --file C:\HewlettPackardEnterprise\HavenKitPlatform\bin\www --log "B2 wrapper" --grow 0.25 --wait 1 --maxrestarts 3 --abortonerror n --stopparentfirst undefined
2017-10-30 14:46:16 - Started 14040
2017-10-30 14:56:28 - Stopping b2.exe
2017-10-30 14:56:28 - ProcessKill 14040
2017-10-30 14:56:28 - Found child process: 13228 Name: node.exe
2017-10-30 14:56:29 - Found child process: 13816 Name: cmd.exe
2017-10-30 14:56:29 - Found child process: 2444 Name: cmd.exe
2017-10-30 14:56:29 - Found child process: 12220 Name: cmd.exe
2017-10-30 14:56:29 - Found child process: 11376 Name: cmd.exe
2017-10-30 14:56:29 - Stopping process 13816
2017-10-30 14:56:29 - Send SIGINT 13816
2017-10-30 14:56:59 - SIGINT to 13816 failed - Killing as fallback
2017-10-30 14:57:00 - Stopping process 2444
2017-10-30 14:57:00 - Send SIGINT 2444
2017-10-30 14:57:00 - SIGINT to 2444 failed - Killing as fallback
2017-10-30 14:57:00 - Stopping process 12220
2017-10-30 14:57:00 - Send SIGINT 12220
2017-10-30 14:57:00 - SIGINT to 12220 failed - Killing as fallback
2017-10-30 14:57:01 - Stopping process 11376
2017-10-30 14:57:01 - Send SIGINT 11376
2017-10-30 14:57:01 - SIGINT to 11376 failed - Killing as fallback
2017-10-30 14:57:01 - Stopping process 13228
2017-10-30 14:57:01 - Send SIGINT 13228
2017-10-30 14:57:01 - SIGINT to 13228 failed - Killing as fallback
2017-10-30 14:57:01 - Stopping process 14040
2017-10-30 14:57:01 - Send SIGINT 14040
2017-10-30 14:57:01 - SIGINT to 14040 failed - Killing as fallback
2017-10-30 14:57:01 - Finished b2.exe
2017-10-30 14:57:02 - Starting C:\Program Files\nodejs\node.exe  --harmony C:\Users\krsarkar\AppData\Roaming\npm\node_modules\node-windows\lib\wrapper.js --file C:\HewlettPackardEnterprise\HavenKitPlatform\bin\www --log "B2 wrapper" --grow 0.25 --wait 1 --maxrestarts 3 --abortonerror n --stopparentfirst undefined
2017-10-30 14:57:02 - Started 13336
2017-10-30 15:02:07 - Stopping b2.exe
2017-10-30 15:02:07 - ProcessKill 13336
2017-10-30 15:02:08 - Found child process: 12612 Name: node.exe
2017-10-30 15:02:08 - Stopping process 12612
2017-10-30 15:02:08 - Send SIGINT 12612
2017-10-30 15:02:08 - SIGINT to 12612 failed - Killing as fallback
2017-10-30 15:02:08 - Stopping process 13336
2017-10-30 15:02:08 - Send SIGINT 13336
2017-10-30 15:02:09 - SIGINT to13336 successful
2017-10-30 15:02:09 - Finished b2.exe
2017-10-30 15:09:36 - Starting C:\Program Files\nodejs\node.exe  --harmony C:\Users\krsarkar\AppData\Roaming\npm\node_modules\node-windows\lib\wrapper.js --file C:\HewlettPackardEnterprise\HavenKitPlatform\bin\www --log "B2 wrapper" --grow 0.25 --wait 1 --maxrestarts 3 --abortonerror n --stopparentfirst undefined
2017-10-30 15:09:36 - Started 5480
2017-10-30 15:13:20 - Stopping b2.exe
2017-10-30 15:13:20 - ProcessKill 5480
2017-10-30 15:13:21 - Found child process: 15016 Name: node.exe
2017-10-30 15:13:21 - Stopping process 15016
2017-10-30 15:13:21 - Send SIGINT 15016
2017-10-30 15:13:21 - SIGINT to 15016 failed - Killing as fallback
2017-10-30 15:13:21 - Stopping process 5480
2017-10-30 15:13:21 - Send SIGINT 5480
2017-10-30 15:13:21 - SIGINT to5480 successful
2017-10-30 15:13:21 - Finished b2.exe
2017-10-30 16:01:14 - Starting C:\Program Files\nodejs\node.exe  --harmony C:\Users\krsarkar\AppData\Roaming\npm\node_modules\node-windows\lib\wrapper.js --file C:\HewlettPackardEnterprise\HavenKitPlatform\bin\www --log "B2 wrapper" --grow 0.25 --wait 1 --maxrestarts 3 --abortonerror n --stopparentfirst undefined
2017-10-30 16:01:14 - Started 13176
2017-10-30 19:16:16 - Stopping b2.exe
2017-10-30 19:16:16 - ProcessKill 13176
2017-10-30 19:16:17 - Found child process: 15136 Name: node.exe
2017-10-30 19:16:18 - Found child process: 11532 Name: cmd.exe
2017-10-30 19:16:18 - Found child process: 14604 Name: cmd.exe
2017-10-30 19:16:18 - Found child process: 14048 Name: cmd.exe
2017-10-30 19:16:18 - Found child process: 11980 Name: cmd.exe
2017-10-30 19:16:18 - Found child process: 2476 Name: cmd.exe
2017-10-30 19:16:18 - Found child process: 10072 Name: cmd.exe
2017-10-30 19:16:18 - Found child process: 11044 Name: cmd.exe
2017-10-30 19:16:18 - Found child process: 14096 Name: cmd.exe
2017-10-30 19:16:18 - Found child process: 13732 Name: cmd.exe
2017-10-30 19:16:18 - Found child process: 13680 Name: cmd.exe
2017-10-30 19:16:18 - Found child process: 10348 Name: cmd.exe
2017-10-30 19:16:18 - Found child process: 196 Name: cmd.exe
2017-10-30 19:16:18 - Found child process: 12304 Name: cmd.exe
2017-10-30 19:16:18 - Found child process: 3828 Name: cmd.exe
2017-10-30 19:16:18 - Found child process: 14264 Name: cmd.exe
2017-10-30 19:16:18 - Found child process: 6628 Name: cmd.exe
2017-10-30 19:16:18 - Found child process: 9120 Name: cmd.exe
2017-10-30 19:16:18 - Found child process: 1796 Name: cmd.exe
2017-10-30 19:16:18 - Found child process: 2424 Name: cmd.exe
2017-10-30 19:16:18 - Found child process: 2500 Name: cmd.exe
2017-10-30 19:16:18 - Found child process: 15264 Name: cmd.exe
2017-10-30 19:16:18 - Found child process: 5912 Name: cmd.exe
2017-10-30 19:16:18 - Found child process: 9212 Name: cmd.exe
2017-10-30 19:16:18 - Found child process: 5764 Name: cmd.exe
2017-10-30 19:16:18 - Stopping process 11532
2017-10-30 19:16:18 - Send SIGINT 11532
2017-10-30 19:17:08 - Starting C:\Program Files\nodejs\node.exe  --harmony C:\Users\krsarkar\AppData\Roaming\npm\node_modules\node-windows\lib\wrapper.js --file C:\HewlettPackardEnterprise\HavenKitPlatform\bin\www --log "B2 wrapper" --grow 0.25 --wait 1 --maxrestarts 3 --abortonerror n --stopparentfirst undefined
2017-10-30 19:17:08 - Started 2624
2017-10-31 11:16:05 - Starting C:\Program Files\nodejs\node.exe  --harmony C:\Users\krsarkar\AppData\Roaming\npm\node_modules\node-windows\lib\wrapper.js --file C:\HewlettPackardEnterprise\HavenKitPlatform\bin\www --log "B2 wrapper" --grow 0.25 --wait 1 --maxrestarts 3 --abortonerror n --stopparentfirst undefined
2017-10-31 11:16:05 - Started 2576
2017-11-01 10:22:14 - Starting C:\Program Files\nodejs\node.exe  --harmony C:\Users\krsarkar\AppData\Roaming\npm\node_modules\node-windows\lib\wrapper.js --file C:\HewlettPackardEnterprise\HavenKitPlatform\bin\www --log "B2 wrapper" --grow 0.25 --wait 1 --maxrestarts 3 --abortonerror n --stopparentfirst undefined
2017-11-01 10:22:14 - Started 2724
2017-11-02 11:18:34 - Starting C:\Program Files\nodejs\node.exe  --harmony C:\Users\krsarkar\AppData\Roaming\npm\node_modules\node-windows\lib\wrapper.js --file C:\HewlettPackardEnterprise\HavenKitPlatform\bin\www --log "B2 wrapper" --grow 0.25 --wait 1 --maxrestarts 3 --abortonerror n --stopparentfirst undefined
2017-11-02 11:18:34 - Started 2616
2017-11-03 11:22:31 - Starting C:\Program Files\nodejs\node.exe  --harmony C:\Users\krsarkar\AppData\Roaming\npm\node_modules\node-windows\lib\wrapper.js --file C:\HewlettPackardEnterprise\HavenKitPlatform\bin\www --log "B2 wrapper" --grow 0.25 --wait 1 --maxrestarts 3 --abortonerror n --stopparentfirst undefined
2017-11-03 11:22:31 - Started 2636
2017-11-05 14:19:22 - Stopping b2.exe
2017-11-05 14:19:22 - ProcessKill 2636
2017-11-05 14:19:22 - Found child process: 3100 Name: node.exe
2017-11-05 14:19:23 - Stopping process 3100
2017-11-05 14:19:23 - Send SIGINT 3100
2017-11-05 14:19:23 - SIGINT to 3100 failed - Killing as fallback
2017-11-05 14:19:23 - Stopping process 2636
2017-11-05 14:19:23 - Send SIGINT 2636
2017-11-05 14:19:23 - SIGINT to2636 successful
2017-11-05 14:19:23 - Finished b2.exe
2017-11-05 14:29:41 - Starting C:\Program Files\nodejs\node.exe  --harmony C:\Users\krsarkar\AppData\Roaming\npm\node_modules\node-windows\lib\wrapper.js --file C:\HewlettPackardEnterprise\HavenKitPlatform\bin\www --log "B2 wrapper" --grow 0.25 --wait 1 --maxrestarts 3 --abortonerror n --stopparentfirst undefined
2017-11-05 14:29:41 - Started 1896
2017-11-05 14:35:31 - Stopping b2.exe
2017-11-05 14:35:31 - ProcessKill 1896
2017-11-05 14:35:32 - Found child process: 17072 Name: node.exe
2017-11-05 14:35:33 - Found child process: 10608 Name: cmd.exe
2017-11-05 14:35:33 - Found child process: 15136 Name: cmd.exe
2017-11-05 14:35:33 - Found child process: 17364 Name: cmd.exe
2017-11-05 14:35:33 - Found child process: 16536 Name: cmd.exe
2017-11-05 14:35:33 - Found child process: 7476 Name: cmd.exe
2017-11-05 14:35:33 - Found child process: 15628 Name: cmd.exe
2017-11-05 14:35:33 - Stopping process 10608
2017-11-05 14:35:33 - Send SIGINT 10608
2017-11-05 14:36:03 - SIGINT to 10608 failed - Killing as fallback
2017-11-05 14:36:03 - Stopping process 15136
2017-11-05 14:36:03 - Send SIGINT 15136
2017-11-05 14:36:03 - SIGINT to 15136 failed - Killing as fallback
2017-11-05 14:36:04 - Stopping process 17364
2017-11-05 14:36:04 - Send SIGINT 17364
2017-11-05 14:36:04 - SIGINT to 17364 failed - Killing as fallback
2017-11-05 14:36:05 - Stopping process 16536
2017-11-05 14:36:05 - Send SIGINT 16536
2017-11-05 14:36:05 - SIGINT to 16536 failed - Killing as fallback
2017-11-05 14:36:05 - Stopping process 7476
2017-11-05 14:36:05 - Send SIGINT 7476
2017-11-05 14:36:05 - SIGINT to 7476 failed - Killing as fallback
2017-11-05 14:36:06 - Stopping process 15628
2017-11-05 14:36:06 - Send SIGINT 15628
2017-11-05 14:36:06 - SIGINT to 15628 failed - Killing as fallback
2017-11-05 14:36:06 - Stopping process 17072
2017-11-05 14:36:06 - Send SIGINT 17072
2017-11-05 14:36:06 - SIGINT to 17072 failed - Killing as fallback
2017-11-05 14:36:06 - Stopping process 1896
2017-11-05 14:36:06 - Send SIGINT 1896
2017-11-05 14:36:06 - SIGINT to 1896 failed - Killing as fallback
2017-11-05 14:36:06 - Finished b2.exe
2017-11-05 14:36:07 - Starting C:\Program Files\nodejs\node.exe  --harmony C:\Users\krsarkar\AppData\Roaming\npm\node_modules\node-windows\lib\wrapper.js --file C:\HewlettPackardEnterprise\HavenKitPlatform\bin\www --log "B2 wrapper" --grow 0.25 --wait 1 --maxrestarts 3 --abortonerror n --stopparentfirst undefined
2017-11-05 14:36:07 - Started 3504
2017-11-05 15:27:12 - Starting C:\Program Files\nodejs\node.exe  --harmony C:\Users\krsarkar\AppData\Roaming\npm\node_modules\node-windows\lib\wrapper.js --file C:\HewlettPackardEnterprise\HavenKitPlatform\bin\www --log "B2 wrapper" --grow 0.25 --wait 1 --maxrestarts 3 --abortonerror n --stopparentfirst undefined
2017-11-05 15:27:12 - Started 2768
2017-11-05 18:57:06 - Starting C:\Program Files\nodejs\node.exe  --harmony C:\Users\krsarkar\AppData\Roaming\npm\node_modules\node-windows\lib\wrapper.js --file C:\HewlettPackardEnterprise\HavenKitPlatform\bin\www --log "B2 wrapper" --grow 0.25 --wait 1 --maxrestarts 3 --abortonerror n --stopparentfirst undefined
2017-11-05 18:57:06 - Started 2652
2017-11-06 01:08:19 - Stopping b2.exe
2017-11-06 01:08:19 - ProcessKill 2652
2017-11-06 01:08:20 - Found child process: 2724 Name: node.exe
2017-11-06 01:08:21 - Stopping process 2724
2017-11-06 01:08:21 - Send SIGINT 2724
2017-11-06 01:08:21 - SIGINT to 2724 failed - Killing as fallback
2017-11-06 01:08:21 - Stopping process 2652
2017-11-06 01:08:21 - Send SIGINT 2652
2017-11-06 01:08:21 - SIGINT to2652 successful
2017-11-06 01:08:21 - Finished b2.exe
2017-11-06 11:20:59 - Starting C:\Program Files\nodejs\node.exe  --harmony C:\Users\krsarkar\AppData\Roaming\npm\node_modules\node-windows\lib\wrapper.js --file C:\HewlettPackardEnterprise\HavenKitPlatform\bin\www --log "B2 wrapper" --grow 0.25 --wait 1 --maxrestarts 3 --abortonerror n --stopparentfirst undefined
2017-11-06 11:20:59 - Started 2588
2017-11-06 20:58:37 - Starting C:\Program Files\nodejs\node.exe  --harmony C:\Users\krsarkar\AppData\Roaming\npm\node_modules\node-windows\lib\wrapper.js --file C:\HewlettPackardEnterprise\HavenKitPlatform\bin\www --log "B2 wrapper" --grow 0.25 --wait 1 --maxrestarts 3 --abortonerror n --stopparentfirst undefined
2017-11-06 20:58:37 - Started 2732
2017-11-06 22:33:57 - Starting C:\Program Files\nodejs\node.exe  --harmony C:\Users\krsarkar\AppData\Roaming\npm\node_modules\node-windows\lib\wrapper.js --file C:\HewlettPackardEnterprise\HavenKitPlatform\bin\www --log "B2 wrapper" --grow 0.25 --wait 1 --maxrestarts 3 --abortonerror n --stopparentfirst undefined
2017-11-06 22:33:57 - Started 2608
2017-11-07 11:38:19 - Starting C:\Program Files\nodejs\node.exe  --harmony C:\Users\krsarkar\AppData\Roaming\npm\node_modules\node-windows\lib\wrapper.js --file C:\HewlettPackardEnterprise\HavenKitPlatform\bin\www --log "B2 wrapper" --grow 0.25 --wait 1 --maxrestarts 3 --abortonerror n --stopparentfirst undefined
2017-11-07 11:38:19 - Started 2648
2017-11-08 09:57:37 - Starting C:\Program Files\nodejs\node.exe  --harmony C:\Users\krsarkar\AppData\Roaming\npm\node_modules\node-windows\lib\wrapper.js --file C:\HewlettPackardEnterprise\HavenKitPlatform\bin\www --log "B2 wrapper" --grow 0.25 --wait 1 --maxrestarts 3 --abortonerror n --stopparentfirst undefined
2017-11-08 09:57:37 - Started 2620
2017-11-10 18:04:40 - Starting C:\Program Files\nodejs\node.exe  --harmony C:\Users\krsarkar\AppData\Roaming\npm\node_modules\node-windows\lib\wrapper.js --file C:\HewlettPackardEnterprise\HavenKitPlatform\bin\www --log "B2 wrapper" --grow 0.25 --wait 1 --maxrestarts 3 --abortonerror n --stopparentfirst undefined
2017-11-10 18:04:40 - Started 2616
2017-11-10 21:19:31 - Starting C:\Program Files\nodejs\node.exe  --harmony C:\Users\krsarkar\AppData\Roaming\npm\node_modules\node-windows\lib\wrapper.js --file C:\HewlettPackardEnterprise\HavenKitPlatform\bin\www --log "B2 wrapper" --grow 0.25 --wait 1 --maxrestarts 3 --abortonerror n --stopparentfirst undefined
2017-11-10 21:19:31 - Started 2608
2017-11-11 10:52:59 - Starting C:\Program Files\nodejs\node.exe  --harmony C:\Users\krsarkar\AppData\Roaming\npm\node_modules\node-windows\lib\wrapper.js --file C:\HewlettPackardEnterprise\HavenKitPlatform\bin\www --log "B2 wrapper" --grow 0.25 --wait 1 --maxrestarts 3 --abortonerror n --stopparentfirst undefined
2017-11-11 10:52:59 - Started 2720
2017-11-13 10:16:29 - Starting C:\Program Files\nodejs\node.exe  --harmony C:\Users\krsarkar\AppData\Roaming\npm\node_modules\node-windows\lib\wrapper.js --file C:\HewlettPackardEnterprise\HavenKitPlatform\bin\www --log "B2 wrapper" --grow 0.25 --wait 1 --maxrestarts 3 --abortonerror n --stopparentfirst undefined
2017-11-13 10:16:29 - Started 2596
2017-11-13 21:10:53 - Starting C:\Program Files\nodejs\node.exe  --harmony C:\Users\krsarkar\AppData\Roaming\npm\node_modules\node-windows\lib\wrapper.js --file C:\HewlettPackardEnterprise\HavenKitPlatform\bin\www --log "B2 wrapper" --grow 0.25 --wait 1 --maxrestarts 3 --abortonerror n --stopparentfirst undefined
2017-11-13 21:10:54 - Started 2632
2017-11-13 21:30:52 - Stopping b2.exe
2017-11-13 21:30:52 - ProcessKill 2632
2017-11-13 21:30:53 - Found child process: 1480 Name: node.exe
2017-11-13 21:30:54 - Stopping process 1480
2017-11-13 21:30:54 - Send SIGINT 1480
2017-11-13 21:30:54 - SIGINT to 1480 failed - Killing as fallback
2017-11-13 21:30:54 - Stopping process 2632
2017-11-13 21:30:54 - Send SIGINT 2632
2017-11-13 21:30:54 - SIGINT to2632 successful
2017-11-13 21:30:54 - Finished b2.exe
2017-11-13 21:32:35 - Starting C:\Program Files\nodejs\node.exe  --harmony C:\Users\krsarkar\AppData\Roaming\npm\node_modules\node-windows\lib\wrapper.js --file C:\HewlettPackardEnterprise\HavenKitPlatform\bin\www --log "B2 wrapper" --grow 0.25 --wait 1 --maxrestarts 3 --abortonerror n --stopparentfirst undefined
2017-11-13 21:32:35 - Started 2652
2017-11-13 23:08:04 - Stopping b2.exe
2017-11-13 23:08:04 - ProcessKill 2652
2017-11-13 23:08:04 - Found child process: 1668 Name: node.exe
2017-11-13 23:08:05 - Stopping process 1668
2017-11-13 23:08:05 - Send SIGINT 1668
2017-11-13 23:08:05 - SIGINT to 1668 failed - Killing as fallback
2017-11-13 23:08:05 - Stopping process 2652
2017-11-13 23:08:05 - Send SIGINT 2652
2017-11-13 23:08:05 - SIGINT to2652 successful
2017-11-13 23:08:05 - Finished b2.exe
