(node:544) DeprecationWarning: os.tmpDir() is deprecated. Use os.tmpdir() instead.
Port 3000 is already in use
Port 3000 is already in use
Port 3000 is already in use
C:\Users\krsarkar\AppData\Roaming\npm\node_modules\node-windows\lib\wrapper.js:177
    child.send('shutdown');
         ^

TypeError: Cannot read property 'send' of null
    at process.killkid (C:\Users\krsarkar\AppData\Roaming\npm\node_modules\node-windows\lib\wrapper.js:177:10)
    at emitOne (events.js:96:13)
    at process.emit (events.js:191:7)
    at process.exit (internal/process.js:162:15)
    at monitor (C:\Users\krsarkar\AppData\Roaming\npm\node_modules\node-windows\lib\wrapper.js:99:17)
    at ChildProcess.<anonymous> (C:\Users\krsarkar\AppData\Roaming\npm\node_modules\node-windows\lib\wrapper.js:170:5)
    at emitTwo (events.js:106:13)
    at ChildProcess.emit (events.js:194:7)
    at Process.ChildProcess._handle.onexit (internal/child_process.js:215:12)
Port 3000 is already in use
Port 3000 is already in use
Port 3000 is already in use
C:\Users\krsarkar\AppData\Roaming\npm\node_modules\node-windows\lib\wrapper.js:177
    child.send('shutdown');
         ^

TypeError: Cannot read property 'send' of null
    at process.killkid (C:\Users\krsarkar\AppData\Roaming\npm\node_modules\node-windows\lib\wrapper.js:177:10)
    at emitOne (events.js:96:13)
    at process.emit (events.js:191:7)
    at process.exit (internal/process.js:162:15)
    at monitor (C:\Users\krsarkar\AppData\Roaming\npm\node_modules\node-windows\lib\wrapper.js:99:17)
    at ChildProcess.<anonymous> (C:\Users\krsarkar\AppData\Roaming\npm\node_modules\node-windows\lib\wrapper.js:170:5)
    at emitTwo (events.js:106:13)
    at ChildProcess.emit (events.js:194:7)
    at Process.ChildProcess._handle.onexit (internal/child_process.js:215:12)
Port 3000 is already in use
Port 3000 is already in use
Port 3000 is already in use
C:\Users\krsarkar\AppData\Roaming\npm\node_modules\node-windows\lib\wrapper.js:177
    child.send('shutdown');
         ^

TypeError: Cannot read property 'send' of null
    at process.killkid (C:\Users\krsarkar\AppData\Roaming\npm\node_modules\node-windows\lib\wrapper.js:177:10)
    at emitOne (events.js:96:13)
    at process.emit (events.js:191:7)
    at process.exit (internal/process.js:162:15)
    at monitor (C:\Users\krsarkar\AppData\Roaming\npm\node_modules\node-windows\lib\wrapper.js:99:17)
    at ChildProcess.<anonymous> (C:\Users\krsarkar\AppData\Roaming\npm\node_modules\node-windows\lib\wrapper.js:170:5)
    at emitTwo (events.js:106:13)
    at ChildProcess.emit (events.js:194:7)
    at Process.ChildProcess._handle.onexit (internal/child_process.js:215:12)
Port 3000 is already in use
Port 3000 is already in use
Port 3000 is already in use
C:\Users\krsarkar\AppData\Roaming\npm\node_modules\node-windows\lib\wrapper.js:177
    child.send('shutdown');
         ^

TypeError: Cannot read property 'send' of null
    at process.killkid (C:\Users\krsarkar\AppData\Roaming\npm\node_modules\node-windows\lib\wrapper.js:177:10)
    at emitOne (events.js:96:13)
    at process.emit (events.js:191:7)
    at process.exit (internal/process.js:162:15)
    at monitor (C:\Users\krsarkar\AppData\Roaming\npm\node_modules\node-windows\lib\wrapper.js:99:17)
    at ChildProcess.<anonymous> (C:\Users\krsarkar\AppData\Roaming\npm\node_modules\node-windows\lib\wrapper.js:170:5)
    at emitTwo (events.js:106:13)
    at ChildProcess.emit (events.js:194:7)
    at Process.ChildProcess._handle.onexit (internal/child_process.js:215:12)
Port 3000 is already in use
Port 3000 is already in use
Port 3000 is already in use
C:\Users\krsarkar\AppData\Roaming\npm\node_modules\node-windows\lib\wrapper.js:177
    child.send('shutdown');
         ^

TypeError: Cannot read property 'send' of null
    at process.killkid (C:\Users\krsarkar\AppData\Roaming\npm\node_modules\node-windows\lib\wrapper.js:177:10)
    at emitOne (events.js:96:13)
    at process.emit (events.js:191:7)
    at process.exit (internal/process.js:162:15)
    at monitor (C:\Users\krsarkar\AppData\Roaming\npm\node_modules\node-windows\lib\wrapper.js:99:17)
    at ChildProcess.<anonymous> (C:\Users\krsarkar\AppData\Roaming\npm\node_modules\node-windows\lib\wrapper.js:170:5)
    at emitTwo (events.js:106:13)
    at ChildProcess.emit (events.js:194:7)
    at Process.ChildProcess._handle.onexit (internal/child_process.js:215:12)
Port 3000 is already in use
Port 3000 is already in use
Port 3000 is already in use
C:\Users\krsarkar\AppData\Roaming\npm\node_modules\node-windows\lib\wrapper.js:177
    child.send('shutdown');
         ^

TypeError: Cannot read property 'send' of null
    at process.killkid (C:\Users\krsarkar\AppData\Roaming\npm\node_modules\node-windows\lib\wrapper.js:177:10)
    at emitOne (events.js:96:13)
    at process.emit (events.js:191:7)
    at process.exit (internal/process.js:162:15)
    at monitor (C:\Users\krsarkar\AppData\Roaming\npm\node_modules\node-windows\lib\wrapper.js:99:17)
    at ChildProcess.<anonymous> (C:\Users\krsarkar\AppData\Roaming\npm\node_modules\node-windows\lib\wrapper.js:170:5)
    at emitTwo (events.js:106:13)
    at ChildProcess.emit (events.js:194:7)
    at Process.ChildProcess._handle.onexit (internal/child_process.js:215:12)
Port 3000 is already in use
Port 3000 is already in use
Port 3000 is already in use
C:\Users\krsarkar\AppData\Roaming\npm\node_modules\node-windows\lib\wrapper.js:177
    child.send('shutdown');
         ^

TypeError: Cannot read property 'send' of null
    at process.killkid (C:\Users\krsarkar\AppData\Roaming\npm\node_modules\node-windows\lib\wrapper.js:177:10)
    at emitOne (events.js:96:13)
    at process.emit (events.js:191:7)
    at process.exit (internal/process.js:162:15)
    at monitor (C:\Users\krsarkar\AppData\Roaming\npm\node_modules\node-windows\lib\wrapper.js:99:17)
    at ChildProcess.<anonymous> (C:\Users\krsarkar\AppData\Roaming\npm\node_modules\node-windows\lib\wrapper.js:170:5)
    at emitTwo (events.js:106:13)
    at ChildProcess.emit (events.js:194:7)
    at Process.ChildProcess._handle.onexit (internal/child_process.js:215:12)
Port 3000 is already in use
Port 3000 is already in use
Port 3000 is already in use
C:\Users\krsarkar\AppData\Roaming\npm\node_modules\node-windows\lib\wrapper.js:177
    child.send('shutdown');
         ^

TypeError: Cannot read property 'send' of null
    at process.killkid (C:\Users\krsarkar\AppData\Roaming\npm\node_modules\node-windows\lib\wrapper.js:177:10)
    at emitOne (events.js:96:13)
    at process.emit (events.js:191:7)
    at process.exit (internal/process.js:162:15)
    at monitor (C:\Users\krsarkar\AppData\Roaming\npm\node_modules\node-windows\lib\wrapper.js:99:17)
    at ChildProcess.<anonymous> (C:\Users\krsarkar\AppData\Roaming\npm\node_modules\node-windows\lib\wrapper.js:170:5)
    at emitTwo (events.js:106:13)
    at ChildProcess.emit (events.js:194:7)
    at Process.ChildProcess._handle.onexit (internal/child_process.js:215:12)
Port 3000 is already in use
Port 3000 is already in use
Port 3000 is already in use
C:\Users\krsarkar\AppData\Roaming\npm\node_modules\node-windows\lib\wrapper.js:177
    child.send('shutdown');
         ^

TypeError: Cannot read property 'send' of null
    at process.killkid (C:\Users\krsarkar\AppData\Roaming\npm\node_modules\node-windows\lib\wrapper.js:177:10)
    at emitOne (events.js:96:13)
    at process.emit (events.js:191:7)
    at process.exit (internal/process.js:162:15)
    at monitor (C:\Users\krsarkar\AppData\Roaming\npm\node_modules\node-windows\lib\wrapper.js:99:17)
    at ChildProcess.<anonymous> (C:\Users\krsarkar\AppData\Roaming\npm\node_modules\node-windows\lib\wrapper.js:170:5)
    at emitTwo (events.js:106:13)
    at ChildProcess.emit (events.js:194:7)
    at Process.ChildProcess._handle.onexit (internal/child_process.js:215:12)
events.js:163
      throw er; // Unhandled 'error' event
      ^

Error: write EPIPE
    at exports._errnoException (util.js:1029:11)
    at ChildProcess.target._send (internal/child_process.js:676:20)
    at process.killkid (C:\Users\krsarkar\AppData\Roaming\npm\node_modules\node-windows\lib\wrapper.js:177:11)
    at emitNone (events.js:86:13)
    at process.emit (events.js:188:7)
    at Signal.wrap.onsignal (internal/process.js:215:44)
C:\Users\krsarkar\AppData\Roaming\npm\node_modules\node-windows\lib\wrapper.js:177
    child.send('shutdown');
         ^

TypeError: Cannot read property 'send' of null
    at process.killkid (C:\Users\krsarkar\AppData\Roaming\npm\node_modules\node-windows\lib\wrapper.js:177:10)
    at emitNone (events.js:86:13)
    at process.emit (events.js:188:7)
    at Signal.wrap.onsignal (internal/process.js:215:44)
Port 3000 is already in use
Port 3000 is already in use
Port 3000 is already in use
C:\Users\krsarkar\AppData\Roaming\npm\node_modules\node-windows\lib\wrapper.js:177
    child.send('shutdown');
         ^

TypeError: Cannot read property 'send' of null
    at process.killkid (C:\Users\krsarkar\AppData\Roaming\npm\node_modules\node-windows\lib\wrapper.js:177:10)
    at emitOne (events.js:96:13)
    at process.emit (events.js:191:7)
    at process.exit (internal/process.js:162:15)
    at monitor (C:\Users\krsarkar\AppData\Roaming\npm\node_modules\node-windows\lib\wrapper.js:99:17)
    at ChildProcess.<anonymous> (C:\Users\krsarkar\AppData\Roaming\npm\node_modules\node-windows\lib\wrapper.js:170:5)
    at emitTwo (events.js:106:13)
    at ChildProcess.emit (events.js:194:7)
    at Process.ChildProcess._handle.onexit (internal/child_process.js:215:12)
Port 3000 is already in use
Port 3000 is already in use
Port 3000 is already in use
C:\Users\krsarkar\AppData\Roaming\npm\node_modules\node-windows\lib\wrapper.js:177
    child.send('shutdown');
         ^

TypeError: Cannot read property 'send' of null
    at process.killkid (C:\Users\krsarkar\AppData\Roaming\npm\node_modules\node-windows\lib\wrapper.js:177:10)
    at emitOne (events.js:96:13)
    at process.emit (events.js:191:7)
    at process.exit (internal/process.js:162:15)
    at monitor (C:\Users\krsarkar\AppData\Roaming\npm\node_modules\node-windows\lib\wrapper.js:99:17)
    at ChildProcess.<anonymous> (C:\Users\krsarkar\AppData\Roaming\npm\node_modules\node-windows\lib\wrapper.js:170:5)
    at emitTwo (events.js:106:13)
    at ChildProcess.emit (events.js:194:7)
    at Process.ChildProcess._handle.onexit (internal/child_process.js:215:12)
Port 3000 is already in use
Port 3000 is already in use
Port 3000 is already in use
C:\Users\krsarkar\AppData\Roaming\npm\node_modules\node-windows\lib\wrapper.js:177
    child.send('shutdown');
         ^

TypeError: Cannot read property 'send' of null
    at process.killkid (C:\Users\krsarkar\AppData\Roaming\npm\node_modules\node-windows\lib\wrapper.js:177:10)
    at emitOne (events.js:96:13)
    at process.emit (events.js:191:7)
    at process.exit (internal/process.js:162:15)
    at monitor (C:\Users\krsarkar\AppData\Roaming\npm\node_modules\node-windows\lib\wrapper.js:99:17)
    at ChildProcess.<anonymous> (C:\Users\krsarkar\AppData\Roaming\npm\node_modules\node-windows\lib\wrapper.js:170:5)
    at emitTwo (events.js:106:13)
    at ChildProcess.emit (events.js:194:7)
    at Process.ChildProcess._handle.onexit (internal/child_process.js:215:12)
C:\Users\krsarkar\AppData\Roaming\npm\node_modules\node-windows\lib\wrapper.js:177
    child.send('shutdown');
         ^

TypeError: Cannot read property 'send' of null
    at process.killkid (C:\Users\krsarkar\AppData\Roaming\npm\node_modules\node-windows\lib\wrapper.js:177:10)
    at emitNone (events.js:86:13)
    at process.emit (events.js:188:7)
    at Signal.wrap.onsignal (internal/process.js:215:44)
Port 3000 is already in use
Port 3000 is already in use
Port 3000 is already in use
C:\Users\krsarkar\AppData\Roaming\npm\node_modules\node-windows\lib\wrapper.js:177
    child.send('shutdown');
         ^

TypeError: Cannot read property 'send' of null
    at process.killkid (C:\Users\krsarkar\AppData\Roaming\npm\node_modules\node-windows\lib\wrapper.js:177:10)
    at emitOne (events.js:96:13)
    at process.emit (events.js:191:7)
    at process.exit (internal/process.js:162:15)
    at monitor (C:\Users\krsarkar\AppData\Roaming\npm\node_modules\node-windows\lib\wrapper.js:99:17)
    at ChildProcess.<anonymous> (C:\Users\krsarkar\AppData\Roaming\npm\node_modules\node-windows\lib\wrapper.js:170:5)
    at emitTwo (events.js:106:13)
    at ChildProcess.emit (events.js:194:7)
    at Process.ChildProcess._handle.onexit (internal/child_process.js:215:12)
Port 3000 is already in use
Port 3000 is already in use
Port 3000 is already in use
C:\Users\krsarkar\AppData\Roaming\npm\node_modules\node-windows\lib\wrapper.js:177
    child.send('shutdown');
         ^

TypeError: Cannot read property 'send' of null
    at process.killkid (C:\Users\krsarkar\AppData\Roaming\npm\node_modules\node-windows\lib\wrapper.js:177:10)
    at emitOne (events.js:96:13)
    at process.emit (events.js:191:7)
    at process.exit (internal/process.js:162:15)
    at monitor (C:\Users\krsarkar\AppData\Roaming\npm\node_modules\node-windows\lib\wrapper.js:99:17)
    at ChildProcess.<anonymous> (C:\Users\krsarkar\AppData\Roaming\npm\node_modules\node-windows\lib\wrapper.js:170:5)
    at emitTwo (events.js:106:13)
    at ChildProcess.emit (events.js:194:7)
    at Process.ChildProcess._handle.onexit (internal/child_process.js:215:12)
Port 3000 is already in use
Port 3000 is already in use
Port 3000 is already in use
C:\Users\krsarkar\AppData\Roaming\npm\node_modules\node-windows\lib\wrapper.js:177
    child.send('shutdown');
         ^

TypeError: Cannot read property 'send' of null
    at process.killkid (C:\Users\krsarkar\AppData\Roaming\npm\node_modules\node-windows\lib\wrapper.js:177:10)
    at emitOne (events.js:96:13)
    at process.emit (events.js:191:7)
    at process.exit (internal/process.js:162:15)
    at monitor (C:\Users\krsarkar\AppData\Roaming\npm\node_modules\node-windows\lib\wrapper.js:99:17)
    at ChildProcess.<anonymous> (C:\Users\krsarkar\AppData\Roaming\npm\node_modules\node-windows\lib\wrapper.js:170:5)
    at emitTwo (events.js:106:13)
    at ChildProcess.emit (events.js:194:7)
    at Process.ChildProcess._handle.onexit (internal/child_process.js:215:12)
Port 3000 is already in use
Port 3000 is already in use
Port 3000 is already in use
C:\Users\krsarkar\AppData\Roaming\npm\node_modules\node-windows\lib\wrapper.js:177
    child.send('shutdown');
         ^

TypeError: Cannot read property 'send' of null
    at process.killkid (C:\Users\krsarkar\AppData\Roaming\npm\node_modules\node-windows\lib\wrapper.js:177:10)
    at emitOne (events.js:96:13)
    at process.emit (events.js:191:7)
    at process.exit (internal/process.js:162:15)
    at monitor (C:\Users\krsarkar\AppData\Roaming\npm\node_modules\node-windows\lib\wrapper.js:99:17)
    at ChildProcess.<anonymous> (C:\Users\krsarkar\AppData\Roaming\npm\node_modules\node-windows\lib\wrapper.js:170:5)
    at emitTwo (events.js:106:13)
    at ChildProcess.emit (events.js:194:7)
    at Process.ChildProcess._handle.onexit (internal/child_process.js:215:12)
C:\Users\krsarkar\AppData\Roaming\npm\node_modules\node-windows\lib\wrapper.js:177
    child.send('shutdown');
         ^

TypeError: Cannot read property 'send' of null
    at process.killkid (C:\Users\krsarkar\AppData\Roaming\npm\node_modules\node-windows\lib\wrapper.js:177:10)
    at emitNone (events.js:86:13)
    at process.emit (events.js:188:7)
    at Signal.wrap.onsignal (internal/process.js:215:44)
